#
# There is insufficient memory for the Java Runtime Environment to continue.
# Native memory allocation (mmap) failed to map 65536 bytes. Error detail: Failed to commit metaspace.
# Possible reasons:
#   The system is out of physical RAM or swap space
#   This process is running with CompressedOops enabled, and the Java Heap may be blocking the growth of the native heap
# Possible solutions:
#   Reduce memory load on the system
#   Increase physical memory or swap space
#   Check if swap backing store is full
#   Decrease Java heap size (-Xmx/-Xms)
#   Decrease number of Java threads
#   Decrease Java thread stack sizes (-Xss)
#   Set larger code cache with -XX:ReservedCodeCacheSize=
#   JVM is running with Unscaled Compressed Oops mode in which the Java heap is
#     placed in the first 4GB address space. The Java Heap base address is the
#     maximum limit for the native heap growth. Please use -XX:HeapBaseMinAddress
#     to set the Java Heap base and to place the Java Heap above 4GB virtual address.
# This output file may be truncated or incomplete.
#
#  Out of Memory Error (virtualSpaceNode.cpp:110), pid=21392, tid=18664
#
# JRE version: OpenJDK Runtime Environment Temurin-17.0.13+11 (17.0.13+11) (build 17.0.13+11)
# Java VM: OpenJDK 64-Bit Server VM Temurin-17.0.13+11 (17.0.13+11, mixed mode, tiered, compressed oops, compressed class ptrs, parallel gc, windows-amd64)
# No core dump will be written. Minidumps are not enabled by default on client versions of Windows
#

---------------  S U M M A R Y ------------

Command Line: --add-modules=ALL-SYSTEM --add-opens=java.base/java.util=ALL-UNNAMED --add-opens=java.base/java.lang=ALL-UNNAMED --add-opens=java.base/sun.nio.fs=ALL-UNNAMED -Declipse.application=org.eclipse.jdt.ls.core.id1 -Dosgi.bundles.defaultStartLevel=4 -Declipse.product=org.eclipse.jdt.ls.core.product -Djava.import.generatesMetadataFilesAtProjectRoot=false -DDetectVMInstallationsJob.disabled=true -Dfile.encoding=utf8 -XX:+UseParallelGC -XX:GCTimeRatio=4 -XX:AdaptiveSizePolicyWeight=90 -Dsun.zip.disableMemoryMapping=true -Xmx1G -Xms100m -Xlog:disable -javaagent:c:\Users\acer\.vscode\extensions\redhat.java-1.36.0-win32-x64\lombok\lombok-1.18.35.jar c:\Users\acer\.vscode\extensions\redhat.java-1.36.0-win32-x64\server\plugins\org.eclipse.equinox.launcher_1.6.900.v20240613-2009.jar -configuration c:\Users\acer\AppData\Roaming\Code\User\globalStorage\redhat.java\1.36.0\config_ss_win -data c:\Users\acer\AppData\Roaming\Code\User\workspaceStorage\d74b810386a082b132b1c7d3cf754bea\redhat.java\ss_ws --pipe=\\.\pipe\lsp-76d18343367550ee760f687dd9397c35-sock

Host: Intel(R) Core(TM) i3-1005G1 CPU @ 1.20GHz, 4 cores, 7G,  Windows 11 , 64 bit Build 22621 (10.0.22621.3958)
Time: Tue Nov  5 21:00:00 2024 Hora verano Sudamérica Pacífico elapsed time: 15.741512 seconds (0d 0h 0m 15s)

---------------  T H R E A D  ---------------

Current thread (0x000002233f51d9c0):  JavaThread "Compiler Processing Task" daemon [_thread_in_vm, id=18664, stack(0x000000a802600000,0x000000a802700000)]

Stack: [0x000000a802600000,0x000000a802700000]
Native frames: (J=compiled Java code, j=interpreted, Vv=VM code, C=native code)
V  [jvm.dll+0x682a19]
V  [jvm.dll+0x839538]
V  [jvm.dll+0x83afe3]
V  [jvm.dll+0x83b653]
V  [jvm.dll+0x24704f]
V  [jvm.dll+0x83530d]
V  [jvm.dll+0x62762e]
V  [jvm.dll+0x1bf044]
V  [jvm.dll+0x629f9f]
V  [jvm.dll+0x627ff6]
V  [jvm.dll+0x24493c]
V  [jvm.dll+0x6d93ad]
V  [jvm.dll+0x6d9d8f]
V  [jvm.dll+0x372395]
V  [jvm.dll+0x372206]
V  [jvm.dll+0x371414]
V  [jvm.dll+0x3713b8]
V  [jvm.dll+0x38151a]
C  0x000002232e52afbb

The last pc belongs to new (printed below).
Java frames: (J=compiled Java code, j=interpreted, Vv=VM code)
j  org.eclipse.jdt.internal.compiler.ClassFile.<init>(Lorg/eclipse/jdt/internal/compiler/lookup/SourceTypeBinding;)V+113
j  org.eclipse.jdt.internal.compiler.ClassFilePool.acquire(Lorg/eclipse/jdt/internal/compiler/lookup/SourceTypeBinding;)Lorg/eclipse/jdt/internal/compiler/ClassFile;+21
j  org.eclipse.jdt.internal.compiler.ClassFile.getNewInstance(Lorg/eclipse/jdt/internal/compiler/lookup/SourceTypeBinding;)Lorg/eclipse/jdt/internal/compiler/ClassFile;+13
j  org.eclipse.jdt.internal.compiler.ClassFile.createProblemType(Lorg/eclipse/jdt/internal/compiler/ast/TypeDeclaration;Lorg/eclipse/jdt/internal/compiler/ClassFile;Lorg/eclipse/jdt/internal/compiler/CompilationResult;)V+6
j  org.eclipse.jdt.internal.compiler.ClassFile.createProblemType(Lorg/eclipse/jdt/internal/compiler/ast/TypeDeclaration;Lorg/eclipse/jdt/internal/compiler/CompilationResult;)V+3
j  org.eclipse.jdt.internal.compiler.ast.TypeDeclaration.generateCode(Lorg/eclipse/jdt/internal/compiler/ClassFile;)V+50
j  org.eclipse.jdt.internal.compiler.ast.TypeDeclaration.generateCode(Lorg/eclipse/jdt/internal/compiler/lookup/CompilationUnitScope;)V+2
j  org.eclipse.jdt.internal.compiler.ast.CompilationUnitDeclaration.generateCode()V+88
j  org.eclipse.jdt.internal.compiler.Compiler.process(Lorg/eclipse/jdt/internal/compiler/ast/CompilationUnitDeclaration;I)V+149
j  org.eclipse.jdt.internal.compiler.ProcessTaskManager.processing()V+185
j  org.eclipse.jdt.internal.compiler.ProcessTaskManager$$Lambda$315+0x00000001004c41a8.run()V+4
j  java.util.concurrent.Executors$RunnableAdapter.call()Ljava/lang/Object;+4 java.base@17.0.13
j  java.util.concurrent.FutureTask.run()V+39 java.base@17.0.13
j  java.util.concurrent.ThreadPoolExecutor.runWorker(Ljava/util/concurrent/ThreadPoolExecutor$Worker;)V+92 java.base@17.0.13
j  java.util.concurrent.ThreadPoolExecutor$Worker.run()V+5 java.base@17.0.13
j  java.lang.Thread.run()V+11 java.base@17.0.13
v  ~StubRoutines::call_stub
new  187 new  [0x000002232e52ae20, 0x000002232e52b040]  544 bytes
[MachCode]
  0x000002232e52ae20: 4883 ec08 | c5fa 1104 | 24eb 1f48 | 83ec 10c5 | fb11 0424 | eb14 4883 | ec10 4889 | 0424 48c7 
  0x000002232e52ae40: 4424 0800 | 0000 00eb | 0150 410f | b755 010f | cac1 ea10 | 488b 4de8 | 488b 4908 | 488b 4908 
  0x000002232e52ae60: 488b 4108 | 807c 1004 | 070f 85d6 | 0000 0066 | 8b54 d148 | 488b 4928 | 488b 4cd1 | 0851 80b9 
  0x000002232e52ae80: 3301 0000 | 040f 85b9 | 0000 008b | 5108 f7c2 | 0100 0000 | 0f85 aa00 | 0000 498b | 8708 0100 
  0x000002232e52aea0: 0048 8d1c | 1049 3b9f | 1801 0000 | 0f87 9200 | 0000 4989 | 9f08 0100 | 00e9 0000 | 0000 4883 
  0x000002232e52aec0: ea10 0f84 | 0f00 0000 | 33c9 c1ea | 0348 894c | d008 48ff | ca75 f648 | c700 0100 | 0000 5933 
  0x000002232e52aee0: f689 700c | 48c1 e903 | 8948 0849 | ba7f c676 | a0f8 7f00 | 0041 803a | 000f 8440 | 0000 0050 
  0x000002232e52af00: 488b c848 | 83ec 20f7 | c40f 0000 | 000f 841a | 0000 0048 | 83ec 0849 | ba80 862c | a0f8 7f00 
  0x000002232e52af20: 0041 ffd2 | 4883 c408 | e90d 0000 | 0049 ba80 | 862c a0f8 | 7f00 0041 | ffd2 4883 | c420 58e9 
  0x000002232e52af40: cd00 0000 | 5948 8b55 | e848 8b52 | 0848 8b52 | 0845 0fb7 | 4501 410f | c841 c1e8 | 10e8 0500 
  0x000002232e52af60: 0000 e9aa | 0000 0048 | 8d44 2408 | 4c89 6dc0 | 498b cfc5 | f877 4989 | afa8 0200 | 0049 8987 
  0x000002232e52af80: 9802 0000 | 4883 ec20 | f7c4 0f00 | 0000 0f84 | 1a00 0000 | 4883 ec08 | 49ba 9014 | f69f f87f 
  0x000002232e52afa0: 0000 41ff | d248 83c4 | 08e9 0d00 | 0000 49ba | 9014 f69f | f87f 0000 | 41ff d248 | 83c4 2049 
  0x000002232e52afc0: c787 9802 | 0000 0000 | 0000 49c7 | 87a8 0200 | 0000 0000 | 0049 c787 | a002 0000 | 0000 0000 
  0x000002232e52afe0: c5f8 7749 | 817f 0800 | 0000 000f | 8405 0000 | 00e9 0a5f | feff 498b | 87f0 0200 | 0049 c787 
  0x000002232e52b000: f002 0000 | 0000 0000 | 4c8b 6dc0 | 4c8b 75c8 | c341 0fb6 | 5d03 4983 | c503 49ba | 0037 79a0 
  0x000002232e52b020: f87f 0000 | 41ff 24da | 0000 0000 | 0000 0000 | 0000 0000 | 0000 0000 | 0000 0000 | 0000 0000 
[/MachCode]

---------------  P R O C E S S  ---------------

Threads class SMR info:
_java_thread_list=0x00000223402006a0, length=33, elements={
0x0000022324350a50, 0x0000022338190030, 0x00000223381910a0, 0x00000223381be320,
0x00000223381bedf0, 0x00000223381bf9b0, 0x00000223381c2380, 0x00000223381c3120,
0x000002233d3953a0, 0x000002233d3af8a0, 0x000002233d46bd50, 0x000002233d67df90,
0x000002233dd63fb0, 0x000002233ddc21f0, 0x000002233dddb190, 0x000002233ddc2d70,
0x000002233e0d5e00, 0x000002233e0d58f0, 0x000002233e0d49c0, 0x000002233e0d4ed0,
0x000002233e0d53e0, 0x000002233e0d6820, 0x000002233e0d3a90, 0x000002233e0d6310,
0x000002233e0d44b0, 0x000002233e0d3070, 0x000002233e0d3580, 0x000002233f51f310,
0x000002233f51ee00, 0x000002233f520240, 0x000002233f521170, 0x000002233eea4220,
0x000002233f51d9c0
}

Java Threads: ( => current thread )
  0x0000022324350a50 JavaThread "main" [_thread_blocked, id=12008, stack(0x000000a800000000,0x000000a800100000)]
  0x0000022338190030 JavaThread "Reference Handler" daemon [_thread_blocked, id=19532, stack(0x000000a800300000,0x000000a800400000)]
  0x00000223381910a0 JavaThread "Finalizer" daemon [_thread_blocked, id=20424, stack(0x000000a800400000,0x000000a800500000)]
  0x00000223381be320 JavaThread "Signal Dispatcher" daemon [_thread_blocked, id=7032, stack(0x000000a800500000,0x000000a800600000)]
  0x00000223381bedf0 JavaThread "Attach Listener" daemon [_thread_blocked, id=16260, stack(0x000000a800600000,0x000000a800700000)]
  0x00000223381bf9b0 JavaThread "Service Thread" daemon [_thread_blocked, id=14088, stack(0x000000a800700000,0x000000a800800000)]
  0x00000223381c2380 JavaThread "Monitor Deflation Thread" daemon [_thread_blocked, id=10208, stack(0x000000a800800000,0x000000a800900000)]
  0x00000223381c3120 JavaThread "C2 CompilerThread0" daemon [_thread_blocked, id=2180, stack(0x000000a800900000,0x000000a800a00000)]
  0x000002233d3953a0 JavaThread "C1 CompilerThread0" daemon [_thread_blocked, id=6968, stack(0x000000a800a00000,0x000000a800b00000)]
  0x000002233d3af8a0 JavaThread "Sweeper thread" daemon [_thread_blocked, id=8096, stack(0x000000a800b00000,0x000000a800c00000)]
  0x000002233d46bd50 JavaThread "Common-Cleaner" daemon [_thread_blocked, id=13628, stack(0x000000a800c00000,0x000000a800d00000)]
  0x000002233d67df90 JavaThread "Notification Thread" daemon [_thread_blocked, id=20604, stack(0x000000a800d00000,0x000000a800e00000)]
  0x000002233dd63fb0 JavaThread "Active Thread: Equinox Container: ffc88411-4b8f-4467-ae0b-a50d0171640b" [_thread_blocked, id=14728, stack(0x000000a801200000,0x000000a801300000)]
  0x000002233ddc21f0 JavaThread "Framework Event Dispatcher: Equinox Container: ffc88411-4b8f-4467-ae0b-a50d0171640b" daemon [_thread_blocked, id=1172, stack(0x000000a801400000,0x000000a801500000)]
  0x000002233dddb190 JavaThread "Start Level: Equinox Container: ffc88411-4b8f-4467-ae0b-a50d0171640b" daemon [_thread_blocked, id=18060, stack(0x000000a801500000,0x000000a801600000)]
  0x000002233ddc2d70 JavaThread "SCR Component Actor" daemon [_thread_blocked, id=19240, stack(0x000000a801300000,0x000000a801400000)]
  0x000002233e0d5e00 JavaThread "Worker-JM" [_thread_blocked, id=6744, stack(0x000000a801700000,0x000000a801800000)]
  0x000002233e0d58f0 JavaThread "JNA Cleaner" daemon [_thread_blocked, id=5424, stack(0x000000a801800000,0x000000a801900000)]
  0x000002233e0d49c0 JavaThread "Worker-0: Building" [_thread_blocked, id=6140, stack(0x000000a801900000,0x000000a801a00000)]
  0x000002233e0d4ed0 JavaThread "Worker-1" [_thread_blocked, id=15656, stack(0x000000a801a00000,0x000000a801b00000)]
  0x000002233e0d53e0 JavaThread "Thread-2" daemon [_thread_in_native, id=10444, stack(0x000000a801c00000,0x000000a801d00000)]
  0x000002233e0d6820 JavaThread "Thread-3" daemon [_thread_in_native, id=13412, stack(0x000000a801d00000,0x000000a801e00000)]
  0x000002233e0d3a90 JavaThread "Thread-4" daemon [_thread_in_native, id=80, stack(0x000000a801e00000,0x000000a801f00000)]
  0x000002233e0d6310 JavaThread "Thread-5" daemon [_thread_in_native, id=10936, stack(0x000000a801f00000,0x000000a802000000)]
  0x000002233e0d44b0 JavaThread "Thread-6" daemon [_thread_in_native, id=16624, stack(0x000000a802000000,0x000000a802100000)]
  0x000002233e0d3070 JavaThread "pool-2-thread-1" [_thread_blocked, id=8988, stack(0x000000a802100000,0x000000a802200000)]
  0x000002233e0d3580 JavaThread "Worker-2" [_thread_blocked, id=8544, stack(0x000000a802200000,0x000000a802300000)]
  0x000002233f51f310 JavaThread "WorkspaceEventsHandler" [_thread_blocked, id=14944, stack(0x000000a802300000,0x000000a802400000)]
  0x000002233f51ee00 JavaThread "pool-1-thread-1" [_thread_blocked, id=20352, stack(0x000000a802400000,0x000000a802500000)]
  0x000002233f520240 JavaThread "Compiler Source File Reader" daemon [_thread_blocked, id=13684, stack(0x000000a801600000,0x000000a801700000)]
  0x000002233f521170 JavaThread "Compiler Source File Reader" daemon [_thread_blocked, id=14328, stack(0x000000a802500000,0x000000a802600000)]
  0x000002233eea4220 JavaThread "C2 CompilerThread1" daemon [_thread_in_native, id=20428, stack(0x000000a801b00000,0x000000a801c00000)]
=>0x000002233f51d9c0 JavaThread "Compiler Processing Task" daemon [_thread_in_vm, id=18664, stack(0x000000a802600000,0x000000a802700000)]

Other Threads:
  0x00000223380c88d0 VMThread "VM Thread" [stack: 0x000000a800200000,0x000000a800300000] [id=18280]
  0x000002233d67e470 WatcherThread [stack: 0x000000a800e00000,0x000000a800f00000] [id=15144]
  0x0000022324366340 GCTaskThread "GC Thread#0" [stack: 0x000000a800100000,0x000000a800200000] [id=5112]
  0x000002233da2fe20 GCTaskThread "GC Thread#1" [stack: 0x000000a800f00000,0x000000a801000000] [id=19200]
  0x000002233da304f0 GCTaskThread "GC Thread#2" [stack: 0x000000a801000000,0x000000a801100000] [id=17492]
  0x000002233da307b0 GCTaskThread "GC Thread#3" [stack: 0x000000a801100000,0x000000a801200000] [id=6476]

Threads with active compile tasks:
C2 CompilerThread1    15773 4524   !   4       org.eclipse.osgi.internal.loader.BundleLoader::findClass0 (470 bytes)

VM state: not at safepoint (normal execution)

VM Mutex/Monitor currently owned by a thread:  ([mutex/lock_event])
[0x000002232434b770] Metaspace_lock - owner thread: 0x000002233f51d9c0

Heap address: 0x00000000c0000000, size: 1024 MB, Compressed Oops mode: 32-bit

CDS archive(s) not mapped
Compressed class space mapped at: 0x0000000100000000-0x0000000140000000, reserved size: 1073741824
Narrow klass base: 0x0000000000000000, Narrow klass shift: 3, Narrow klass range: 0x140000000

GC Precious Log:
 CPUs: 4 total, 4 available
 Memory: 7981M
 Large Page Support: Disabled
 NUMA Support: Disabled
 Compressed Oops: Enabled (32-bit)
 Alignments: Space 512K, Generation 512K, Heap 2M
 Heap Min Capacity: 100M
 Heap Initial Capacity: 100M
 Heap Max Capacity: 1G
 Pre-touch: Disabled
 Parallel Workers: 4

Heap:
 PSYoungGen      total 22016K, used 14043K [0x00000000eab00000, 0x00000000ec280000, 0x0000000100000000)
  eden space 20480K, 66% used [0x00000000eab00000,0x00000000eb84ece0,0x00000000ebf00000)
  from space 1536K, 27% used [0x00000000ec000000,0x00000000ec068010,0x00000000ec180000)
  to   space 1024K, 0% used [0x00000000ec180000,0x00000000ec180000,0x00000000ec280000)
 ParOldGen       total 68608K, used 25268K [0x00000000c0000000, 0x00000000c4300000, 0x00000000eab00000)
  object space 68608K, 36% used [0x00000000c0000000,0x00000000c18ad0f0,0x00000000c4300000)
 Metaspace       used 45033K, committed 45824K, reserved 1114112K
  class space    used 4569K, committed 4928K, reserved 1048576K

Card table byte_map: [0x0000022323ce0000,0x0000022323ef0000] _byte_map_base: 0x00000223236e0000

Marking Bits: (ParMarkBitMap*) 0x00007ff8a0786940
 Begin Bits: [0x0000022335fe0000, 0x0000022336fe0000)
 End Bits:   [0x0000022336fe0000, 0x0000022337fe0000)

Polling page: 0x0000022322280000

Metaspace:

Usage:
  Non-class:     39.52 MB used.
      Class:      4.46 MB used.
       Both:     43.98 MB used.

Virtual space:
  Non-class space:       64.00 MB reserved,      39.94 MB ( 62%) committed,  1 nodes.
      Class space:        1.00 GB reserved,       4.81 MB ( <1%) committed,  1 nodes.
             Both:        1.06 GB reserved,      44.75 MB (  4%) committed. 

Chunk freelists:
   Non-Class:  7.55 MB
       Class:  11.22 MB
        Both:  18.77 MB

MaxMetaspaceSize: unlimited
CompressedClassSpaceSize: 1.00 GB
Initial GC threshold: 21.00 MB
Current GC threshold: 58.38 MB
CDS: off
MetaspaceReclaimPolicy: balanced
 - commit_granule_bytes: 65536.
 - commit_granule_words: 8192.
 - virtual_space_node_default_size: 8388608.
 - enlarge_chunks_in_place: 1.
 - new_chunks_are_fully_committed: 0.
 - uncommit_free_chunks: 1.
 - use_allocation_guard: 0.
 - handle_deallocations: 1.


Internal statistics:

num_allocs_failed_limit: 6.
num_arena_births: 496.
num_arena_deaths: 14.
num_vsnodes_births: 2.
num_vsnodes_deaths: 0.
num_space_committed: 716.
num_space_uncommitted: 0.
num_chunks_returned_to_freelist: 20.
num_chunks_taken_from_freelist: 2042.
num_chunk_merges: 8.
num_chunk_splits: 1298.
num_chunks_enlarged: 829.
num_inconsistent_stats: 0.

CodeHeap 'non-profiled nmethods': size=120000Kb used=2571Kb max_used=2571Kb free=117428Kb
 bounds [0x000002232eab0000, 0x000002232ed40000, 0x0000022335fe0000]
CodeHeap 'profiled nmethods': size=120000Kb used=9414Kb max_used=9414Kb free=110585Kb
 bounds [0x0000022326fe0000, 0x0000022327920000, 0x000002232e510000]
CodeHeap 'non-nmethods': size=5760Kb used=1342Kb max_used=1402Kb free=4418Kb
 bounds [0x000002232e510000, 0x000002232e780000, 0x000002232eab0000]
 total_blobs=5214 nmethods=4545 adapters=583
 compilation: enabled
              stopped_count=0, restarted_count=0
 full_count=0

Compilation events (20 events):
Event: 15.708 Thread 0x000002233d3953a0 4541       3       org.eclipse.jdt.internal.compiler.lookup.LookupEnvironment::getTypeFromSignature (376 bytes)
Event: 15.709 Thread 0x000002233d3953a0 nmethod 4541 0x000002232790df10 code [0x000002232790e1c0, 0x000002232790f228]
Event: 15.709 Thread 0x000002233d3953a0 4542       3       org.eclipse.jdt.internal.compiler.util.HashtableOfType::get (68 bytes)
Event: 15.710 Thread 0x000002233d3953a0 nmethod 4542 0x000002232790f710 code [0x000002232790f900, 0x000002232790fd98]
Event: 15.711 Thread 0x000002233d3953a0 4543       1       org.eclipse.jdt.internal.compiler.lookup.TypeBinding::isUnresolvedType (2 bytes)
Event: 15.711 Thread 0x000002233d3953a0 nmethod 4543 0x000002232ed32310 code [0x000002232ed324a0, 0x000002232ed32578]
Event: 15.711 Thread 0x000002233d3953a0 4544       3       org.eclipse.jdt.internal.compiler.env.ITypeAnnotationWalker$1::getAnnotationsAtCursor (4 bytes)
Event: 15.711 Thread 0x000002233d3953a0 nmethod 4544 0x0000022327910090 code [0x0000022327910220, 0x0000022327910338]
Event: 15.717 Thread 0x000002233d3953a0 4545       3       java.net.URI::isAbsolute (13 bytes)
Event: 15.717 Thread 0x000002233d3953a0 nmethod 4545 0x0000022327910410 code [0x00000223279105a0, 0x00000223279106f8]
Event: 15.718 Thread 0x000002233d3953a0 4546   !   3       lombok.eclipse.EclipseNode::$SWITCH_TABLE$lombok$core$AST$Kind (157 bytes)
Event: 15.719 Thread 0x000002233d3953a0 nmethod 4546 0x0000022327910790 code [0x00000223279109a0, 0x0000022327911068]
Event: 15.719 Thread 0x000002233d3953a0 4547       1       lombok.eclipse.EclipseNode::getAst (5 bytes)
Event: 15.720 Thread 0x000002233d3953a0 nmethod 4547 0x000002232ed32610 code [0x000002232ed327a0, 0x000002232ed32878]
Event: 15.720 Thread 0x000002233d3953a0 4548       3       org.eclipse.jdt.core.compiler.CharOperation::indexOf (10 bytes)
Event: 15.720 Thread 0x000002233d3953a0 nmethod 4548 0x0000022327911310 code [0x00000223279114a0, 0x00000223279115c8]
Event: 15.723 Thread 0x000002233d3953a0 4549       3       org.eclipse.jdt.internal.compiler.lookup.Binding::isValidBinding (11 bytes)
Event: 15.724 Thread 0x000002233d3953a0 nmethod 4549 0x0000022327911690 code [0x0000022327911840, 0x0000022327911a68]
Event: 15.724 Thread 0x00000223381c3120 4550       4       org.eclipse.osgi.internal.loader.ModuleClassLoader::loadClass (36 bytes)
Event: 15.729 Thread 0x00000223381c3120 nmethod 4550 0x000002232ed32910 code [0x000002232ed32ac0, 0x000002232ed32cb8]

GC Heap History (20 events):
Event: 10.790 GC heap before
{Heap before GC invocations=10 (full 1):
 PSYoungGen      total 27648K, used 11240K [0x00000000eab00000, 0x00000000ecb00000, 0x0000000100000000)
  eden space 23552K, 30% used [0x00000000eab00000,0x00000000eb21f5f0,0x00000000ec200000)
  from space 4096K, 96% used [0x00000000ec700000,0x00000000ecadacf0,0x00000000ecb00000)
  to   space 4096K, 0% used [0x00000000ec300000,0x00000000ec300000,0x00000000ec700000)
 ParOldGen       total 68608K, used 8690K [0x00000000c0000000, 0x00000000c4300000, 0x00000000eab00000)
  object space 68608K, 12% used [0x00000000c0000000,0x00000000c087c890,0x00000000c4300000)
 Metaspace       used 35192K, committed 35840K, reserved 1114112K
  class space    used 3498K, committed 3776K, reserved 1048576K
}
Event: 10.793 GC heap after
{Heap after GC invocations=10 (full 1):
 PSYoungGen      total 26112K, used 2480K [0x00000000eab00000, 0x00000000ec800000, 0x0000000100000000)
  eden space 23552K, 0% used [0x00000000eab00000,0x00000000eab00000,0x00000000ec200000)
  from space 2560K, 96% used [0x00000000ec300000,0x00000000ec56c180,0x00000000ec580000)
  to   space 2560K, 0% used [0x00000000ec580000,0x00000000ec580000,0x00000000ec800000)
 ParOldGen       total 68608K, used 10215K [0x00000000c0000000, 0x00000000c4300000, 0x00000000eab00000)
  object space 68608K, 14% used [0x00000000c0000000,0x00000000c09f9e70,0x00000000c4300000)
 Metaspace       used 35192K, committed 35840K, reserved 1114112K
  class space    used 3498K, committed 3776K, reserved 1048576K
}
Event: 10.793 GC heap before
{Heap before GC invocations=11 (full 2):
 PSYoungGen      total 26112K, used 2480K [0x00000000eab00000, 0x00000000ec800000, 0x0000000100000000)
  eden space 23552K, 0% used [0x00000000eab00000,0x00000000eab00000,0x00000000ec200000)
  from space 2560K, 96% used [0x00000000ec300000,0x00000000ec56c180,0x00000000ec580000)
  to   space 2560K, 0% used [0x00000000ec580000,0x00000000ec580000,0x00000000ec800000)
 ParOldGen       total 68608K, used 10215K [0x00000000c0000000, 0x00000000c4300000, 0x00000000eab00000)
  object space 68608K, 14% used [0x00000000c0000000,0x00000000c09f9e70,0x00000000c4300000)
 Metaspace       used 35192K, committed 35840K, reserved 1114112K
  class space    used 3498K, committed 3776K, reserved 1048576K
}
Event: 10.829 GC heap after
{Heap after GC invocations=11 (full 2):
 PSYoungGen      total 26112K, used 0K [0x00000000eab00000, 0x00000000ec800000, 0x0000000100000000)
  eden space 23552K, 0% used [0x00000000eab00000,0x00000000eab00000,0x00000000ec200000)
  from space 2560K, 0% used [0x00000000ec300000,0x00000000ec300000,0x00000000ec580000)
  to   space 2560K, 0% used [0x00000000ec580000,0x00000000ec580000,0x00000000ec800000)
 ParOldGen       total 68608K, used 12506K [0x00000000c0000000, 0x00000000c4300000, 0x00000000eab00000)
  object space 68608K, 18% used [0x00000000c0000000,0x00000000c0c36950,0x00000000c4300000)
 Metaspace       used 35192K, committed 35840K, reserved 1114112K
  class space    used 3498K, committed 3776K, reserved 1048576K
}
Event: 11.970 GC heap before
{Heap before GC invocations=12 (full 2):
 PSYoungGen      total 26112K, used 23523K [0x00000000eab00000, 0x00000000ec800000, 0x0000000100000000)
  eden space 23552K, 99% used [0x00000000eab00000,0x00000000ec1f8e90,0x00000000ec200000)
  from space 2560K, 0% used [0x00000000ec300000,0x00000000ec300000,0x00000000ec580000)
  to   space 2560K, 0% used [0x00000000ec580000,0x00000000ec580000,0x00000000ec800000)
 ParOldGen       total 68608K, used 12506K [0x00000000c0000000, 0x00000000c4300000, 0x00000000eab00000)
  object space 68608K, 18% used [0x00000000c0000000,0x00000000c0c36950,0x00000000c4300000)
 Metaspace       used 38681K, committed 39424K, reserved 1114112K
  class space    used 3897K, committed 4224K, reserved 1048576K
}
Event: 11.974 GC heap after
{Heap after GC invocations=12 (full 2):
 PSYoungGen      total 24576K, used 1418K [0x00000000eab00000, 0x00000000ec700000, 0x0000000100000000)
  eden space 23040K, 0% used [0x00000000eab00000,0x00000000eab00000,0x00000000ec180000)
  from space 1536K, 92% used [0x00000000ec580000,0x00000000ec6e2930,0x00000000ec700000)
  to   space 2048K, 0% used [0x00000000ec300000,0x00000000ec300000,0x00000000ec500000)
 ParOldGen       total 68608K, used 12514K [0x00000000c0000000, 0x00000000c4300000, 0x00000000eab00000)
  object space 68608K, 18% used [0x00000000c0000000,0x00000000c0c38950,0x00000000c4300000)
 Metaspace       used 38681K, committed 39424K, reserved 1114112K
  class space    used 3897K, committed 4224K, reserved 1048576K
}
Event: 12.772 GC heap before
{Heap before GC invocations=13 (full 2):
 PSYoungGen      total 24576K, used 24458K [0x00000000eab00000, 0x00000000ec700000, 0x0000000100000000)
  eden space 23040K, 100% used [0x00000000eab00000,0x00000000ec180000,0x00000000ec180000)
  from space 1536K, 92% used [0x00000000ec580000,0x00000000ec6e2930,0x00000000ec700000)
  to   space 2048K, 0% used [0x00000000ec300000,0x00000000ec300000,0x00000000ec500000)
 ParOldGen       total 68608K, used 12514K [0x00000000c0000000, 0x00000000c4300000, 0x00000000eab00000)
  object space 68608K, 18% used [0x00000000c0000000,0x00000000c0c38950,0x00000000c4300000)
 Metaspace       used 40497K, committed 41216K, reserved 1114112K
  class space    used 4128K, committed 4416K, reserved 1048576K
}
Event: 12.778 GC heap after
{Heap after GC invocations=13 (full 2):
 PSYoungGen      total 24576K, used 2016K [0x00000000eab00000, 0x00000000ec900000, 0x0000000100000000)
  eden space 22528K, 0% used [0x00000000eab00000,0x00000000eab00000,0x00000000ec100000)
  from space 2048K, 98% used [0x00000000ec300000,0x00000000ec4f8040,0x00000000ec500000)
  to   space 4096K, 0% used [0x00000000ec500000,0x00000000ec500000,0x00000000ec900000)
 ParOldGen       total 68608K, used 13896K [0x00000000c0000000, 0x00000000c4300000, 0x00000000eab00000)
  object space 68608K, 20% used [0x00000000c0000000,0x00000000c0d92208,0x00000000c4300000)
 Metaspace       used 40497K, committed 41216K, reserved 1114112K
  class space    used 4128K, committed 4416K, reserved 1048576K
}
Event: 13.142 GC heap before
{Heap before GC invocations=14 (full 2):
 PSYoungGen      total 24576K, used 24544K [0x00000000eab00000, 0x00000000ec900000, 0x0000000100000000)
  eden space 22528K, 100% used [0x00000000eab00000,0x00000000ec100000,0x00000000ec100000)
  from space 2048K, 98% used [0x00000000ec300000,0x00000000ec4f8040,0x00000000ec500000)
  to   space 4096K, 0% used [0x00000000ec500000,0x00000000ec500000,0x00000000ec900000)
 ParOldGen       total 68608K, used 13896K [0x00000000c0000000, 0x00000000c4300000, 0x00000000eab00000)
  object space 68608K, 20% used [0x00000000c0000000,0x00000000c0d92208,0x00000000c4300000)
 Metaspace       used 40602K, committed 41344K, reserved 1114112K
  class space    used 4133K, committed 4416K, reserved 1048576K
}
Event: 13.149 GC heap after
{Heap after GC invocations=14 (full 2):
 PSYoungGen      total 24576K, used 2353K [0x00000000eab00000, 0x00000000ec780000, 0x0000000100000000)
  eden space 22016K, 0% used [0x00000000eab00000,0x00000000eab00000,0x00000000ec080000)
  from space 2560K, 91% used [0x00000000ec500000,0x00000000ec74c410,0x00000000ec780000)
  to   space 3072K, 0% used [0x00000000ec180000,0x00000000ec180000,0x00000000ec480000)
 ParOldGen       total 68608K, used 15826K [0x00000000c0000000, 0x00000000c4300000, 0x00000000eab00000)
  object space 68608K, 23% used [0x00000000c0000000,0x00000000c0f749d0,0x00000000c4300000)
 Metaspace       used 40602K, committed 41344K, reserved 1114112K
  class space    used 4133K, committed 4416K, reserved 1048576K
}
Event: 13.458 GC heap before
{Heap before GC invocations=15 (full 2):
 PSYoungGen      total 24576K, used 24369K [0x00000000eab00000, 0x00000000ec780000, 0x0000000100000000)
  eden space 22016K, 100% used [0x00000000eab00000,0x00000000ec080000,0x00000000ec080000)
  from space 2560K, 91% used [0x00000000ec500000,0x00000000ec74c410,0x00000000ec780000)
  to   space 3072K, 0% used [0x00000000ec180000,0x00000000ec180000,0x00000000ec480000)
 ParOldGen       total 68608K, used 15826K [0x00000000c0000000, 0x00000000c4300000, 0x00000000eab00000)
  object space 68608K, 23% used [0x00000000c0000000,0x00000000c0f749d0,0x00000000c4300000)
 Metaspace       used 40873K, committed 41664K, reserved 1114112K
  class space    used 4156K, committed 4480K, reserved 1048576K
}
Event: 13.465 GC heap after
{Heap after GC invocations=15 (full 2):
 PSYoungGen      total 24576K, used 2338K [0x00000000eab00000, 0x00000000ec580000, 0x0000000100000000)
  eden space 22016K, 0% used [0x00000000eab00000,0x00000000eab00000,0x00000000ec080000)
  from space 2560K, 91% used [0x00000000ec180000,0x00000000ec3c8810,0x00000000ec400000)
  to   space 1536K, 0% used [0x00000000ec400000,0x00000000ec400000,0x00000000ec580000)
 ParOldGen       total 68608K, used 18016K [0x00000000c0000000, 0x00000000c4300000, 0x00000000eab00000)
  object space 68608K, 26% used [0x00000000c0000000,0x00000000c1198250,0x00000000c4300000)
 Metaspace       used 40873K, committed 41664K, reserved 1114112K
  class space    used 4156K, committed 4480K, reserved 1048576K
}
Event: 13.587 GC heap before
{Heap before GC invocations=16 (full 2):
 PSYoungGen      total 24576K, used 24354K [0x00000000eab00000, 0x00000000ec580000, 0x0000000100000000)
  eden space 22016K, 100% used [0x00000000eab00000,0x00000000ec080000,0x00000000ec080000)
  from space 2560K, 91% used [0x00000000ec180000,0x00000000ec3c8810,0x00000000ec400000)
  to   space 1536K, 0% used [0x00000000ec400000,0x00000000ec400000,0x00000000ec580000)
 ParOldGen       total 68608K, used 18016K [0x00000000c0000000, 0x00000000c4300000, 0x00000000eab00000)
  object space 68608K, 26% used [0x00000000c0000000,0x00000000c1198250,0x00000000c4300000)
 Metaspace       used 41198K, committed 41984K, reserved 1114112K
  class space    used 4208K, committed 4544K, reserved 1048576K
}
Event: 13.597 GC heap after
{Heap after GC invocations=16 (full 2):
 PSYoungGen      total 22016K, used 1536K [0x00000000eab00000, 0x00000000eca80000, 0x0000000100000000)
  eden space 20480K, 0% used [0x00000000eab00000,0x00000000eab00000,0x00000000ebf00000)
  from space 1536K, 100% used [0x00000000ec400000,0x00000000ec580000,0x00000000ec580000)
  to   space 5120K, 0% used [0x00000000ebf00000,0x00000000ebf00000,0x00000000ec400000)
 ParOldGen       total 68608K, used 20756K [0x00000000c0000000, 0x00000000c4300000, 0x00000000eab00000)
  object space 68608K, 30% used [0x00000000c0000000,0x00000000c14450e0,0x00000000c4300000)
 Metaspace       used 41198K, committed 41984K, reserved 1114112K
  class space    used 4208K, committed 4544K, reserved 1048576K
}
Event: 13.794 GC heap before
{Heap before GC invocations=17 (full 2):
 PSYoungGen      total 22016K, used 22016K [0x00000000eab00000, 0x00000000eca80000, 0x0000000100000000)
  eden space 20480K, 100% used [0x00000000eab00000,0x00000000ebf00000,0x00000000ebf00000)
  from space 1536K, 100% used [0x00000000ec400000,0x00000000ec580000,0x00000000ec580000)
  to   space 5120K, 0% used [0x00000000ebf00000,0x00000000ebf00000,0x00000000ec400000)
 ParOldGen       total 68608K, used 20756K [0x00000000c0000000, 0x00000000c4300000, 0x00000000eab00000)
  object space 68608K, 30% used [0x00000000c0000000,0x00000000c14450e0,0x00000000c4300000)
 Metaspace       used 41351K, committed 42176K, reserved 1114112K
  class space    used 4223K, committed 4544K, reserved 1048576K
}
Event: 13.802 GC heap after
{Heap after GC invocations=17 (full 2):
 PSYoungGen      total 23040K, used 2176K [0x00000000eab00000, 0x00000000ec500000, 0x0000000100000000)
  eden space 20480K, 0% used [0x00000000eab00000,0x00000000eab00000,0x00000000ebf00000)
  from space 2560K, 85% used [0x00000000ebf00000,0x00000000ec120010,0x00000000ec180000)
  to   space 3072K, 0% used [0x00000000ec200000,0x00000000ec200000,0x00000000ec500000)
 ParOldGen       total 68608K, used 22308K [0x00000000c0000000, 0x00000000c4300000, 0x00000000eab00000)
  object space 68608K, 32% used [0x00000000c0000000,0x00000000c15c90e0,0x00000000c4300000)
 Metaspace       used 41351K, committed 42176K, reserved 1114112K
  class space    used 4223K, committed 4544K, reserved 1048576K
}
Event: 14.072 GC heap before
{Heap before GC invocations=18 (full 2):
 PSYoungGen      total 23040K, used 22656K [0x00000000eab00000, 0x00000000ec500000, 0x0000000100000000)
  eden space 20480K, 100% used [0x00000000eab00000,0x00000000ebf00000,0x00000000ebf00000)
  from space 2560K, 85% used [0x00000000ebf00000,0x00000000ec120010,0x00000000ec180000)
  to   space 3072K, 0% used [0x00000000ec200000,0x00000000ec200000,0x00000000ec500000)
 ParOldGen       total 68608K, used 22308K [0x00000000c0000000, 0x00000000c4300000, 0x00000000eab00000)
  object space 68608K, 32% used [0x00000000c0000000,0x00000000c15c90e0,0x00000000c4300000)
 Metaspace       used 41954K, committed 42752K, reserved 1114112K
  class space    used 4287K, committed 4608K, reserved 1048576K
}
Event: 14.076 GC heap after
{Heap after GC invocations=18 (full 2):
 PSYoungGen      total 21504K, used 928K [0x00000000eab00000, 0x00000000ec300000, 0x0000000100000000)
  eden space 20480K, 0% used [0x00000000eab00000,0x00000000eab00000,0x00000000ebf00000)
  from space 1024K, 90% used [0x00000000ec200000,0x00000000ec2e8000,0x00000000ec300000)
  to   space 1536K, 0% used [0x00000000ec000000,0x00000000ec000000,0x00000000ec180000)
 ParOldGen       total 68608K, used 24404K [0x00000000c0000000, 0x00000000c4300000, 0x00000000eab00000)
  object space 68608K, 35% used [0x00000000c0000000,0x00000000c17d50f0,0x00000000c4300000)
 Metaspace       used 41954K, committed 42752K, reserved 1114112K
  class space    used 4287K, committed 4608K, reserved 1048576K
}
Event: 15.054 GC heap before
{Heap before GC invocations=19 (full 2):
 PSYoungGen      total 21504K, used 21408K [0x00000000eab00000, 0x00000000ec300000, 0x0000000100000000)
  eden space 20480K, 100% used [0x00000000eab00000,0x00000000ebf00000,0x00000000ebf00000)
  from space 1024K, 90% used [0x00000000ec200000,0x00000000ec2e8000,0x00000000ec300000)
  to   space 1536K, 0% used [0x00000000ec000000,0x00000000ec000000,0x00000000ec180000)
 ParOldGen       total 68608K, used 24404K [0x00000000c0000000, 0x00000000c4300000, 0x00000000eab00000)
  object space 68608K, 35% used [0x00000000c0000000,0x00000000c17d50f0,0x00000000c4300000)
 Metaspace       used 43161K, committed 43904K, reserved 1114112K
  class space    used 4409K, committed 4736K, reserved 1048576K
}
Event: 15.056 GC heap after
{Heap after GC invocations=19 (full 2):
 PSYoungGen      total 22016K, used 416K [0x00000000eab00000, 0x00000000ec280000, 0x0000000100000000)
  eden space 20480K, 0% used [0x00000000eab00000,0x00000000eab00000,0x00000000ebf00000)
  from space 1536K, 27% used [0x00000000ec000000,0x00000000ec068010,0x00000000ec180000)
  to   space 1024K, 0% used [0x00000000ec180000,0x00000000ec180000,0x00000000ec280000)
 ParOldGen       total 68608K, used 25268K [0x00000000c0000000, 0x00000000c4300000, 0x00000000eab00000)
  object space 68608K, 36% used [0x00000000c0000000,0x00000000c18ad0f0,0x00000000c4300000)
 Metaspace       used 43161K, committed 43904K, reserved 1114112K
  class space    used 4409K, committed 4736K, reserved 1048576K
}

Dll operation events (10 events):
Event: 0.024 Loaded shared library c:\Users\acer\.vscode\extensions\redhat.java-1.36.0-win32-x64\jre\17.0.13-win32-x86_64\bin\java.dll
Event: 0.374 Loaded shared library c:\Users\acer\.vscode\extensions\redhat.java-1.36.0-win32-x64\jre\17.0.13-win32-x86_64\bin\zip.dll
Event: 0.380 Loaded shared library C:\Users\acer\.vscode\extensions\redhat.java-1.36.0-win32-x64\jre\17.0.13-win32-x86_64\bin\instrument.dll
Event: 0.412 Loaded shared library C:\Users\acer\.vscode\extensions\redhat.java-1.36.0-win32-x64\jre\17.0.13-win32-x86_64\bin\net.dll
Event: 0.421 Loaded shared library C:\Users\acer\.vscode\extensions\redhat.java-1.36.0-win32-x64\jre\17.0.13-win32-x86_64\bin\nio.dll
Event: 0.444 Loaded shared library C:\Users\acer\.vscode\extensions\redhat.java-1.36.0-win32-x64\jre\17.0.13-win32-x86_64\bin\zip.dll
Event: 0.490 Loaded shared library C:\Users\acer\.vscode\extensions\redhat.java-1.36.0-win32-x64\jre\17.0.13-win32-x86_64\bin\jimage.dll
Event: 0.636 Loaded shared library c:\Users\acer\.vscode\extensions\redhat.java-1.36.0-win32-x64\jre\17.0.13-win32-x86_64\bin\verify.dll
Event: 3.824 Loaded shared library C:\Users\acer\AppData\Roaming\Code\User\globalStorage\redhat.java\1.36.0\config_ss_win\org.eclipse.equinox.launcher\org.eclipse.equinox.launcher.win32.win32.x86_64_1.2.1100.v20240722-2106\eclipse_11904.dll
Event: 7.293 Loaded shared library C:\Users\acer\AppData\Local\Temp\jna-2988111\jna9578849378860734731.dll

Deoptimization events (20 events):
Event: 15.467 Thread 0x000002233e0d49c0 Uncommon trap: trap_request=0xffffff45 fr.pc=0x000002232ec70eb0 relative=0x0000000000000270
Event: 15.467 Thread 0x000002233e0d49c0 Uncommon trap: reason=unstable_if action=reinterpret pc=0x000002232ec70eb0 method=jdk.internal.jimage.ImageStringsReader.stringFromByteBufferMatches(Ljava/nio/ByteBuffer;ILjava/lang/String;I)I @ 59 c2
Event: 15.467 Thread 0x000002233e0d49c0 DEOPT PACKING pc=0x000002232ec70eb0 sp=0x000000a8019fd430
Event: 15.467 Thread 0x000002233e0d49c0 DEOPT UNPACKING pc=0x000002232e569ea3 sp=0x000000a8019fd3a8 mode 2
Event: 15.470 Thread 0x000002233e0d49c0 Uncommon trap: trap_request=0xffffff45 fr.pc=0x000002232ec98068 relative=0x0000000000000c28
Event: 15.470 Thread 0x000002233e0d49c0 Uncommon trap: reason=unstable_if action=reinterpret pc=0x000002232ec98068 method=jdk.internal.jrtfs.JrtFileSystem.checkNode(Ljdk/internal/jrtfs/JrtPath;)Ljdk/internal/jimage/ImageReader$Node; @ 16 c2
Event: 15.470 Thread 0x000002233e0d49c0 DEOPT PACKING pc=0x000002232ec98068 sp=0x000000a8019fd6c0
Event: 15.470 Thread 0x000002233e0d49c0 DEOPT UNPACKING pc=0x000002232e569ea3 sp=0x000000a8019fd6c0 mode 2
Event: 15.607 Thread 0x000002233e0d49c0 Uncommon trap: trap_request=0xffffff6e fr.pc=0x000002232ecb894c relative=0x00000000000003ac
Event: 15.607 Thread 0x000002233e0d49c0 Uncommon trap: reason=loop_limit_check action=maybe_recompile pc=0x000002232ecb894c method=org.eclipse.jdt.internal.compiler.classfmt.ClassFileStruct.utf8At(II)[C @ 143 c2
Event: 15.607 Thread 0x000002233e0d49c0 DEOPT PACKING pc=0x000002232ecb894c sp=0x000000a8019fd510
Event: 15.607 Thread 0x000002233e0d49c0 DEOPT UNPACKING pc=0x000002232e569ea3 sp=0x000000a8019fd4a8 mode 2
Event: 15.628 Thread 0x000002233e0d49c0 Uncommon trap: trap_request=0xffffffde fr.pc=0x000002232ec3b2c8 relative=0x0000000000000368
Event: 15.628 Thread 0x000002233e0d49c0 Uncommon trap: reason=class_check action=maybe_recompile pc=0x000002232ec3b2c8 method=java.util.HashMap.removeNode(ILjava/lang/Object;Ljava/lang/Object;ZZ)Ljava/util/HashMap$Node; @ 283 c2
Event: 15.628 Thread 0x000002233e0d49c0 DEOPT PACKING pc=0x000002232ec3b2c8 sp=0x000000a8019fe0b0
Event: 15.628 Thread 0x000002233e0d49c0 DEOPT UNPACKING pc=0x000002232e569ea3 sp=0x000000a8019fdf98 mode 2
Event: 15.697 Thread 0x000002233f51ee00 Uncommon trap: trap_request=0xffffffc6 fr.pc=0x000002232ec7db3c relative=0x000000000000009c
Event: 15.697 Thread 0x000002233f51ee00 Uncommon trap: reason=bimorphic_or_optimized_type_check action=maybe_recompile pc=0x000002232ec7db3c method=java.util.stream.Sink$ChainedReference.cancellationRequested()Z @ 4 c2
Event: 15.697 Thread 0x000002233f51ee00 DEOPT PACKING pc=0x000002232ec7db3c sp=0x000000a8024fddc0
Event: 15.697 Thread 0x000002233f51ee00 DEOPT UNPACKING pc=0x000002232e569ea3 sp=0x000000a8024fdcf0 mode 2

Classes loaded (20 events):
Event: 15.439 Loading class java/util/Hashtable$ValueCollection
Event: 15.439 Loading class java/util/Hashtable$ValueCollection done
Event: 15.549 Loading class java/util/stream/ReduceOps$4
Event: 15.560 Loading class java/util/stream/ReduceOps$4 done
Event: 15.560 Loading class java/util/stream/ReduceOps$4ReducingSink
Event: 15.562 Loading class java/util/stream/ReduceOps$4ReducingSink done
Event: 15.568 Loading class java/nio/file/Files$2
Event: 15.568 Loading class java/nio/file/Files$2 done
Event: 15.569 Loading class java/util/stream/MatchOps$MatchKind
Event: 15.569 Loading class java/util/stream/MatchOps$MatchKind done
Event: 15.569 Loading class java/util/stream/MatchOps
Event: 15.570 Loading class java/util/stream/MatchOps done
Event: 15.570 Loading class java/util/stream/MatchOps$MatchOp
Event: 15.570 Loading class java/util/stream/MatchOps$MatchOp done
Event: 15.571 Loading class java/util/stream/MatchOps$BooleanTerminalSink
Event: 15.571 Loading class java/util/stream/MatchOps$BooleanTerminalSink done
Event: 15.571 Loading class java/util/stream/MatchOps$1MatchSink
Event: 15.571 Loading class java/util/stream/MatchOps$1MatchSink done
Event: 15.713 Loading class java/util/concurrent/ArrayBlockingQueue
Event: 15.714 Loading class java/util/concurrent/ArrayBlockingQueue done

Classes unloaded (7 events):
Event: 6.000 Thread 0x00000223380c88d0 Unloading class 0x000000010021b800 'java/lang/invoke/LambdaForm$MH+0x000000010021b800'
Event: 6.000 Thread 0x00000223380c88d0 Unloading class 0x000000010021b400 'java/lang/invoke/LambdaForm$MH+0x000000010021b400'
Event: 6.000 Thread 0x00000223380c88d0 Unloading class 0x000000010021b000 'java/lang/invoke/LambdaForm$MH+0x000000010021b000'
Event: 6.000 Thread 0x00000223380c88d0 Unloading class 0x000000010021ac00 'java/lang/invoke/LambdaForm$MH+0x000000010021ac00'
Event: 6.000 Thread 0x00000223380c88d0 Unloading class 0x000000010021a800 'java/lang/invoke/LambdaForm$BMH+0x000000010021a800'
Event: 6.000 Thread 0x00000223380c88d0 Unloading class 0x000000010021a400 'java/lang/invoke/LambdaForm$DMH+0x000000010021a400'
Event: 6.000 Thread 0x00000223380c88d0 Unloading class 0x0000000100214800 'java/lang/invoke/LambdaForm$DMH+0x0000000100214800'

Classes redefined (0 events):
No events

Internal exceptions (20 events):
Event: 12.251 Thread 0x000002233f51ee00 Exception <a 'java/lang/NoSuchMethodError'{0x00000000eb122be8}: 'java.lang.Object java.lang.invoke.Invokers$Holder.invoke_MT(java.lang.Object, java.lang.Object, java.lang.Object)'> (0x00000000eb122be8) 
thrown [s\src\hotspot\share\interpreter\linkResolver.cpp, line 759]
Event: 12.493 Thread 0x000002233e0d49c0 Exception <a 'java/lang/NoSuchMethodError'{0x00000000eb6dc520}: 'java.lang.Object java.lang.invoke.DirectMethodHandle$Holder.invokeStaticInit(java.lang.Object, java.lang.Object, java.lang.Object, java.lang.Object, java.lang.Object, java.lang.Object, java.lang.Object)'> (0x00000000eb6dc520) 
thrown [s\src\hotspot\share\interpreter\linkResolver.cpp, line 759]
Event: 12.493 Thread 0x000002233f51ee00 Exception <a 'java/lang/NoSuchMethodError'{0x00000000eb69dee0}: 'java.lang.Object java.lang.invoke.DirectMethodHandle$Holder.invokeStaticInit(java.lang.Object, java.lang.Object, java.lang.Object, java.lang.Object, java.lang.Object, java.lang.Object, java.lang.Object)'> (0x00000000eb69dee0) 
thrown [s\src\hotspot\share\interpreter\linkResolver.cpp, line 759]
Event: 12.494 Thread 0x000002233e0d49c0 Exception <a 'java/lang/NoSuchMethodError'{0x00000000eb6e5a00}: 'java.lang.Object java.lang.invoke.DirectMethodHandle$Holder.invokeSpecial(java.lang.Object, java.lang.Object, java.lang.Object, java.lang.Object, java.lang.Object, java.lang.Object, java.lang.Object, java.lang.Object, java.lang.Object, java.lang.Object)'> (0x00000000eb6e5a00) 
thrown [s\src\hotspot\share\interpreter\linkResolver.cpp, line 759]
Event: 12.495 Thread 0x000002233e0d49c0 Exception <a 'java/lang/NoSuchMethodError'{0x00000000eb6ea5b0}: 'java.lang.Object java.lang.invoke.Invokers$Holder.invoke_MT(java.lang.Object, java.lang.Object, java.lang.Object, java.lang.Object, java.lang.Object, java.lang.Object, java.lang.Object, java.lang.Object, java.lang.Object, java.lang.Object)'> (0x00000000eb6ea5b0) 
thrown [s\src\hotspot\share\interpreter\linkResolver.cpp, line 759]
Event: 12.506 Thread 0x000002233e0d49c0 Exception <a 'java/lang/NoSuchMethodError'{0x00000000eb7335a0}: 'int java.lang.invoke.DirectMethodHandle$Holder.invokeVirtual(java.lang.Object, java.lang.Object, java.lang.Object)'> (0x00000000eb7335a0) 
thrown [s\src\hotspot\share\interpreter\linkResolver.cpp, line 759]
Event: 12.507 Thread 0x000002233e0d49c0 Exception <a 'java/lang/NoSuchMethodError'{0x00000000eb7373b0}: 'int java.lang.invoke.DirectMethodHandle$Holder.invokeVirtual(java.lang.Object, java.lang.Object)'> (0x00000000eb7373b0) 
thrown [s\src\hotspot\share\interpreter\linkResolver.cpp, line 759]
Event: 12.508 Thread 0x000002233e0d49c0 Exception <a 'java/lang/NoSuchMethodError'{0x00000000eb73bb80}: 'int java.lang.invoke.DirectMethodHandle$Holder.invokeStaticInit(java.lang.Object, int, int)'> (0x00000000eb73bb80) 
thrown [s\src\hotspot\share\interpreter\linkResolver.cpp, line 759]
Event: 12.509 Thread 0x000002233e0d49c0 Exception <a 'java/lang/NoSuchMethodError'{0x00000000eb743bb0}: 'int java.lang.invoke.DirectMethodHandle$Holder.invokeStaticInit(java.lang.Object, long, long)'> (0x00000000eb743bb0) 
thrown [s\src\hotspot\share\interpreter\linkResolver.cpp, line 759]
Event: 12.509 Thread 0x000002233e0d49c0 Exception <a 'java/lang/NoSuchMethodError'{0x00000000eb74b130}: 'int java.lang.invoke.DirectMethodHandle$Holder.invokeStaticInit(java.lang.Object, float, float)'> (0x00000000eb74b130) 
thrown [s\src\hotspot\share\interpreter\linkResolver.cpp, line 759]
Event: 12.510 Thread 0x000002233e0d49c0 Exception <a 'java/lang/NoSuchMethodError'{0x00000000eb752470}: 'int java.lang.invoke.DirectMethodHandle$Holder.invokeStaticInit(java.lang.Object, double, double)'> (0x00000000eb752470) 
thrown [s\src\hotspot\share\interpreter\linkResolver.cpp, line 759]
Event: 12.512 Thread 0x000002233e0d49c0 Exception <a 'java/lang/NoSuchMethodError'{0x00000000eb757028}: 'int java.lang.invoke.DirectMethodHandle$Holder.invokeStatic(java.lang.Object, long)'> (0x00000000eb757028) 
thrown [s\src\hotspot\share\interpreter\linkResolver.cpp, line 759]
Event: 12.519 Thread 0x000002233e0d49c0 Exception <a 'java/lang/NoSuchMethodError'{0x00000000eb780498}: 'int java.lang.invoke.Invokers$Holder.linkToTargetMethod(java.lang.Object, java.lang.Object)'> (0x00000000eb780498) 
thrown [s\src\hotspot\share\interpreter\linkResolver.cpp, line 759]
Event: 12.570 Thread 0x000002233f51ee00 Exception <a 'java/lang/NoSuchMethodError'{0x00000000eb6ac680}: 'int java.lang.invoke.DirectMethodHandle$Holder.invokeSpecial(java.lang.Object, java.lang.Object, java.lang.Object, java.lang.Object)'> (0x00000000eb6ac680) 
thrown [s\src\hotspot\share\interpreter\linkResolver.cpp, line 759]
Event: 12.578 Thread 0x000002233f51ee00 Exception <a 'java/lang/NoSuchMethodError'{0x00000000eb6c9328}: 'java.lang.Object java.lang.invoke.DirectMethodHandle$Holder.invokeStatic(java.lang.Object, int, java.lang.Object, java.lang.Object)'> (0x00000000eb6c9328) 
thrown [s\src\hotspot\share\interpreter\linkResolver.cpp, line 759]
Event: 12.578 Thread 0x000002233f51ee00 Exception <a 'java/lang/NoSuchMethodError'{0x00000000eb925e08}: 'java.lang.Object java.lang.invoke.DelegatingMethodHandle$Holder.delegate(java.lang.Object, int, java.lang.Object, java.lang.Object)'> (0x00000000eb925e08) 
thrown [s\src\hotspot\share\interpreter\linkResolver.cpp, line 759]
Event: 12.582 Thread 0x000002233f51ee00 Exception <a 'java/lang/NoSuchMethodError'{0x00000000eb93b4c8}: 'int java.lang.invoke.Invokers$Holder.linkToTargetMethod(java.lang.Object, java.lang.Object, java.lang.Object)'> (0x00000000eb93b4c8) 
thrown [s\src\hotspot\share\interpreter\linkResolver.cpp, line 759]
Event: 13.950 Thread 0x000002233e0d49c0 Exception <a 'java/lang/NoSuchMethodError'{0x00000000eb9056b8}: 'java.lang.Object java.lang.invoke.DirectMethodHandle$Holder.invokeVirtual(java.lang.Object, java.lang.Object, java.lang.Object)'> (0x00000000eb9056b8) 
thrown [s\src\hotspot\share\interpreter\linkResolver.cpp, line 759]
Event: 15.020 Thread 0x000002233f51ee00 Implicit null exception at 0x000002232ed159cf to 0x000002232ed16668
Event: 15.574 Thread 0x000002233e0d49c0 Exception <a 'java/lang/NoSuchMethodError'{0x00000000eb32f2c8}: 'int java.lang.invoke.DirectMethodHandle$Holder.invokeSpecialIFC(java.lang.Object, java.lang.Object, java.lang.Object)'> (0x00000000eb32f2c8) 
thrown [s\src\hotspot\share\interpreter\linkResolver.cpp, line 759]

VM Operations (20 events):
Event: 12.772 Executing VM operation: ParallelGCFailedAllocation
Event: 12.778 Executing VM operation: ParallelGCFailedAllocation done
Event: 13.142 Executing VM operation: ParallelGCFailedAllocation
Event: 13.149 Executing VM operation: ParallelGCFailedAllocation done
Event: 13.458 Executing VM operation: ParallelGCFailedAllocation
Event: 13.465 Executing VM operation: ParallelGCFailedAllocation done
Event: 13.513 Executing VM operation: HandshakeAllThreads
Event: 13.513 Executing VM operation: HandshakeAllThreads done
Event: 13.576 Executing VM operation: ParallelGCFailedAllocation
Event: 13.597 Executing VM operation: ParallelGCFailedAllocation done
Event: 13.794 Executing VM operation: ParallelGCFailedAllocation
Event: 13.802 Executing VM operation: ParallelGCFailedAllocation done
Event: 14.072 Executing VM operation: ParallelGCFailedAllocation
Event: 14.076 Executing VM operation: ParallelGCFailedAllocation done
Event: 15.054 Executing VM operation: ParallelGCFailedAllocation
Event: 15.056 Executing VM operation: ParallelGCFailedAllocation done
Event: 15.613 Executing VM operation: HandshakeAllThreads
Event: 15.613 Executing VM operation: HandshakeAllThreads done
Event: 15.702 Executing VM operation: HandshakeAllThreads
Event: 15.702 Executing VM operation: HandshakeAllThreads done

Memory protections (0 events):
No events

Nmethod flushes (0 events):
No events

Events (20 events):
Event: 8.724 Thread 0x000002233d3953a0 Thread added: 0x000002233d654030
Event: 8.920 Thread 0x000002233d654030 Thread exited: 0x000002233d654030
Event: 9.558 Thread 0x000002233d3953a0 Thread added: 0x000002233d654030
Event: 9.890 Thread 0x000002233dddb190 Thread added: 0x000002233e0d6310
Event: 10.064 Thread 0x000002233e0d6310 Thread exited: 0x000002233e0d6310
Event: 10.451 Thread 0x0000022324350a50 Thread added: 0x000002233e0d53e0
Event: 10.452 Thread 0x0000022324350a50 Thread added: 0x000002233e0d6820
Event: 10.452 Thread 0x0000022324350a50 Thread added: 0x000002233e0d3a90
Event: 10.452 Thread 0x0000022324350a50 Thread added: 0x000002233e0d6310
Event: 10.452 Thread 0x0000022324350a50 Thread added: 0x000002233e0d44b0
Event: 10.478 Thread 0x0000022324350a50 Thread added: 0x000002233e0d3070
Event: 10.682 Thread 0x000002233e0d49c0 Thread added: 0x000002233e0d3580
Event: 10.964 Thread 0x0000022324350a50 Thread added: 0x000002233f51f310
Event: 10.965 Thread 0x0000022324350a50 Thread added: 0x000002233f51ee00
Event: 13.415 Thread 0x000002233ddbf460 Thread exited: 0x000002233ddbf460
Event: 14.114 Thread 0x000002233e0d49c0 Thread added: 0x000002233f520240
Event: 14.117 Thread 0x000002233e0d49c0 Thread added: 0x000002233f521170
Event: 14.243 Thread 0x000002233d654030 Thread exited: 0x000002233d654030
Event: 15.683 Thread 0x000002233d3953a0 Thread added: 0x000002233eea4220
Event: 15.716 Thread 0x000002233e0d49c0 Thread added: 0x000002233f51d9c0


Dynamic libraries:
0x00007ff766bb0000 - 0x00007ff766bbe000 	c:\Users\acer\.vscode\extensions\redhat.java-1.36.0-win32-x64\jre\17.0.13-win32-x86_64\bin\java.exe
0x00007ff961330000 - 0x00007ff961547000 	C:\WINDOWS\SYSTEM32\ntdll.dll
0x00007ff9610e0000 - 0x00007ff9611a4000 	C:\WINDOWS\System32\KERNEL32.DLL
0x00007ff95eca0000 - 0x00007ff95f057000 	C:\WINDOWS\System32\KERNELBASE.dll
0x00007ff95e9e0000 - 0x00007ff95eaf1000 	C:\WINDOWS\System32\ucrtbase.dll
0x00007ff9571f0000 - 0x00007ff957207000 	c:\Users\acer\.vscode\extensions\redhat.java-1.36.0-win32-x64\jre\17.0.13-win32-x86_64\bin\jli.dll
0x00007ff95f710000 - 0x00007ff95f8bf000 	C:\WINDOWS\System32\USER32.dll
0x00007ff95e6e0000 - 0x00007ff95e706000 	C:\WINDOWS\System32\win32u.dll
0x00007ff95f8c0000 - 0x00007ff95f8e9000 	C:\WINDOWS\System32\GDI32.dll
0x00007ff948c30000 - 0x00007ff948c4e000 	c:\Users\acer\.vscode\extensions\redhat.java-1.36.0-win32-x64\jre\17.0.13-win32-x86_64\bin\VCRUNTIME140.dll
0x00007ff95eb80000 - 0x00007ff95ec98000 	C:\WINDOWS\System32\gdi32full.dll
0x00007ff95e710000 - 0x00007ff95e7aa000 	C:\WINDOWS\System32\msvcp_win.dll
0x00007ff946ce0000 - 0x00007ff946f73000 	C:\WINDOWS\WinSxS\amd64_microsoft.windows.common-controls_6595b64144ccf1df_6.0.22621.3672_none_2713b9d173822955\COMCTL32.dll
0x00007ff95f8f0000 - 0x00007ff95f997000 	C:\WINDOWS\System32\msvcrt.dll
0x00007ff95f210000 - 0x00007ff95f241000 	C:\WINDOWS\System32\IMM32.DLL
0x00007ff9580a0000 - 0x00007ff9580ac000 	c:\Users\acer\.vscode\extensions\redhat.java-1.36.0-win32-x64\jre\17.0.13-win32-x86_64\bin\vcruntime140_1.dll
0x00007ff8eba80000 - 0x00007ff8ebb0d000 	c:\Users\acer\.vscode\extensions\redhat.java-1.36.0-win32-x64\jre\17.0.13-win32-x86_64\bin\msvcp140.dll
0x00007ff89fbe0000 - 0x00007ff8a084b000 	c:\Users\acer\.vscode\extensions\redhat.java-1.36.0-win32-x64\jre\17.0.13-win32-x86_64\bin\server\jvm.dll
0x00007ff95ffb0000 - 0x00007ff960062000 	C:\WINDOWS\System32\ADVAPI32.dll
0x00007ff961240000 - 0x00007ff9612e8000 	C:\WINDOWS\System32\sechost.dll
0x00007ff95e640000 - 0x00007ff95e668000 	C:\WINDOWS\System32\bcrypt.dll
0x00007ff95f4f0000 - 0x00007ff95f604000 	C:\WINDOWS\System32\RPCRT4.dll
0x00007ff960a80000 - 0x00007ff960af1000 	C:\WINDOWS\System32\WS2_32.dll
0x00007ff95e510000 - 0x00007ff95e55d000 	C:\WINDOWS\SYSTEM32\POWRPROF.dll
0x00007ff956810000 - 0x00007ff956844000 	C:\WINDOWS\SYSTEM32\WINMM.dll
0x00007ff9545e0000 - 0x00007ff9545ea000 	C:\WINDOWS\SYSTEM32\VERSION.dll
0x00007ff95e4f0000 - 0x00007ff95e503000 	C:\WINDOWS\SYSTEM32\UMPDC.dll
0x00007ff95d690000 - 0x00007ff95d6a8000 	C:\WINDOWS\SYSTEM32\kernel.appcore.dll
0x00007ff9572b0000 - 0x00007ff9572ba000 	c:\Users\acer\.vscode\extensions\redhat.java-1.36.0-win32-x64\jre\17.0.13-win32-x86_64\bin\jimage.dll
0x00007ff94bd00000 - 0x00007ff94bf32000 	C:\WINDOWS\SYSTEM32\DBGHELP.DLL
0x00007ff95fba0000 - 0x00007ff95ff2e000 	C:\WINDOWS\System32\combase.dll
0x00007ff95f250000 - 0x00007ff95f327000 	C:\WINDOWS\System32\OLEAUT32.dll
0x00007ff93d3d0000 - 0x00007ff93d402000 	C:\WINDOWS\SYSTEM32\dbgcore.DLL
0x00007ff95eb00000 - 0x00007ff95eb7b000 	C:\WINDOWS\System32\bcryptPrimitives.dll
0x00007ff957180000 - 0x00007ff95718e000 	c:\Users\acer\.vscode\extensions\redhat.java-1.36.0-win32-x64\jre\17.0.13-win32-x86_64\bin\instrument.dll
0x00007ff90a280000 - 0x00007ff90a2a5000 	c:\Users\acer\.vscode\extensions\redhat.java-1.36.0-win32-x64\jre\17.0.13-win32-x86_64\bin\java.dll
0x00007ff926ad0000 - 0x00007ff926ae8000 	c:\Users\acer\.vscode\extensions\redhat.java-1.36.0-win32-x64\jre\17.0.13-win32-x86_64\bin\zip.dll
0x00007ff960100000 - 0x00007ff960969000 	C:\WINDOWS\System32\SHELL32.dll
0x00007ff95c5b0000 - 0x00007ff95ceaf000 	C:\WINDOWS\SYSTEM32\windows.storage.dll
0x00007ff95c470000 - 0x00007ff95c5af000 	C:\WINDOWS\SYSTEM32\wintypes.dll
0x00007ff95f610000 - 0x00007ff95f709000 	C:\WINDOWS\System32\SHCORE.dll
0x00007ff95f9a0000 - 0x00007ff95f9fe000 	C:\WINDOWS\System32\shlwapi.dll
0x00007ff95e570000 - 0x00007ff95e597000 	C:\WINDOWS\SYSTEM32\profapi.dll
0x00007ff91eb20000 - 0x00007ff91eb39000 	C:\Users\acer\.vscode\extensions\redhat.java-1.36.0-win32-x64\jre\17.0.13-win32-x86_64\bin\net.dll
0x00007ff956310000 - 0x00007ff956446000 	C:\WINDOWS\SYSTEM32\WINHTTP.dll
0x00007ff95db00000 - 0x00007ff95db69000 	C:\WINDOWS\system32\mswsock.dll
0x00007ff91dec0000 - 0x00007ff91ded6000 	C:\Users\acer\.vscode\extensions\redhat.java-1.36.0-win32-x64\jre\17.0.13-win32-x86_64\bin\nio.dll
0x00007ff9544d0000 - 0x00007ff9544e0000 	c:\Users\acer\.vscode\extensions\redhat.java-1.36.0-win32-x64\jre\17.0.13-win32-x86_64\bin\verify.dll
0x00007ff8e8f50000 - 0x00007ff8e8f95000 	C:\Users\acer\AppData\Roaming\Code\User\globalStorage\redhat.java\1.36.0\config_ss_win\org.eclipse.equinox.launcher\org.eclipse.equinox.launcher.win32.win32.x86_64_1.2.1100.v20240722-2106\eclipse_11904.dll
0x00007ff95f060000 - 0x00007ff95f205000 	C:\WINDOWS\System32\ole32.dll
0x00007ff95dd50000 - 0x00007ff95dd6b000 	C:\WINDOWS\SYSTEM32\CRYPTSP.dll
0x00007ff95d5f0000 - 0x00007ff95d625000 	C:\WINDOWS\system32\rsaenh.dll
0x00007ff95dbf0000 - 0x00007ff95dc18000 	C:\WINDOWS\SYSTEM32\USERENV.dll
0x00007ff95dd70000 - 0x00007ff95dd7c000 	C:\WINDOWS\SYSTEM32\CRYPTBASE.dll
0x00007ff95d150000 - 0x00007ff95d17d000 	C:\WINDOWS\SYSTEM32\IPHLPAPI.DLL
0x00007ff95ff30000 - 0x00007ff95ff39000 	C:\WINDOWS\System32\NSI.dll
0x00007ff954770000 - 0x00007ff954789000 	C:\WINDOWS\SYSTEM32\dhcpcsvc6.DLL
0x00007ff954720000 - 0x00007ff95473f000 	C:\WINDOWS\SYSTEM32\dhcpcsvc.DLL
0x00007ff95d180000 - 0x00007ff95d282000 	C:\WINDOWS\SYSTEM32\DNSAPI.dll
0x00007ff8e8eb0000 - 0x00007ff8e8ef9000 	C:\Users\acer\AppData\Local\Temp\jna-2988111\jna9578849378860734731.dll
0x00007ff95fb90000 - 0x00007ff95fb98000 	C:\WINDOWS\System32\PSAPI.DLL

dbghelp: loaded successfully - version: 4.0.5 - missing functions: none
symbol engine: initialized successfully - sym options: 0x614 - pdb path: .;c:\Users\acer\.vscode\extensions\redhat.java-1.36.0-win32-x64\jre\17.0.13-win32-x86_64\bin;C:\WINDOWS\SYSTEM32;C:\WINDOWS\WinSxS\amd64_microsoft.windows.common-controls_6595b64144ccf1df_6.0.22621.3672_none_2713b9d173822955;c:\Users\acer\.vscode\extensions\redhat.java-1.36.0-win32-x64\jre\17.0.13-win32-x86_64\bin\server;C:\Users\acer\AppData\Roaming\Code\User\globalStorage\redhat.java\1.36.0\config_ss_win\org.eclipse.equinox.launcher\org.eclipse.equinox.launcher.win32.win32.x86_64_1.2.1100.v20240722-2106;C:\Users\acer\AppData\Local\Temp\jna-2988111

VM Arguments:
jvm_args: --add-modules=ALL-SYSTEM --add-opens=java.base/java.util=ALL-UNNAMED --add-opens=java.base/java.lang=ALL-UNNAMED --add-opens=java.base/sun.nio.fs=ALL-UNNAMED -Declipse.application=org.eclipse.jdt.ls.core.id1 -Dosgi.bundles.defaultStartLevel=4 -Declipse.product=org.eclipse.jdt.ls.core.product -Djava.import.generatesMetadataFilesAtProjectRoot=false -DDetectVMInstallationsJob.disabled=true -Dfile.encoding=utf8 -XX:+UseParallelGC -XX:GCTimeRatio=4 -XX:AdaptiveSizePolicyWeight=90 -Dsun.zip.disableMemoryMapping=true -Xmx1G -Xms100m -Xlog:disable -javaagent:c:\Users\acer\.vscode\extensions\redhat.java-1.36.0-win32-x64\lombok\lombok-1.18.35.jar 
java_command: c:\Users\acer\.vscode\extensions\redhat.java-1.36.0-win32-x64\server\plugins\org.eclipse.equinox.launcher_1.6.900.v20240613-2009.jar -configuration c:\Users\acer\AppData\Roaming\Code\User\globalStorage\redhat.java\1.36.0\config_ss_win -data c:\Users\acer\AppData\Roaming\Code\User\workspaceStorage\d74b810386a082b132b1c7d3cf754bea\redhat.java\ss_ws --pipe=\\.\pipe\lsp-76d18343367550ee760f687dd9397c35-sock
java_class_path (initial): c:\Users\acer\.vscode\extensions\redhat.java-1.36.0-win32-x64\server\plugins\org.eclipse.equinox.launcher_1.6.900.v20240613-2009.jar
Launcher Type: SUN_STANDARD

[Global flags]
    uintx AdaptiveSizePolicyWeight                 = 90                                        {product} {command line}
     intx CICompilerCount                          = 3                                         {product} {ergonomic}
    uintx GCTimeRatio                              = 4                                         {product} {command line}
   size_t InitialHeapSize                          = 104857600                                 {product} {command line}
   size_t MaxHeapSize                              = 1073741824                                {product} {command line}
   size_t MaxNewSize                               = 357564416                                 {product} {ergonomic}
   size_t MinHeapDeltaBytes                        = 524288                                    {product} {ergonomic}
   size_t MinHeapSize                              = 104857600                                 {product} {command line}
   size_t NewSize                                  = 34603008                                  {product} {ergonomic}
    uintx NonNMethodCodeHeapSize                   = 5832780                                {pd product} {ergonomic}
    uintx NonProfiledCodeHeapSize                  = 122912730                              {pd product} {ergonomic}
   size_t OldSize                                  = 70254592                                  {product} {ergonomic}
    uintx ProfiledCodeHeapSize                     = 122912730                              {pd product} {ergonomic}
    uintx ReservedCodeCacheSize                    = 251658240                              {pd product} {ergonomic}
     bool SegmentedCodeCache                       = true                                      {product} {ergonomic}
   size_t SoftMaxHeapSize                          = 1073741824                             {manageable} {ergonomic}
     bool UseCompressedClassPointers               = true                           {product lp64_product} {ergonomic}
     bool UseCompressedOops                        = true                           {product lp64_product} {ergonomic}
     bool UseLargePagesIndividualAllocation        = false                                  {pd product} {ergonomic}
     bool UseParallelGC                            = true                                      {product} {command line}

Logging:
Log output configuration:
 #0: stdout all=off uptime,level,tags
 #1: stderr all=off uptime,level,tags

Environment Variables:
CLASSPATH=.;.;C:\PROGRA~2\JMF21~1.1E\lib\sound.jar;C:\PROGRA~2\JMF21~1.1E\lib\jmf.jar;C:\PROGRA~2\JMF21~1.1E\lib;
PATH=C:\Program Files\Common Files\Oracle\Java\javapath;C:\WINDOWS\system32;C:\WINDOWS;C:\WINDOWS\System32\Wbem;C:\WINDOWS\System32\WindowsPowerShell\v1.0\;C:\WINDOWS\System32\OpenSSH\;C:\Program Files\Git\cmd;C:\Users\acer\OneDrive\Escritorio\sablecc-3.7\sablecc-3.7\bin;C:\Program Files (x86)\Microsoft SQL Server\160\Tools\Binn\;C:\Program Files\Microsoft SQL Server\160\Tools\Binn\;C:\Program Files\Microsoft SQL Server\Client SDK\ODBC\170\Tools\Binn\;C:\Program Files\Microsoft SQL Server\160\DTS\Binn\;C:\Program Files (x86)\Microsoft SQL Server\160\DTS\Binn\;C:\workspace\apache-maven-3.9.9-bin\apache-maven-3.9.9\bin;C:\Users\acer\AppData\Local\Programs\Python\Python312\Scripts\;C:\Users\acer\AppData\Local\Programs\Python\Python312\;C:\Users\acer\AppData\Local\Microsoft\WindowsApps;C:\Program Files\JetBrains\IntelliJ IDEA 2021.2.1\bin;;C:\Users\acer\AppData\Local\Programs\Microsoft VS Code\bin;C:\Program Files\MySQL\MySQL Server 8.0\bin;C:\Users\acer\AppData\Local\GitHubDesktop\bin
USERNAME=acer
OS=Windows_NT
PROCESSOR_IDENTIFIER=Intel64 Family 6 Model 126 Stepping 5, GenuineIntel
TMP=C:\Users\acer\AppData\Local\Temp
TEMP=C:\Users\acer\AppData\Local\Temp



Periodic native trim disabled


---------------  S Y S T E M  ---------------

OS:
 Windows 11 , 64 bit Build 22621 (10.0.22621.3958)
OS uptime: 0 days 2:12 hours

CPU: total 4 (initial active 4) (2 cores per cpu, 2 threads per core) family 6 model 126 stepping 5 microcode 0x86, cx8, cmov, fxsr, ht, mmx, 3dnowpref, sse, sse2, sse3, ssse3, sse4.1, sse4.2, popcnt, lzcnt, tsc, tscinvbit, avx, avx2, aes, erms, clmul, bmi1, bmi2, adx, avx512f, avx512dq, avx512cd, avx512bw, avx512vl, sha, fma, vzeroupper, avx512_vpopcntdq, avx512_vpclmulqdq, avx512_vaes, avx512_vnni, clflush, clflushopt, avx512_vbmi2, avx512_vbmi
Processor Information for all 4 processors :
  Max Mhz: 1190, Current Mhz: 1190, Mhz Limit: 1190

Memory: 4k page, system-wide physical 7981M (1063M free)
TotalPageFile size 12350M (AvailPageFile size 4M)
current process WorkingSet (physical memory assigned to process): 196M, peak: 196M
current process commit charge ("private bytes"): 267M, peak: 272M

vm_info: OpenJDK 64-Bit Server VM (17.0.13+11) for windows-amd64 JRE (17.0.13+11), built on Oct 16 2024 00:10:08 by "admin" with MS VC++ 17.7 (VS2022)

END.
