#
# There is insufficient memory for the Java Runtime Environment to continue.
# Native memory allocation (malloc) failed to allocate 1549296 bytes. Error detail: Chunk::new
# Possible reasons:
#   The system is out of physical RAM or swap space
#   This process is running with CompressedOops enabled, and the Java Heap may be blocking the growth of the native heap
# Possible solutions:
#   Reduce memory load on the system
#   Increase physical memory or swap space
#   Check if swap backing store is full
#   Decrease Java heap size (-Xmx/-Xms)
#   Decrease number of Java threads
#   Decrease Java thread stack sizes (-Xss)
#   Set larger code cache with -XX:ReservedCodeCacheSize=
#   JVM is running with Unscaled Compressed Oops mode in which the Java heap is
#     placed in the first 4GB address space. The Java Heap base address is the
#     maximum limit for the native heap growth. Please use -XX:HeapBaseMinAddress
#     to set the Java Heap base and to place the Java Heap above 4GB virtual address.
# This output file may be truncated or incomplete.
#
#  Out of Memory Error (arena.cpp:191), pid=16240, tid=20660
#
# JRE version: OpenJDK Runtime Environment Temurin-17.0.13+11 (17.0.13+11) (build 17.0.13+11)
# Java VM: OpenJDK 64-Bit Server VM Temurin-17.0.13+11 (17.0.13+11, mixed mode, tiered, compressed oops, compressed class ptrs, parallel gc, windows-amd64)
# No core dump will be written. Minidumps are not enabled by default on client versions of Windows
#

---------------  S U M M A R Y ------------

Command Line: --add-modules=ALL-SYSTEM --add-opens=java.base/java.util=ALL-UNNAMED --add-opens=java.base/java.lang=ALL-UNNAMED --add-opens=java.base/sun.nio.fs=ALL-UNNAMED -Declipse.application=org.eclipse.jdt.ls.core.id1 -Dosgi.bundles.defaultStartLevel=4 -Declipse.product=org.eclipse.jdt.ls.core.product -Djava.import.generatesMetadataFilesAtProjectRoot=false -DDetectVMInstallationsJob.disabled=true -Dfile.encoding=utf8 -XX:+UseParallelGC -XX:GCTimeRatio=4 -XX:AdaptiveSizePolicyWeight=90 -Dsun.zip.disableMemoryMapping=true -Xmx1G -Xms100m -Xlog:disable -javaagent:c:\Users\acer\.vscode\extensions\redhat.java-1.36.0-win32-x64\lombok\lombok-1.18.35.jar -XX:+HeapDumpOnOutOfMemoryError -XX:HeapDumpPath=c:\Users\acer\AppData\Roaming\Code\User\workspaceStorage\d74b810386a082b132b1c7d3cf754bea\redhat.java -Daether.dependencyCollector.impl=bf c:\Users\acer\.vscode\extensions\redhat.java-1.36.0-win32-x64\server\plugins\org.eclipse.equinox.launcher_1.6.900.v20240613-2009.jar -configuration c:\Users\acer\AppData\Roaming\Code\User\globalStorage\redhat.java\1.36.0\config_win -data c:\Users\acer\AppData\Roaming\Code\User\workspaceStorage\d74b810386a082b132b1c7d3cf754bea\redhat.java\jdt_ws --pipe=\\.\pipe\lsp-fa6379fb3b083014a71479dcf5d92c48-sock

Host: Intel(R) Core(TM) i3-1005G1 CPU @ 1.20GHz, 4 cores, 7G,  Windows 11 , 64 bit Build 22621 (10.0.22621.3958)
Time: Tue Nov  5 20:40:01 2024 Hora verano Sudamérica Pacífico elapsed time: 59.611397 seconds (0d 0h 0m 59s)

---------------  T H R E A D  ---------------

Current thread (0x00000127b5f5c7c0):  JavaThread "C2 CompilerThread0" daemon [_thread_in_native, id=20660, stack(0x0000000100e00000,0x0000000100f00000)]


Current CompileTask:
C2:  59611 12156   !   4       org.eclipse.jdt.internal.core.search.indexing.BinaryIndexer::indexDocument (1157 bytes)

Stack: [0x0000000100e00000,0x0000000100f00000]
Native frames: (J=compiled Java code, j=interpreted, Vv=VM code, C=native code)
V  [jvm.dll+0x682a19]
V  [jvm.dll+0x839538]
V  [jvm.dll+0x83afe3]
V  [jvm.dll+0x83b653]
V  [jvm.dll+0x24704f]
V  [jvm.dll+0xace34]
V  [jvm.dll+0xad4cc]
V  [jvm.dll+0x36592f]
V  [jvm.dll+0x1ba793]
V  [jvm.dll+0x2181a7]
V  [jvm.dll+0x21748f]
V  [jvm.dll+0x1a3070]
V  [jvm.dll+0x22788c]
V  [jvm.dll+0x2259eb]
V  [jvm.dll+0x7eec98]
V  [jvm.dll+0x7e8ffc]
V  [jvm.dll+0x6818f7]
C  [ucrtbase.dll+0x29333]
C  [KERNEL32.DLL+0x1257d]
C  [ntdll.dll+0x5af08]


---------------  P R O C E S S  ---------------

Threads class SMR info:
_java_thread_list=0x00000127fda18010, length=50, elements={
0x00000127a0197590, 0x00000127b5f20020, 0x00000127b5f21380, 0x00000127b5f577c0,
0x00000127b5f58290, 0x00000127b5f58e50, 0x00000127b5f59a10, 0x00000127b5f5c7c0,
0x00000127fb183f70, 0x00000127fb186c40, 0x00000127fb1fa7e0, 0x00000127fb3e6e30,
0x00000127fb9ae2e0, 0x00000127fbfbd860, 0x00000127fc228030, 0x00000127fc4ca2f0,
0x00000127fc6cb380, 0x00000127fc625f90, 0x00000127fc626ec0, 0x00000127fc6264a0,
0x00000127fc625a80, 0x00000127fc628300, 0x00000127fc627df0, 0x00000127fc628810,
0x00000127fc6269b0, 0x00000127fc6273d0, 0x00000127fc6278e0, 0x00000127fde71cf0,
0x00000127fde754a0, 0x00000127fde75ec0, 0x00000127fde70dc0, 0x00000127fde76df0,
0x00000127fde78740, 0x00000127fde72c20, 0x00000127fde712d0, 0x00000127fde72200,
0x00000127fde763d0, 0x00000127fde73130, 0x00000127fde768e0, 0x00000127fde72710,
0x00000127fde73640, 0x00000127fde759b0, 0x00000127fde74570, 0x00000127fde74f90,
0x00000127fc625060, 0x00000127fc625570, 0x00000127fde717e0, 0x00000127fddbc9b0,
0x00000127fddbe300, 0x00000127fddbe810
}

Java Threads: ( => current thread )
  0x00000127a0197590 JavaThread "main" [_thread_blocked, id=20072, stack(0x0000000100400000,0x0000000100500000)]
  0x00000127b5f20020 JavaThread "Reference Handler" daemon [_thread_blocked, id=13968, stack(0x0000000100800000,0x0000000100900000)]
  0x00000127b5f21380 JavaThread "Finalizer" daemon [_thread_blocked, id=7668, stack(0x0000000100900000,0x0000000100a00000)]
  0x00000127b5f577c0 JavaThread "Signal Dispatcher" daemon [_thread_blocked, id=18920, stack(0x0000000100a00000,0x0000000100b00000)]
  0x00000127b5f58290 JavaThread "Attach Listener" daemon [_thread_blocked, id=18504, stack(0x0000000100b00000,0x0000000100c00000)]
  0x00000127b5f58e50 JavaThread "Service Thread" daemon [_thread_blocked, id=13048, stack(0x0000000100c00000,0x0000000100d00000)]
  0x00000127b5f59a10 JavaThread "Monitor Deflation Thread" daemon [_thread_blocked, id=13448, stack(0x0000000100d00000,0x0000000100e00000)]
=>0x00000127b5f5c7c0 JavaThread "C2 CompilerThread0" daemon [_thread_in_native, id=20660, stack(0x0000000100e00000,0x0000000100f00000)]
  0x00000127fb183f70 JavaThread "C1 CompilerThread0" daemon [_thread_in_vm, id=10092, stack(0x0000000100f00000,0x0000000101000000)]
  0x00000127fb186c40 JavaThread "Sweeper thread" daemon [_thread_blocked, id=19564, stack(0x0000000101000000,0x0000000101100000)]
  0x00000127fb1fa7e0 JavaThread "Common-Cleaner" daemon [_thread_blocked, id=12044, stack(0x0000000101100000,0x0000000101200000)]
  0x00000127fb3e6e30 JavaThread "Notification Thread" daemon [_thread_blocked, id=9444, stack(0x0000000101200000,0x0000000101300000)]
  0x00000127fb9ae2e0 JavaThread "Active Thread: Equinox Container: adc8e1b7-3310-4fb0-953a-d4d034615242" [_thread_blocked, id=17992, stack(0x0000000101800000,0x0000000101900000)]
  0x00000127fbfbd860 JavaThread "Refresh Thread: Equinox Container: adc8e1b7-3310-4fb0-953a-d4d034615242" daemon [_thread_blocked, id=10280, stack(0x0000000101900000,0x0000000101a00000)]
  0x00000127fc228030 JavaThread "Framework Event Dispatcher: Equinox Container: adc8e1b7-3310-4fb0-953a-d4d034615242" daemon [_thread_blocked, id=11912, stack(0x0000000101700000,0x0000000101800000)]
  0x00000127fc4ca2f0 JavaThread "Start Level: Equinox Container: adc8e1b7-3310-4fb0-953a-d4d034615242" daemon [_thread_blocked, id=17492, stack(0x0000000101a00000,0x0000000101b00000)]
  0x00000127fc6cb380 JavaThread "Bundle File Closer" daemon [_thread_blocked, id=18060, stack(0x0000000101c00000,0x0000000101d00000)]
  0x00000127fc625f90 JavaThread "SCR Component Actor" daemon [_thread_blocked, id=11980, stack(0x0000000101d00000,0x0000000101e00000)]
  0x00000127fc626ec0 JavaThread "Worker-JM" [_thread_blocked, id=2212, stack(0x0000000101e00000,0x0000000101f00000)]
  0x00000127fc6264a0 JavaThread "JNA Cleaner" daemon [_thread_blocked, id=19880, stack(0x0000000101f00000,0x0000000102000000)]
  0x00000127fc625a80 JavaThread "Worker-0" [_thread_blocked, id=14424, stack(0x0000000102000000,0x0000000102100000)]
  0x00000127fc628300 JavaThread "Worker-1: Java indexing... " [_thread_blocked, id=14012, stack(0x0000000102100000,0x0000000102200000)]
  0x00000127fc627df0 JavaThread "Worker-2" [_thread_blocked, id=3120, stack(0x0000000102300000,0x0000000102400000)]
  0x00000127fc628810 JavaThread "Java indexing" daemon [_thread_in_Java, id=20944, stack(0x0000000102200000,0x0000000102300000)]
  0x00000127fc6269b0 JavaThread "Thread-2" daemon [_thread_in_native, id=15420, stack(0x0000000102500000,0x0000000102600000)]
  0x00000127fc6273d0 JavaThread "Thread-3" daemon [_thread_in_native, id=18520, stack(0x0000000102600000,0x0000000102700000)]
  0x00000127fc6278e0 JavaThread "Thread-4" daemon [_thread_in_native, id=17544, stack(0x0000000102700000,0x0000000102800000)]
  0x00000127fde71cf0 JavaThread "Thread-5" daemon [_thread_in_native, id=16448, stack(0x0000000102800000,0x0000000102900000)]
  0x00000127fde754a0 JavaThread "Thread-6" daemon [_thread_in_native, id=19756, stack(0x0000000102900000,0x0000000102a00000)]
  0x00000127fde75ec0 JavaThread "pool-2-thread-1" [_thread_blocked, id=14264, stack(0x0000000101b00000,0x0000000101c00000)]
  0x00000127fde70dc0 JavaThread "Worker-3: Building" [_thread_blocked, id=20320, stack(0x0000000102a00000,0x0000000102b00000)]
  0x00000127fde76df0 JavaThread "Worker-4" [_thread_blocked, id=16360, stack(0x0000000102400000,0x0000000102500000)]
  0x00000127fde78740 JavaThread "WorkspaceEventsHandler" [_thread_blocked, id=18512, stack(0x0000000102b00000,0x0000000102c00000)]
  0x00000127fde72c20 JavaThread "pool-1-thread-1" [_thread_blocked, id=20328, stack(0x0000000102c00000,0x0000000102d00000)]
  0x00000127fde712d0 JavaThread "Worker-5" [_thread_blocked, id=20116, stack(0x0000000102d00000,0x0000000102e00000)]
  0x00000127fde72200 JavaThread "Worker-6: Initialize workspace" [_thread_blocked, id=18248, stack(0x0000000102f00000,0x0000000103000000)]
  0x00000127fde763d0 JavaThread "ForkJoinPool.commonPool-worker-1" daemon [_thread_blocked, id=18184, stack(0x0000000102e00000,0x0000000102f00000)]
  0x00000127fde73130 JavaThread "ForkJoinPool.commonPool-worker-2" daemon [_thread_blocked, id=1688, stack(0x0000000103000000,0x0000000103100000)]
  0x00000127fde768e0 JavaThread "LocalFile Deleter" daemon [_thread_blocked, id=6712, stack(0x0000000103100000,0x0000000103200000)]
  0x00000127fde72710 JavaThread "LocalFile Deleter" daemon [_thread_blocked, id=20788, stack(0x0000000103200000,0x0000000103300000)]
  0x00000127fde73640 JavaThread "LocalFile Deleter" daemon [_thread_blocked, id=19060, stack(0x0000000103300000,0x0000000103400000)]
  0x00000127fde759b0 JavaThread "LocalFile Deleter" daemon [_thread_blocked, id=19940, stack(0x0000000103400000,0x0000000103500000)]
  0x00000127fde74570 JavaThread "Compiler Source File Reader" daemon [_thread_blocked, id=20348, stack(0x0000000103500000,0x0000000103600000)]
  0x00000127fde74f90 JavaThread "Compiler Source File Reader" daemon [_thread_blocked, id=13880, stack(0x0000000103600000,0x0000000103700000)]
  0x00000127fc625060 JavaThread "Compiler Processing Task" daemon [_thread_blocked, id=14064, stack(0x0000000103700000,0x0000000103800000)]
  0x00000127fc625570 JavaThread "ForkJoinPool.commonPool-worker-3" daemon [_thread_blocked, id=10084, stack(0x0000000103900000,0x0000000103a00000)]
  0x00000127fde717e0 JavaThread "Compiler Class File Writer" daemon [_thread_blocked, id=18764, stack(0x0000000103a00000,0x0000000103b00000)]
  0x00000127fddbc9b0 JavaThread "Cleaner-0" daemon [_thread_blocked, id=21384, stack(0x0000000104300000,0x0000000104400000)]
  0x00000127fddbe300 JavaThread "Compiler Class File Writer" daemon [_thread_blocked, id=17632, stack(0x0000000103b00000,0x0000000103c00000)]
  0x00000127fddbe810 JavaThread "Worker-7" [_thread_blocked, id=9028, stack(0x0000000103e00000,0x0000000103f00000)]

Other Threads:
  0x00000127a023df60 VMThread "VM Thread" [stack: 0x0000000100700000,0x0000000100800000] [id=18148]
  0x00000127fb3e24b0 WatcherThread [stack: 0x0000000101300000,0x0000000101400000] [id=17836]
  0x00000127a01aaca0 GCTaskThread "GC Thread#0" [stack: 0x0000000100600000,0x0000000100700000] [id=3880]
  0x00000127fbbce9a0 GCTaskThread "GC Thread#1" [stack: 0x0000000101400000,0x0000000101500000] [id=19780]
  0x00000127fbc56430 GCTaskThread "GC Thread#2" [stack: 0x0000000101500000,0x0000000101600000] [id=14728]
  0x00000127fbc566f0 GCTaskThread "GC Thread#3" [stack: 0x0000000101600000,0x0000000101700000] [id=2796]

Threads with active compile tasks:
C2 CompilerThread0    59654 12156   !   4       org.eclipse.jdt.internal.core.search.indexing.BinaryIndexer::indexDocument (1157 bytes)

VM state: at safepoint (normal execution)

VM Mutex/Monitor currently owned by a thread:  ([mutex/lock_event])
[0x00000127a0191170] Threads_lock - owner thread: 0x00000127a023df60
[0x00000127a0191440] Heap_lock - owner thread: 0x00000127fc628810

Heap address: 0x00000000c0000000, size: 1024 MB, Compressed Oops mode: 32-bit

CDS archive(s) not mapped
Compressed class space mapped at: 0x00000127b6000000-0x00000127f6000000, reserved size: 1073741824
Narrow klass base: 0x00000127b6000000, Narrow klass shift: 0, Narrow klass range: 0x40000000

GC Precious Log:
 CPUs: 4 total, 4 available
 Memory: 7981M
 Large Page Support: Disabled
 NUMA Support: Disabled
 Compressed Oops: Enabled (32-bit)
 Alignments: Space 512K, Generation 512K, Heap 2M
 Heap Min Capacity: 100M
 Heap Initial Capacity: 100M
 Heap Max Capacity: 1G
 Pre-touch: Disabled
 Parallel Workers: 4

Heap:
 PSYoungGen      total 7168K, used 7094K [0x00000000eab00000, 0x00000000eb500000, 0x0000000100000000)
  eden space 5120K, 100% used [0x00000000eab00000,0x00000000eb000000,0x00000000eb000000)
  from space 2048K, 96% used [0x00000000eb080000,0x00000000eb26d958,0x00000000eb280000)
  to   space 2560K, 99% used [0x00000000eb280000,0x00000000eb4fb550,0x00000000eb500000)
 ParOldGen       total 215552K, used 212501K [0x00000000c0000000, 0x00000000cd280000, 0x00000000eab00000)
  object space 215552K, 98% used [0x00000000c0000000,0x00000000ccf857b8,0x00000000cd280000)
 Metaspace       used 75101K, committed 76608K, reserved 1179648K
  class space    used 7773K, committed 8448K, reserved 1048576K

Card table byte_map: [0x00000127b37e0000,0x00000127b39f0000] _byte_map_base: 0x00000127b31e0000

Marking Bits: (ParMarkBitMap*) 0x00007ff8a22e6940
 Begin Bits: [0x00000127b3b50000, 0x00000127b4b50000)
 End Bits:   [0x00000127b4b50000, 0x00000127b5b50000)

Polling page: 0x00000127a45d0000

Metaspace:

Usage:
  Non-class:     65.75 MB used.
      Class:      7.59 MB used.
       Both:     73.34 MB used.

Virtual space:
  Non-class space:      128.00 MB reserved,      66.56 MB ( 52%) committed,  2 nodes.
      Class space:        1.00 GB reserved,       8.25 MB ( <1%) committed,  1 nodes.
             Both:        1.12 GB reserved,      74.81 MB (  6%) committed. 

Chunk freelists:
   Non-Class:  13.23 MB
       Class:  7.75 MB
        Both:  20.97 MB

MaxMetaspaceSize: unlimited
CompressedClassSpaceSize: 1.00 GB
Initial GC threshold: 21.00 MB
Current GC threshold: 124.19 MB
CDS: off
MetaspaceReclaimPolicy: balanced
 - commit_granule_bytes: 65536.
 - commit_granule_words: 8192.
 - virtual_space_node_default_size: 8388608.
 - enlarge_chunks_in_place: 1.
 - new_chunks_are_fully_committed: 0.
 - uncommit_free_chunks: 1.
 - use_allocation_guard: 0.
 - handle_deallocations: 1.


Internal statistics:

num_allocs_failed_limit: 9.
num_arena_births: 1012.
num_arena_deaths: 20.
num_vsnodes_births: 3.
num_vsnodes_deaths: 0.
num_space_committed: 1197.
num_space_uncommitted: 0.
num_chunks_returned_to_freelist: 32.
num_chunks_taken_from_freelist: 4344.
num_chunk_merges: 14.
num_chunk_splits: 2560.
num_chunks_enlarged: 1350.
num_inconsistent_stats: 0.

CodeHeap 'non-profiled nmethods': size=120000Kb used=8528Kb max_used=8528Kb free=111471Kb
 bounds [0x00000127ac0c0000, 0x00000127ac920000, 0x00000127b35f0000]
CodeHeap 'profiled nmethods': size=120000Kb used=23015Kb max_used=23015Kb free=96984Kb
 bounds [0x00000127a45f0000, 0x00000127a5c70000, 0x00000127abb20000]
CodeHeap 'non-nmethods': size=5760Kb used=1401Kb max_used=1495Kb free=4358Kb
 bounds [0x00000127abb20000, 0x00000127abd90000, 0x00000127ac0c0000]
 total_blobs=11029 nmethods=10282 adapters=660
 compilation: enabled
              stopped_count=0, restarted_count=0
 full_count=0

Compilation events (20 events):
Event: 59.538 Thread 0x00000127fb183f70 nmethod 12166 0x00000127a5c60a10 code [0x00000127a5c60be0, 0x00000127a5c60ef8]
Event: 59.538 Thread 0x00000127fb183f70 12167       3       org.eclipse.m2e.core.internal.preferences.MavenConfigurationImpl::isDownloadJavaDoc (7 bytes)
Event: 59.538 Thread 0x00000127fb183f70 nmethod 12167 0x00000127a5c61090 code [0x00000127a5c61260, 0x00000127a5c61578]
Event: 59.596 Thread 0x00000127fb183f70 12169       3       org.eclipse.m2e.jdt.internal.ClasspathEntryDescriptor::toClasspathEntry (415 bytes)
Event: 59.598 Thread 0x00000127fb183f70 nmethod 12169 0x00000127a5c61710 code [0x00000127a5c61be0, 0x00000127a5c64a68]
Event: 59.599 Thread 0x00000127fb183f70 12170       3       org.eclipse.jdt.launching.JavaRuntime::newRuntimeClasspathEntry (10 bytes)
Event: 59.599 Thread 0x00000127fb183f70 nmethod 12170 0x00000127a5c65610 code [0x00000127a5c657c0, 0x00000127a5c65948]
Event: 59.599 Thread 0x00000127fb183f70 12168       3       org.eclipse.m2e.jdt.internal.ClasspathEntryDescriptor::isPomDerived (17 bytes)
Event: 59.599 Thread 0x00000127fb183f70 nmethod 12168 0x00000127a5c65a10 code [0x00000127a5c65c00, 0x00000127a5c66128]
Event: 59.602 Thread 0x00000127fb183f70 12171       3       org.eclipse.core.internal.dtree.DeltaDataTree::includes (12 bytes)
Event: 59.602 Thread 0x00000127fb183f70 nmethod 12171 0x00000127a5c66310 code [0x00000127a5c664c0, 0x00000127a5c66668]
Event: 59.602 Thread 0x00000127fb183f70 12172       3       org.eclipse.core.internal.dtree.AbstractDataTreeNode::size (6 bytes)
Event: 59.602 Thread 0x00000127fb183f70 nmethod 12172 0x00000127a5c66710 code [0x00000127a5c668a0, 0x00000127a5c669b8]
Event: 59.605 Thread 0x00000127fb183f70 12173       3       org.eclipse.core.internal.events.ResourceComparator::compareLocal (59 bytes)
Event: 59.605 Thread 0x00000127fb183f70 nmethod 12173 0x00000127a5c66a90 code [0x00000127a5c66c60, 0x00000127a5c67298]
Event: 59.605 Thread 0x00000127fb183f70 12174   !   3       org.eclipse.core.internal.dtree.DataTreeNode::asReverseComparisonNode (138 bytes)
Event: 59.607 Thread 0x00000127fb183f70 nmethod 12174 0x00000127a5c67410 code [0x00000127a5c67660, 0x00000127a5c68108]
Event: 59.607 Thread 0x00000127fb183f70 12175       3       org.eclipse.core.internal.dtree.NodeComparison::asReverseComparison (67 bytes)
Event: 59.608 Thread 0x00000127fb183f70 nmethod 12175 0x00000127a5c68510 code [0x00000127a5c686c0, 0x00000127a5c68928]
Event: 59.608 Thread 0x00000127fb183f70 12176       3       org.eclipse.core.internal.events.ResourceDeltaFactory::computeNodeIDMap (169 bytes)

GC Heap History (20 events):
Event: 58.811 GC heap before
{Heap before GC invocations=348 (full 10):
 PSYoungGen      total 6144K, used 5839K [0x00000000eab00000, 0x00000000eb200000, 0x0000000100000000)
  eden space 5120K, 100% used [0x00000000eab00000,0x00000000eb000000,0x00000000eb000000)
  from space 1024K, 70% used [0x00000000eb100000,0x00000000eb1b3f48,0x00000000eb200000)
  to   space 1024K, 0% used [0x00000000eb000000,0x00000000eb000000,0x00000000eb100000)
 ParOldGen       total 215552K, used 202424K [0x00000000c0000000, 0x00000000cd280000, 0x00000000eab00000)
  object space 215552K, 93% used [0x00000000c0000000,0x00000000cc5ae398,0x00000000cd280000)
 Metaspace       used 74985K, committed 76416K, reserved 1179648K
  class space    used 7761K, committed 8384K, reserved 1048576K
}
Event: 58.815 GC heap after
{Heap after GC invocations=348 (full 10):
 PSYoungGen      total 6144K, used 916K [0x00000000eab00000, 0x00000000eb300000, 0x0000000100000000)
  eden space 5120K, 0% used [0x00000000eab00000,0x00000000eab00000,0x00000000eb000000)
  from space 1024K, 89% used [0x00000000eb000000,0x00000000eb0e51e8,0x00000000eb100000)
  to   space 1024K, 0% used [0x00000000eb200000,0x00000000eb200000,0x00000000eb300000)
 ParOldGen       total 215552K, used 203078K [0x00000000c0000000, 0x00000000cd280000, 0x00000000eab00000)
  object space 215552K, 94% used [0x00000000c0000000,0x00000000cc651af8,0x00000000cd280000)
 Metaspace       used 74985K, committed 76416K, reserved 1179648K
  class space    used 7761K, committed 8384K, reserved 1048576K
}
Event: 58.866 GC heap before
{Heap before GC invocations=349 (full 10):
 PSYoungGen      total 6144K, used 6036K [0x00000000eab00000, 0x00000000eb300000, 0x0000000100000000)
  eden space 5120K, 100% used [0x00000000eab00000,0x00000000eb000000,0x00000000eb000000)
  from space 1024K, 89% used [0x00000000eb000000,0x00000000eb0e51e8,0x00000000eb100000)
  to   space 1024K, 0% used [0x00000000eb200000,0x00000000eb200000,0x00000000eb300000)
 ParOldGen       total 215552K, used 203078K [0x00000000c0000000, 0x00000000cd280000, 0x00000000eab00000)
  object space 215552K, 94% used [0x00000000c0000000,0x00000000cc651af8,0x00000000cd280000)
 Metaspace       used 74986K, committed 76416K, reserved 1179648K
  class space    used 7761K, committed 8384K, reserved 1048576K
}
Event: 58.870 GC heap after
{Heap after GC invocations=349 (full 10):
 PSYoungGen      total 6144K, used 890K [0x00000000eab00000, 0x00000000eb300000, 0x0000000100000000)
  eden space 5120K, 0% used [0x00000000eab00000,0x00000000eab00000,0x00000000eb000000)
  from space 1024K, 87% used [0x00000000eb200000,0x00000000eb2deba0,0x00000000eb300000)
  to   space 1024K, 0% used [0x00000000eb000000,0x00000000eb000000,0x00000000eb100000)
 ParOldGen       total 215552K, used 203909K [0x00000000c0000000, 0x00000000cd280000, 0x00000000eab00000)
  object space 215552K, 94% used [0x00000000c0000000,0x00000000cc721410,0x00000000cd280000)
 Metaspace       used 74986K, committed 76416K, reserved 1179648K
  class space    used 7761K, committed 8384K, reserved 1048576K
}
Event: 58.963 GC heap before
{Heap before GC invocations=350 (full 10):
 PSYoungGen      total 6144K, used 6010K [0x00000000eab00000, 0x00000000eb300000, 0x0000000100000000)
  eden space 5120K, 100% used [0x00000000eab00000,0x00000000eb000000,0x00000000eb000000)
  from space 1024K, 87% used [0x00000000eb200000,0x00000000eb2deba0,0x00000000eb300000)
  to   space 1024K, 0% used [0x00000000eb000000,0x00000000eb000000,0x00000000eb100000)
 ParOldGen       total 215552K, used 203909K [0x00000000c0000000, 0x00000000cd280000, 0x00000000eab00000)
  object space 215552K, 94% used [0x00000000c0000000,0x00000000cc721410,0x00000000cd280000)
 Metaspace       used 74991K, committed 76416K, reserved 1179648K
  class space    used 7761K, committed 8384K, reserved 1048576K
}
Event: 58.965 GC heap after
{Heap after GC invocations=350 (full 10):
 PSYoungGen      total 6144K, used 1014K [0x00000000eab00000, 0x00000000eb500000, 0x0000000100000000)
  eden space 5120K, 0% used [0x00000000eab00000,0x00000000eab00000,0x00000000eb000000)
  from space 1024K, 99% used [0x00000000eb000000,0x00000000eb0fdae0,0x00000000eb100000)
  to   space 2560K, 0% used [0x00000000eb280000,0x00000000eb280000,0x00000000eb500000)
 ParOldGen       total 215552K, used 204876K [0x00000000c0000000, 0x00000000cd280000, 0x00000000eab00000)
  object space 215552K, 95% used [0x00000000c0000000,0x00000000cc813200,0x00000000cd280000)
 Metaspace       used 74991K, committed 76416K, reserved 1179648K
  class space    used 7761K, committed 8384K, reserved 1048576K
}
Event: 59.087 GC heap before
{Heap before GC invocations=351 (full 10):
 PSYoungGen      total 6144K, used 6134K [0x00000000eab00000, 0x00000000eb500000, 0x0000000100000000)
  eden space 5120K, 100% used [0x00000000eab00000,0x00000000eb000000,0x00000000eb000000)
  from space 1024K, 99% used [0x00000000eb000000,0x00000000eb0fdae0,0x00000000eb100000)
  to   space 2560K, 0% used [0x00000000eb280000,0x00000000eb280000,0x00000000eb500000)
 ParOldGen       total 215552K, used 204876K [0x00000000c0000000, 0x00000000cd280000, 0x00000000eab00000)
  object space 215552K, 95% used [0x00000000c0000000,0x00000000cc813200,0x00000000cd280000)
 Metaspace       used 74992K, committed 76416K, reserved 1179648K
  class space    used 7761K, committed 8384K, reserved 1048576K
}
Event: 59.093 GC heap after
{Heap after GC invocations=351 (full 10):
 PSYoungGen      total 6656K, used 1260K [0x00000000eab00000, 0x00000000eb400000, 0x0000000100000000)
  eden space 5120K, 0% used [0x00000000eab00000,0x00000000eab00000,0x00000000eb000000)
  from space 1536K, 82% used [0x00000000eb280000,0x00000000eb3bb3a8,0x00000000eb400000)
  to   space 1536K, 0% used [0x00000000eb100000,0x00000000eb100000,0x00000000eb280000)
 ParOldGen       total 215552K, used 205861K [0x00000000c0000000, 0x00000000cd280000, 0x00000000eab00000)
  object space 215552K, 95% used [0x00000000c0000000,0x00000000cc909518,0x00000000cd280000)
 Metaspace       used 74992K, committed 76416K, reserved 1179648K
  class space    used 7761K, committed 8384K, reserved 1048576K
}
Event: 59.130 GC heap before
{Heap before GC invocations=352 (full 10):
 PSYoungGen      total 6656K, used 6380K [0x00000000eab00000, 0x00000000eb400000, 0x0000000100000000)
  eden space 5120K, 100% used [0x00000000eab00000,0x00000000eb000000,0x00000000eb000000)
  from space 1536K, 82% used [0x00000000eb280000,0x00000000eb3bb3a8,0x00000000eb400000)
  to   space 1536K, 0% used [0x00000000eb100000,0x00000000eb100000,0x00000000eb280000)
 ParOldGen       total 215552K, used 205861K [0x00000000c0000000, 0x00000000cd280000, 0x00000000eab00000)
  object space 215552K, 95% used [0x00000000c0000000,0x00000000cc909518,0x00000000cd280000)
 Metaspace       used 74995K, committed 76416K, reserved 1179648K
  class space    used 7761K, committed 8384K, reserved 1048576K
}
Event: 59.133 GC heap after
{Heap after GC invocations=352 (full 10):
 PSYoungGen      total 6656K, used 1530K [0x00000000eab00000, 0x00000000eb500000, 0x0000000100000000)
  eden space 5120K, 0% used [0x00000000eab00000,0x00000000eab00000,0x00000000eb000000)
  from space 1536K, 99% used [0x00000000eb100000,0x00000000eb27e858,0x00000000eb280000)
  to   space 2560K, 0% used [0x00000000eb280000,0x00000000eb280000,0x00000000eb500000)
 ParOldGen       total 215552K, used 206479K [0x00000000c0000000, 0x00000000cd280000, 0x00000000eab00000)
  object space 215552K, 95% used [0x00000000c0000000,0x00000000cc9a3de8,0x00000000cd280000)
 Metaspace       used 74995K, committed 76416K, reserved 1179648K
  class space    used 7761K, committed 8384K, reserved 1048576K
}
Event: 59.268 GC heap before
{Heap before GC invocations=353 (full 10):
 PSYoungGen      total 6656K, used 6650K [0x00000000eab00000, 0x00000000eb500000, 0x0000000100000000)
  eden space 5120K, 100% used [0x00000000eab00000,0x00000000eb000000,0x00000000eb000000)
  from space 1536K, 99% used [0x00000000eb100000,0x00000000eb27e858,0x00000000eb280000)
  to   space 2560K, 0% used [0x00000000eb280000,0x00000000eb280000,0x00000000eb500000)
 ParOldGen       total 215552K, used 206479K [0x00000000c0000000, 0x00000000cd280000, 0x00000000eab00000)
  object space 215552K, 95% used [0x00000000c0000000,0x00000000cc9a3de8,0x00000000cd280000)
 Metaspace       used 74998K, committed 76416K, reserved 1179648K
  class space    used 7761K, committed 8384K, reserved 1048576K
}
Event: 59.272 GC heap after
{Heap after GC invocations=353 (full 10):
 PSYoungGen      total 6656K, used 1188K [0x00000000eab00000, 0x00000000eb400000, 0x0000000100000000)
  eden space 5120K, 0% used [0x00000000eab00000,0x00000000eab00000,0x00000000eb000000)
  from space 1536K, 77% used [0x00000000eb280000,0x00000000eb3a9210,0x00000000eb400000)
  to   space 2048K, 0% used [0x00000000eb000000,0x00000000eb000000,0x00000000eb200000)
 ParOldGen       total 215552K, used 207959K [0x00000000c0000000, 0x00000000cd280000, 0x00000000eab00000)
  object space 215552K, 96% used [0x00000000c0000000,0x00000000ccb15dc0,0x00000000cd280000)
 Metaspace       used 74998K, committed 76416K, reserved 1179648K
  class space    used 7761K, committed 8384K, reserved 1048576K
}
Event: 59.309 GC heap before
{Heap before GC invocations=354 (full 10):
 PSYoungGen      total 6656K, used 6308K [0x00000000eab00000, 0x00000000eb400000, 0x0000000100000000)
  eden space 5120K, 100% used [0x00000000eab00000,0x00000000eb000000,0x00000000eb000000)
  from space 1536K, 77% used [0x00000000eb280000,0x00000000eb3a9210,0x00000000eb400000)
  to   space 2048K, 0% used [0x00000000eb000000,0x00000000eb000000,0x00000000eb200000)
 ParOldGen       total 215552K, used 207959K [0x00000000c0000000, 0x00000000cd280000, 0x00000000eab00000)
  object space 215552K, 96% used [0x00000000c0000000,0x00000000ccb15dc0,0x00000000cd280000)
 Metaspace       used 74998K, committed 76416K, reserved 1179648K
  class space    used 7761K, committed 8384K, reserved 1048576K
}
Event: 59.313 GC heap after
{Heap after GC invocations=354 (full 10):
 PSYoungGen      total 7168K, used 2041K [0x00000000eab00000, 0x00000000eb500000, 0x0000000100000000)
  eden space 5120K, 0% used [0x00000000eab00000,0x00000000eab00000,0x00000000eb000000)
  from space 2048K, 99% used [0x00000000eb000000,0x00000000eb1fe720,0x00000000eb200000)
  to   space 2560K, 0% used [0x00000000eb280000,0x00000000eb280000,0x00000000eb500000)
 ParOldGen       total 215552K, used 208114K [0x00000000c0000000, 0x00000000cd280000, 0x00000000eab00000)
  object space 215552K, 96% used [0x00000000c0000000,0x00000000ccb3cb48,0x00000000cd280000)
 Metaspace       used 74998K, committed 76416K, reserved 1179648K
  class space    used 7761K, committed 8384K, reserved 1048576K
}
Event: 59.401 GC heap before
{Heap before GC invocations=355 (full 10):
 PSYoungGen      total 7168K, used 7161K [0x00000000eab00000, 0x00000000eb500000, 0x0000000100000000)
  eden space 5120K, 100% used [0x00000000eab00000,0x00000000eb000000,0x00000000eb000000)
  from space 2048K, 99% used [0x00000000eb000000,0x00000000eb1fe720,0x00000000eb200000)
  to   space 2560K, 0% used [0x00000000eb280000,0x00000000eb280000,0x00000000eb500000)
 ParOldGen       total 215552K, used 208114K [0x00000000c0000000, 0x00000000cd280000, 0x00000000eab00000)
  object space 215552K, 96% used [0x00000000c0000000,0x00000000ccb3cb48,0x00000000cd280000)
 Metaspace       used 74998K, committed 76416K, reserved 1179648K
  class space    used 7761K, committed 8384K, reserved 1048576K
}
Event: 59.403 GC heap after
{Heap after GC invocations=355 (full 10):
 PSYoungGen      total 6656K, used 1297K [0x00000000eab00000, 0x00000000eb400000, 0x0000000100000000)
  eden space 5120K, 0% used [0x00000000eab00000,0x00000000eab00000,0x00000000eb000000)
  from space 1536K, 84% used [0x00000000eb280000,0x00000000eb3c4608,0x00000000eb400000)
  to   space 2048K, 0% used [0x00000000eb000000,0x00000000eb000000,0x00000000eb200000)
 ParOldGen       total 215552K, used 210072K [0x00000000c0000000, 0x00000000cd280000, 0x00000000eab00000)
  object space 215552K, 97% used [0x00000000c0000000,0x00000000ccd26200,0x00000000cd280000)
 Metaspace       used 74998K, committed 76416K, reserved 1179648K
  class space    used 7761K, committed 8384K, reserved 1048576K
}
Event: 59.513 GC heap before
{Heap before GC invocations=356 (full 10):
 PSYoungGen      total 6656K, used 6417K [0x00000000eab00000, 0x00000000eb400000, 0x0000000100000000)
  eden space 5120K, 100% used [0x00000000eab00000,0x00000000eb000000,0x00000000eb000000)
  from space 1536K, 84% used [0x00000000eb280000,0x00000000eb3c4608,0x00000000eb400000)
  to   space 2048K, 0% used [0x00000000eb000000,0x00000000eb000000,0x00000000eb200000)
 ParOldGen       total 215552K, used 210072K [0x00000000c0000000, 0x00000000cd280000, 0x00000000eab00000)
  object space 215552K, 97% used [0x00000000c0000000,0x00000000ccd26200,0x00000000cd280000)
 Metaspace       used 74998K, committed 76416K, reserved 1179648K
  class space    used 7761K, committed 8384K, reserved 1048576K
}
Event: 59.516 GC heap after
{Heap after GC invocations=356 (full 10):
 PSYoungGen      total 7168K, used 2047K [0x00000000eab00000, 0x00000000eb600000, 0x0000000100000000)
  eden space 5120K, 0% used [0x00000000eab00000,0x00000000eab00000,0x00000000eb000000)
  from space 2048K, 99% used [0x00000000eb000000,0x00000000eb1fffb0,0x00000000eb200000)
  to   space 3072K, 0% used [0x00000000eb300000,0x00000000eb300000,0x00000000eb600000)
 ParOldGen       total 215552K, used 210466K [0x00000000c0000000, 0x00000000cd280000, 0x00000000eab00000)
  object space 215552K, 97% used [0x00000000c0000000,0x00000000ccd889e8,0x00000000cd280000)
 Metaspace       used 74998K, committed 76416K, reserved 1179648K
  class space    used 7761K, committed 8384K, reserved 1048576K
}
Event: 59.539 GC heap before
{Heap before GC invocations=357 (full 10):
 PSYoungGen      total 7168K, used 7167K [0x00000000eab00000, 0x00000000eb600000, 0x0000000100000000)
  eden space 5120K, 100% used [0x00000000eab00000,0x00000000eb000000,0x00000000eb000000)
  from space 2048K, 99% used [0x00000000eb000000,0x00000000eb1fffb0,0x00000000eb200000)
  to   space 3072K, 0% used [0x00000000eb300000,0x00000000eb300000,0x00000000eb600000)
 ParOldGen       total 215552K, used 210466K [0x00000000c0000000, 0x00000000cd280000, 0x00000000eab00000)
  object space 215552K, 97% used [0x00000000c0000000,0x00000000ccd889e8,0x00000000cd280000)
 Metaspace       used 74999K, committed 76416K, reserved 1179648K
  class space    used 7761K, committed 8384K, reserved 1048576K
}
Event: 59.544 GC heap after
{Heap after GC invocations=357 (full 10):
 PSYoungGen      total 6656K, used 1093K [0x00000000eab00000, 0x00000000eb480000, 0x0000000100000000)
  eden space 5120K, 0% used [0x00000000eab00000,0x00000000eab00000,0x00000000eb000000)
  from space 1536K, 71% used [0x00000000eb300000,0x00000000eb411720,0x00000000eb480000)
  to   space 2048K, 0% used [0x00000000eb080000,0x00000000eb080000,0x00000000eb280000)
 ParOldGen       total 215552K, used 212454K [0x00000000c0000000, 0x00000000cd280000, 0x00000000eab00000)
  object space 215552K, 98% used [0x00000000c0000000,0x00000000ccf798f0,0x00000000cd280000)
 Metaspace       used 74999K, committed 76416K, reserved 1179648K
  class space    used 7761K, committed 8384K, reserved 1048576K
}

Dll operation events (10 events):
Event: 0.009 Loaded shared library c:\Users\acer\.vscode\extensions\redhat.java-1.36.0-win32-x64\jre\17.0.13-win32-x86_64\bin\java.dll
Event: 0.473 Loaded shared library c:\Users\acer\.vscode\extensions\redhat.java-1.36.0-win32-x64\jre\17.0.13-win32-x86_64\bin\zip.dll
Event: 0.476 Loaded shared library C:\Users\acer\.vscode\extensions\redhat.java-1.36.0-win32-x64\jre\17.0.13-win32-x86_64\bin\instrument.dll
Event: 0.521 Loaded shared library C:\Users\acer\.vscode\extensions\redhat.java-1.36.0-win32-x64\jre\17.0.13-win32-x86_64\bin\net.dll
Event: 0.524 Loaded shared library C:\Users\acer\.vscode\extensions\redhat.java-1.36.0-win32-x64\jre\17.0.13-win32-x86_64\bin\nio.dll
Event: 0.611 Loaded shared library C:\Users\acer\.vscode\extensions\redhat.java-1.36.0-win32-x64\jre\17.0.13-win32-x86_64\bin\zip.dll
Event: 0.649 Loaded shared library C:\Users\acer\.vscode\extensions\redhat.java-1.36.0-win32-x64\jre\17.0.13-win32-x86_64\bin\jimage.dll
Event: 0.837 Loaded shared library c:\Users\acer\.vscode\extensions\redhat.java-1.36.0-win32-x64\jre\17.0.13-win32-x86_64\bin\verify.dll
Event: 4.696 Loaded shared library C:\Users\acer\AppData\Roaming\Code\User\globalStorage\redhat.java\1.36.0\config_win\org.eclipse.equinox.launcher\org.eclipse.equinox.launcher.win32.win32.x86_64_1.2.1100.v20240722-2106\eclipse_11904.dll
Event: 8.755 Loaded shared library C:\Users\acer\AppData\Local\Temp\jna-2988111\jna15077469889409229107.dll

Deoptimization events (20 events):
Event: 57.919 Thread 0x00000127fc627df0 Uncommon trap: trap_request=0xffffffc6 fr.pc=0x00000127ac8569d0 relative=0x0000000000001c30
Event: 57.919 Thread 0x00000127fc627df0 Uncommon trap: reason=bimorphic_or_optimized_type_check action=maybe_recompile pc=0x00000127ac8569d0 method=org.eclipse.jdt.internal.core.builder.ClasspathLocation.getModulesDeclaringPackage(Ljava/lang/String;Ljava/lang/String;)[[C @ 4 c2
Event: 57.919 Thread 0x00000127fc627df0 DEOPT PACKING pc=0x00000127ac8569d0 sp=0x00000001023fe080
Event: 57.919 Thread 0x00000127fc627df0 DEOPT UNPACKING pc=0x00000127abb79ea3 sp=0x00000001023fe080 mode 2
Event: 58.354 Thread 0x00000127fc627df0 Uncommon trap: trap_request=0xffffffc6 fr.pc=0x00000127ac8569d0 relative=0x0000000000001c30
Event: 58.354 Thread 0x00000127fc627df0 Uncommon trap: reason=bimorphic_or_optimized_type_check action=maybe_recompile pc=0x00000127ac8569d0 method=org.eclipse.jdt.internal.core.builder.ClasspathLocation.getModulesDeclaringPackage(Ljava/lang/String;Ljava/lang/String;)[[C @ 4 c2
Event: 58.354 Thread 0x00000127fc627df0 DEOPT PACKING pc=0x00000127ac8569d0 sp=0x00000001023fdf00
Event: 58.354 Thread 0x00000127fc627df0 DEOPT UNPACKING pc=0x00000127abb79ea3 sp=0x00000001023fdf00 mode 2
Event: 58.354 Thread 0x00000127fc627df0 Uncommon trap: trap_request=0xffffffc6 fr.pc=0x00000127ac8569d0 relative=0x0000000000001c30
Event: 58.354 Thread 0x00000127fc627df0 Uncommon trap: reason=bimorphic_or_optimized_type_check action=maybe_recompile pc=0x00000127ac8569d0 method=org.eclipse.jdt.internal.core.builder.ClasspathLocation.getModulesDeclaringPackage(Ljava/lang/String;Ljava/lang/String;)[[C @ 4 c2
Event: 58.354 Thread 0x00000127fc627df0 DEOPT PACKING pc=0x00000127ac8569d0 sp=0x00000001023fdf00
Event: 58.354 Thread 0x00000127fc627df0 DEOPT UNPACKING pc=0x00000127abb79ea3 sp=0x00000001023fdf00 mode 2
Event: 58.400 Thread 0x00000127fc628810 DEOPT PACKING pc=0x00000127a5c08c0b sp=0x00000001022febb0
Event: 58.400 Thread 0x00000127fc628810 DEOPT UNPACKING pc=0x00000127abb7a9e3 sp=0x00000001022fe1a8 mode 0
Event: 58.969 Thread 0x00000127fc628810 Uncommon trap: trap_request=0xffffff45 fr.pc=0x00000127ac432860 relative=0x0000000000001500
Event: 58.969 Thread 0x00000127fc628810 Uncommon trap: reason=unstable_if action=reinterpret pc=0x00000127ac432860 method=org.eclipse.jdt.internal.compiler.util.JrtFileSystem$2.preVisitDirectory(Ljava/nio/file/Path;Ljava/nio/file/attribute/BasicFileAttributes;)Ljava/nio/file/FileVisitResult; @ 
Event: 58.969 Thread 0x00000127fc628810 DEOPT PACKING pc=0x00000127ac432860 sp=0x00000001022fef50
Event: 58.969 Thread 0x00000127fc628810 DEOPT UNPACKING pc=0x00000127abb79ea3 sp=0x00000001022fef28 mode 2
Event: 59.528 Thread 0x00000127fc628810 DEOPT PACKING pc=0x00000127a5c08c0b sp=0x00000001022febb0
Event: 59.528 Thread 0x00000127fc628810 DEOPT UNPACKING pc=0x00000127abb7a9e3 sp=0x00000001022fe1a8 mode 0

Classes loaded (20 events):
Event: 43.090 Loading class com/sun/crypto/provider/PKCS5Padding
Event: 43.091 Loading class com/sun/crypto/provider/Padding
Event: 43.091 Loading class com/sun/crypto/provider/Padding done
Event: 43.091 Loading class com/sun/crypto/provider/PKCS5Padding done
Event: 43.091 Loading class com/sun/crypto/provider/CipherBlockChaining
Event: 43.091 Loading class com/sun/crypto/provider/CipherBlockChaining done
Event: 43.094 Loading class javax/crypto/NullCipher
Event: 43.094 Loading class javax/crypto/NullCipher done
Event: 43.094 Loading class sun/security/util/ArrayUtil
Event: 43.094 Loading class sun/security/util/ArrayUtil done
Event: 43.453 Loading class java/util/zip/CheckedInputStream
Event: 43.454 Loading class java/util/zip/CheckedInputStream done
Event: 43.550 Loading class jdk/internal/ref/CleanerImpl$InnocuousThreadFactory
Event: 43.550 Loading class jdk/internal/ref/CleanerImpl$InnocuousThreadFactory done
Event: 43.667 Loading class java/util/zip/GZIPInputStream$1
Event: 43.667 Loading class java/util/zip/GZIPInputStream$1 done
Event: 48.575 Loading class java/util/Collections$2
Event: 48.575 Loading class java/util/Collections$2 done
Event: 57.732 Loading class java/util/ArrayDeque$DeqSpliterator
Event: 57.732 Loading class java/util/ArrayDeque$DeqSpliterator done

Classes unloaded (10 events):
Event: 13.400 Thread 0x00000127a023df60 Unloading class 0x00000127b6254000 'java/lang/invoke/LambdaForm$MH+0x00000127b6254000'
Event: 13.400 Thread 0x00000127a023df60 Unloading class 0x00000127b6253c00 'java/lang/invoke/LambdaForm$MH+0x00000127b6253c00'
Event: 13.400 Thread 0x00000127a023df60 Unloading class 0x00000127b6253800 'java/lang/invoke/LambdaForm$MH+0x00000127b6253800'
Event: 13.400 Thread 0x00000127a023df60 Unloading class 0x00000127b6253400 'java/lang/invoke/LambdaForm$MH+0x00000127b6253400'
Event: 13.400 Thread 0x00000127a023df60 Unloading class 0x00000127b6253000 'java/lang/invoke/LambdaForm$BMH+0x00000127b6253000'
Event: 13.400 Thread 0x00000127a023df60 Unloading class 0x00000127b6252c00 'java/lang/invoke/LambdaForm$DMH+0x00000127b6252c00'
Event: 13.400 Thread 0x00000127a023df60 Unloading class 0x00000127b6250400 'java/lang/invoke/LambdaForm$DMH+0x00000127b6250400'
Event: 44.353 Thread 0x00000127a023df60 Unloading class 0x00000127b67d9400 'java/lang/invoke/LambdaForm$MH+0x00000127b67d9400'
Event: 44.353 Thread 0x00000127a023df60 Unloading class 0x00000127b67d8800 'java/lang/invoke/LambdaForm$DMH+0x00000127b67d8800'
Event: 44.353 Thread 0x00000127a023df60 Unloading class 0x00000127b67d8400 'java/lang/invoke/LambdaForm$DMH+0x00000127b67d8400'

Classes redefined (0 events):
No events

Internal exceptions (20 events):
Event: 53.945 Thread 0x00000127fde768e0 Exception <a 'sun/nio/fs/WindowsException'{0x00000000ead55d28}> (0x00000000ead55d28) 
thrown [s\src\hotspot\share\prims\jni.cpp, line 516]
Event: 53.948 Thread 0x00000127fde768e0 Exception <a 'sun/nio/fs/WindowsException'{0x00000000ead56ef0}> (0x00000000ead56ef0) 
thrown [s\src\hotspot\share\prims\jni.cpp, line 516]
Event: 54.033 Thread 0x00000127fc627df0 Implicit null exception at 0x00000127ac5a2961 to 0x00000127ac5a3018
Event: 55.715 Thread 0x00000127fc625060 Exception <a 'java/lang/NoSuchMethodError'{0x00000000eab63658}: 'java.lang.Object java.lang.invoke.DirectMethodHandle$Holder.newInvokeSpecial(java.lang.Object, java.lang.Object, java.lang.Object, java.lang.Object, int)'> (0x00000000eab63658) 
thrown [s\src\hotspot\share\interpreter\linkResolver.cpp, line 759]
Event: 55.716 Thread 0x00000127fc625060 Exception <a 'java/lang/NoSuchMethodError'{0x00000000eab995e8}: 'java.lang.Object java.lang.invoke.DirectMethodHandle$Holder.invokeSpecial(java.lang.Object, java.lang.Object, java.lang.Object, java.lang.Object, java.lang.Object, int)'> (0x00000000eab995e8) 
thrown [s\src\hotspot\share\interpreter\linkResolver.cpp, line 759]
Event: 55.716 Thread 0x00000127fc625060 Exception <a 'java/lang/NoSuchMethodError'{0x00000000eabb2f50}: 'java.lang.Object java.lang.invoke.Invokers$Holder.linkToTargetMethod(java.lang.Object, java.lang.Object, java.lang.Object, int, java.lang.Object)'> (0x00000000eabb2f50) 
thrown [s\src\hotspot\share\interpreter\linkResolver.cpp, line 759]
Event: 56.432 Thread 0x00000127fc625060 Implicit null exception at 0x00000127ac899118 to 0x00000127ac899180
Event: 57.882 Thread 0x00000127fc627df0 Exception <a 'sun/nio/fs/WindowsException'{0x00000000ead1bc98}> (0x00000000ead1bc98) 
thrown [s\src\hotspot\share\prims\jni.cpp, line 516]
Event: 57.885 Thread 0x00000127fde768e0 Exception <a 'sun/nio/fs/WindowsException'{0x00000000ead1d438}> (0x00000000ead1d438) 
thrown [s\src\hotspot\share\prims\jni.cpp, line 516]
Event: 57.886 Thread 0x00000127fde768e0 Exception <a 'sun/nio/fs/WindowsException'{0x00000000ead1eb38}> (0x00000000ead1eb38) 
thrown [s\src\hotspot\share\prims\jni.cpp, line 516]
Event: 58.435 Thread 0x00000127fc627df0 Exception <a 'sun/nio/fs/WindowsException'{0x00000000ead57678}> (0x00000000ead57678) 
thrown [s\src\hotspot\share\prims\jni.cpp, line 516]
Event: 58.435 Thread 0x00000127fc627df0 Exception <a 'sun/nio/fs/WindowsException'{0x00000000ead57cb0}> (0x00000000ead57cb0) 
thrown [s\src\hotspot\share\prims\jni.cpp, line 516]
Event: 58.651 Thread 0x00000127fde72200 Exception <a 'sun/nio/fs/WindowsException'{0x00000000eae746c8}> (0x00000000eae746c8) 
thrown [s\src\hotspot\share\prims\jni.cpp, line 516]
Event: 58.668 Thread 0x00000127fde72200 Exception <a 'sun/nio/fs/WindowsException'{0x00000000eae74d00}> (0x00000000eae74d00) 
thrown [s\src\hotspot\share\prims\jni.cpp, line 516]
Event: 58.669 Thread 0x00000127fde72200 Exception <a 'sun/nio/fs/WindowsException'{0x00000000eae75988}> (0x00000000eae75988) 
thrown [s\src\hotspot\share\prims\jni.cpp, line 516]
Event: 58.669 Thread 0x00000127fde72200 Exception <a 'sun/nio/fs/WindowsException'{0x00000000eae76218}> (0x00000000eae76218) 
thrown [s\src\hotspot\share\prims\jni.cpp, line 516]
Event: 58.671 Thread 0x00000127fde72200 Exception <a 'sun/nio/fs/WindowsException'{0x00000000eae77b70}> (0x00000000eae77b70) 
thrown [s\src\hotspot\share\prims\jni.cpp, line 516]
Event: 58.671 Thread 0x00000127fde72200 Exception <a 'sun/nio/fs/WindowsException'{0x00000000eae781a8}> (0x00000000eae781a8) 
thrown [s\src\hotspot\share\prims\jni.cpp, line 516]
Event: 58.702 Thread 0x00000127fde72200 Exception <a 'sun/nio/fs/WindowsException'{0x00000000eab99c80}> (0x00000000eab99c80) 
thrown [s\src\hotspot\share\prims\jni.cpp, line 516]
Event: 58.702 Thread 0x00000127fde72200 Exception <a 'sun/nio/fs/WindowsException'{0x00000000eab9a560}> (0x00000000eab9a560) 
thrown [s\src\hotspot\share\prims\jni.cpp, line 516]

VM Operations (20 events):
Event: 58.811 Executing VM operation: ParallelGCFailedAllocation
Event: 58.815 Executing VM operation: ParallelGCFailedAllocation done
Event: 58.866 Executing VM operation: ParallelGCFailedAllocation
Event: 58.870 Executing VM operation: ParallelGCFailedAllocation done
Event: 58.963 Executing VM operation: ParallelGCFailedAllocation
Event: 58.965 Executing VM operation: ParallelGCFailedAllocation done
Event: 59.003 Executing VM operation: ParallelGCFailedAllocation
Event: 59.093 Executing VM operation: ParallelGCFailedAllocation done
Event: 59.130 Executing VM operation: ParallelGCFailedAllocation
Event: 59.133 Executing VM operation: ParallelGCFailedAllocation done
Event: 59.268 Executing VM operation: ParallelGCFailedAllocation
Event: 59.272 Executing VM operation: ParallelGCFailedAllocation done
Event: 59.309 Executing VM operation: ParallelGCFailedAllocation
Event: 59.313 Executing VM operation: ParallelGCFailedAllocation done
Event: 59.401 Executing VM operation: ParallelGCFailedAllocation
Event: 59.403 Executing VM operation: ParallelGCFailedAllocation done
Event: 59.513 Executing VM operation: ParallelGCFailedAllocation
Event: 59.516 Executing VM operation: ParallelGCFailedAllocation done
Event: 59.539 Executing VM operation: ParallelGCFailedAllocation
Event: 59.544 Executing VM operation: ParallelGCFailedAllocation done

Memory protections (0 events):
No events

Nmethod flushes (20 events):
Event: 43.819 Thread 0x00000127fb186c40 flushing  nmethod 0x00000127a5781190
Event: 43.819 Thread 0x00000127fb186c40 flushing  nmethod 0x00000127a57c4d10
Event: 43.819 Thread 0x00000127fb186c40 flushing  nmethod 0x00000127a57ffd90
Event: 43.819 Thread 0x00000127fb186c40 flushing  nmethod 0x00000127a5831490
Event: 43.820 Thread 0x00000127fb186c40 flushing  nmethod 0x00000127a58a4910
Event: 43.820 Thread 0x00000127fb186c40 flushing  nmethod 0x00000127a5971410
Event: 43.820 Thread 0x00000127fb186c40 flushing  nmethod 0x00000127a597aa90
Event: 43.820 Thread 0x00000127fb186c40 flushing  nmethod 0x00000127a597ae10
Event: 43.820 Thread 0x00000127fb186c40 flushing osr nmethod 0x00000127a5985490
Event: 52.118 Thread 0x00000127fb186c40 flushing  nmethod 0x00000127a47bdb90
Event: 52.118 Thread 0x00000127fb186c40 flushing  nmethod 0x00000127a47c9f10
Event: 52.118 Thread 0x00000127fb186c40 flushing  nmethod 0x00000127a4831e10
Event: 52.118 Thread 0x00000127fb186c40 flushing  nmethod 0x00000127a4832a10
Event: 52.120 Thread 0x00000127fb186c40 flushing  nmethod 0x00000127a4a9a210
Event: 52.120 Thread 0x00000127fb186c40 flushing  nmethod 0x00000127a4ac7490
Event: 52.131 Thread 0x00000127fb186c40 flushing  nmethod 0x00000127a5977290
Event: 52.131 Thread 0x00000127fb186c40 flushing  nmethod 0x00000127a599e690
Event: 52.131 Thread 0x00000127fb186c40 flushing  nmethod 0x00000127a59a6990
Event: 52.131 Thread 0x00000127fb186c40 flushing  nmethod 0x00000127a59a6e10
Event: 52.131 Thread 0x00000127fb186c40 flushing  nmethod 0x00000127a59a8310

Events (20 events):
Event: 42.856 Thread 0x00000127fde72200 Thread added: 0x00000127fddbe810
Event: 42.938 Thread 0x00000127fde72200 Thread added: 0x00000127fddbb060
Event: 43.014 Thread 0x00000127fde72200 Thread added: 0x00000127fddbb570
Event: 43.015 Thread 0x00000127fde72200 Thread added: 0x00000127fddbba80
Event: 43.550 Thread 0x00000127fc625570 Thread added: 0x00000127fddbc9b0
Event: 45.881 Thread 0x00000127fc693310 Thread exited: 0x00000127fc693310
Event: 45.968 Thread 0x00000127fb183f70 Thread added: 0x00000127fc693db0
Event: 46.149 Thread 0x00000127fddbc4a0 Thread exited: 0x00000127fddbc4a0
Event: 47.003 Thread 0x00000127fddbe810 Thread exited: 0x00000127fddbe810
Event: 47.008 Thread 0x00000127fddbb570 Thread exited: 0x00000127fddbb570
Event: 47.052 Thread 0x00000127fddbba80 Thread exited: 0x00000127fddbba80
Event: 47.052 Thread 0x00000127fddbb060 Thread exited: 0x00000127fddbb060
Event: 47.052 Thread 0x00000127fddbe300 Thread exited: 0x00000127fddbe300
Event: 47.473 Thread 0x00000127fc693db0 Thread exited: 0x00000127fc693db0
Event: 48.244 Thread 0x00000127fb183f70 Thread added: 0x00000127fc698d60
Event: 52.855 Thread 0x00000127fc698d60 Thread exited: 0x00000127fc698d60
Event: 54.236 Thread 0x00000127fb183f70 Thread added: 0x00000127fc694300
Event: 54.833 Thread 0x00000127fc627df0 Thread added: 0x00000127fddbe300
Event: 55.600 Thread 0x00000127fde70dc0 Thread added: 0x00000127fddbe810
Event: 58.920 Thread 0x00000127fc694300 Thread exited: 0x00000127fc694300


Dynamic libraries:
0x00007ff766bb0000 - 0x00007ff766bbe000 	c:\Users\acer\.vscode\extensions\redhat.java-1.36.0-win32-x64\jre\17.0.13-win32-x86_64\bin\java.exe
0x00007ff961330000 - 0x00007ff961547000 	C:\WINDOWS\SYSTEM32\ntdll.dll
0x00007ff9610e0000 - 0x00007ff9611a4000 	C:\WINDOWS\System32\KERNEL32.DLL
0x00007ff95eca0000 - 0x00007ff95f057000 	C:\WINDOWS\System32\KERNELBASE.dll
0x00007ff95e9e0000 - 0x00007ff95eaf1000 	C:\WINDOWS\System32\ucrtbase.dll
0x00007ff9571f0000 - 0x00007ff957207000 	c:\Users\acer\.vscode\extensions\redhat.java-1.36.0-win32-x64\jre\17.0.13-win32-x86_64\bin\jli.dll
0x00007ff95f710000 - 0x00007ff95f8bf000 	C:\WINDOWS\System32\USER32.dll
0x00007ff95e6e0000 - 0x00007ff95e706000 	C:\WINDOWS\System32\win32u.dll
0x00007ff95f8c0000 - 0x00007ff95f8e9000 	C:\WINDOWS\System32\GDI32.dll
0x00007ff95eb80000 - 0x00007ff95ec98000 	C:\WINDOWS\System32\gdi32full.dll
0x00007ff95e710000 - 0x00007ff95e7aa000 	C:\WINDOWS\System32\msvcp_win.dll
0x00007ff948c30000 - 0x00007ff948c4e000 	c:\Users\acer\.vscode\extensions\redhat.java-1.36.0-win32-x64\jre\17.0.13-win32-x86_64\bin\VCRUNTIME140.dll
0x00007ff946ce0000 - 0x00007ff946f73000 	C:\WINDOWS\WinSxS\amd64_microsoft.windows.common-controls_6595b64144ccf1df_6.0.22621.3672_none_2713b9d173822955\COMCTL32.dll
0x00007ff95f8f0000 - 0x00007ff95f997000 	C:\WINDOWS\System32\msvcrt.dll
0x00007ff95f210000 - 0x00007ff95f241000 	C:\WINDOWS\System32\IMM32.DLL
0x00007ff959990000 - 0x00007ff95999c000 	c:\Users\acer\.vscode\extensions\redhat.java-1.36.0-win32-x64\jre\17.0.13-win32-x86_64\bin\vcruntime140_1.dll
0x00007ff91e0b0000 - 0x00007ff91e13d000 	c:\Users\acer\.vscode\extensions\redhat.java-1.36.0-win32-x64\jre\17.0.13-win32-x86_64\bin\msvcp140.dll
0x00007ff8a1740000 - 0x00007ff8a23ab000 	c:\Users\acer\.vscode\extensions\redhat.java-1.36.0-win32-x64\jre\17.0.13-win32-x86_64\bin\server\jvm.dll
0x00007ff95ffb0000 - 0x00007ff960062000 	C:\WINDOWS\System32\ADVAPI32.dll
0x00007ff961240000 - 0x00007ff9612e8000 	C:\WINDOWS\System32\sechost.dll
0x00007ff95e640000 - 0x00007ff95e668000 	C:\WINDOWS\System32\bcrypt.dll
0x00007ff95f4f0000 - 0x00007ff95f604000 	C:\WINDOWS\System32\RPCRT4.dll
0x00007ff960a80000 - 0x00007ff960af1000 	C:\WINDOWS\System32\WS2_32.dll
0x00007ff95e510000 - 0x00007ff95e55d000 	C:\WINDOWS\SYSTEM32\POWRPROF.dll
0x00007ff956810000 - 0x00007ff956844000 	C:\WINDOWS\SYSTEM32\WINMM.dll
0x00007ff9545e0000 - 0x00007ff9545ea000 	C:\WINDOWS\SYSTEM32\VERSION.dll
0x00007ff95e4f0000 - 0x00007ff95e503000 	C:\WINDOWS\SYSTEM32\UMPDC.dll
0x00007ff95d690000 - 0x00007ff95d6a8000 	C:\WINDOWS\SYSTEM32\kernel.appcore.dll
0x00007ff959960000 - 0x00007ff95996a000 	c:\Users\acer\.vscode\extensions\redhat.java-1.36.0-win32-x64\jre\17.0.13-win32-x86_64\bin\jimage.dll
0x00007ff94bd00000 - 0x00007ff94bf32000 	C:\WINDOWS\SYSTEM32\DBGHELP.DLL
0x00007ff95fba0000 - 0x00007ff95ff2e000 	C:\WINDOWS\System32\combase.dll
0x00007ff95f250000 - 0x00007ff95f327000 	C:\WINDOWS\System32\OLEAUT32.dll
0x00007ff93d3d0000 - 0x00007ff93d402000 	C:\WINDOWS\SYSTEM32\dbgcore.DLL
0x00007ff95eb00000 - 0x00007ff95eb7b000 	C:\WINDOWS\System32\bcryptPrimitives.dll
0x00007ff9572b0000 - 0x00007ff9572be000 	c:\Users\acer\.vscode\extensions\redhat.java-1.36.0-win32-x64\jre\17.0.13-win32-x86_64\bin\instrument.dll
0x00007ff92f920000 - 0x00007ff92f945000 	c:\Users\acer\.vscode\extensions\redhat.java-1.36.0-win32-x64\jre\17.0.13-win32-x86_64\bin\java.dll
0x00007ff945de0000 - 0x00007ff945df8000 	c:\Users\acer\.vscode\extensions\redhat.java-1.36.0-win32-x64\jre\17.0.13-win32-x86_64\bin\zip.dll
0x00007ff960100000 - 0x00007ff960969000 	C:\WINDOWS\System32\SHELL32.dll
0x00007ff95c5b0000 - 0x00007ff95ceaf000 	C:\WINDOWS\SYSTEM32\windows.storage.dll
0x00007ff95c470000 - 0x00007ff95c5af000 	C:\WINDOWS\SYSTEM32\wintypes.dll
0x00007ff95f610000 - 0x00007ff95f709000 	C:\WINDOWS\System32\SHCORE.dll
0x00007ff95f9a0000 - 0x00007ff95f9fe000 	C:\WINDOWS\System32\shlwapi.dll
0x00007ff95e570000 - 0x00007ff95e597000 	C:\WINDOWS\SYSTEM32\profapi.dll
0x00007ff91dec0000 - 0x00007ff91ded9000 	C:\Users\acer\.vscode\extensions\redhat.java-1.36.0-win32-x64\jre\17.0.13-win32-x86_64\bin\net.dll
0x00007ff956310000 - 0x00007ff956446000 	C:\WINDOWS\SYSTEM32\WINHTTP.dll
0x00007ff95db00000 - 0x00007ff95db69000 	C:\WINDOWS\system32\mswsock.dll
0x00007ff913490000 - 0x00007ff9134a6000 	C:\Users\acer\.vscode\extensions\redhat.java-1.36.0-win32-x64\jre\17.0.13-win32-x86_64\bin\nio.dll
0x00007ff957180000 - 0x00007ff957190000 	c:\Users\acer\.vscode\extensions\redhat.java-1.36.0-win32-x64\jre\17.0.13-win32-x86_64\bin\verify.dll
0x00007ff90a540000 - 0x00007ff90a585000 	C:\Users\acer\AppData\Roaming\Code\User\globalStorage\redhat.java\1.36.0\config_win\org.eclipse.equinox.launcher\org.eclipse.equinox.launcher.win32.win32.x86_64_1.2.1100.v20240722-2106\eclipse_11904.dll
0x00007ff95f060000 - 0x00007ff95f205000 	C:\WINDOWS\System32\ole32.dll
0x00007ff95dd50000 - 0x00007ff95dd6b000 	C:\WINDOWS\SYSTEM32\CRYPTSP.dll
0x00007ff95d5f0000 - 0x00007ff95d625000 	C:\WINDOWS\system32\rsaenh.dll
0x00007ff95dbf0000 - 0x00007ff95dc18000 	C:\WINDOWS\SYSTEM32\USERENV.dll
0x00007ff95dd70000 - 0x00007ff95dd7c000 	C:\WINDOWS\SYSTEM32\CRYPTBASE.dll
0x00007ff95d150000 - 0x00007ff95d17d000 	C:\WINDOWS\SYSTEM32\IPHLPAPI.DLL
0x00007ff95ff30000 - 0x00007ff95ff39000 	C:\WINDOWS\System32\NSI.dll
0x00007ff954770000 - 0x00007ff954789000 	C:\WINDOWS\SYSTEM32\dhcpcsvc6.DLL
0x00007ff954720000 - 0x00007ff95473f000 	C:\WINDOWS\SYSTEM32\dhcpcsvc.DLL
0x00007ff95d180000 - 0x00007ff95d282000 	C:\WINDOWS\SYSTEM32\DNSAPI.dll
0x00007ff8e8d20000 - 0x00007ff8e8d69000 	C:\Users\acer\AppData\Local\Temp\jna-2988111\jna15077469889409229107.dll
0x00007ff95fb90000 - 0x00007ff95fb98000 	C:\WINDOWS\System32\PSAPI.DLL

dbghelp: loaded successfully - version: 4.0.5 - missing functions: none
symbol engine: initialized successfully - sym options: 0x614 - pdb path: .;c:\Users\acer\.vscode\extensions\redhat.java-1.36.0-win32-x64\jre\17.0.13-win32-x86_64\bin;C:\WINDOWS\SYSTEM32;C:\WINDOWS\WinSxS\amd64_microsoft.windows.common-controls_6595b64144ccf1df_6.0.22621.3672_none_2713b9d173822955;c:\Users\acer\.vscode\extensions\redhat.java-1.36.0-win32-x64\jre\17.0.13-win32-x86_64\bin\server;C:\Users\acer\AppData\Roaming\Code\User\globalStorage\redhat.java\1.36.0\config_win\org.eclipse.equinox.launcher\org.eclipse.equinox.launcher.win32.win32.x86_64_1.2.1100.v20240722-2106;C:\Users\acer\AppData\Local\Temp\jna-2988111

VM Arguments:
jvm_args: --add-modules=ALL-SYSTEM --add-opens=java.base/java.util=ALL-UNNAMED --add-opens=java.base/java.lang=ALL-UNNAMED --add-opens=java.base/sun.nio.fs=ALL-UNNAMED -Declipse.application=org.eclipse.jdt.ls.core.id1 -Dosgi.bundles.defaultStartLevel=4 -Declipse.product=org.eclipse.jdt.ls.core.product -Djava.import.generatesMetadataFilesAtProjectRoot=false -DDetectVMInstallationsJob.disabled=true -Dfile.encoding=utf8 -XX:+UseParallelGC -XX:GCTimeRatio=4 -XX:AdaptiveSizePolicyWeight=90 -Dsun.zip.disableMemoryMapping=true -Xmx1G -Xms100m -Xlog:disable -javaagent:c:\Users\acer\.vscode\extensions\redhat.java-1.36.0-win32-x64\lombok\lombok-1.18.35.jar -XX:+HeapDumpOnOutOfMemoryError -XX:HeapDumpPath=c:\Users\acer\AppData\Roaming\Code\User\workspaceStorage\d74b810386a082b132b1c7d3cf754bea\redhat.java -Daether.dependencyCollector.impl=bf 
java_command: c:\Users\acer\.vscode\extensions\redhat.java-1.36.0-win32-x64\server\plugins\org.eclipse.equinox.launcher_1.6.900.v20240613-2009.jar -configuration c:\Users\acer\AppData\Roaming\Code\User\globalStorage\redhat.java\1.36.0\config_win -data c:\Users\acer\AppData\Roaming\Code\User\workspaceStorage\d74b810386a082b132b1c7d3cf754bea\redhat.java\jdt_ws --pipe=\\.\pipe\lsp-fa6379fb3b083014a71479dcf5d92c48-sock
java_class_path (initial): c:\Users\acer\.vscode\extensions\redhat.java-1.36.0-win32-x64\server\plugins\org.eclipse.equinox.launcher_1.6.900.v20240613-2009.jar
Launcher Type: SUN_STANDARD

[Global flags]
    uintx AdaptiveSizePolicyWeight                 = 90                                        {product} {command line}
     intx CICompilerCount                          = 3                                         {product} {ergonomic}
    uintx GCTimeRatio                              = 4                                         {product} {command line}
     bool HeapDumpOnOutOfMemoryError               = true                                   {manageable} {command line}
    ccstr HeapDumpPath                             = c:\Users\acer\AppData\Roaming\Code\User\workspaceStorage\d74b810386a082b132b1c7d3cf754bea\redhat.java         {manageable} {command line}
   size_t InitialHeapSize                          = 104857600                                 {product} {command line}
   size_t MaxHeapSize                              = 1073741824                                {product} {command line}
   size_t MaxNewSize                               = 357564416                                 {product} {ergonomic}
   size_t MinHeapDeltaBytes                        = 524288                                    {product} {ergonomic}
   size_t MinHeapSize                              = 104857600                                 {product} {command line}
   size_t NewSize                                  = 34603008                                  {product} {ergonomic}
    uintx NonNMethodCodeHeapSize                   = 5832780                                {pd product} {ergonomic}
    uintx NonProfiledCodeHeapSize                  = 122912730                              {pd product} {ergonomic}
   size_t OldSize                                  = 70254592                                  {product} {ergonomic}
    uintx ProfiledCodeHeapSize                     = 122912730                              {pd product} {ergonomic}
    uintx ReservedCodeCacheSize                    = 251658240                              {pd product} {ergonomic}
     bool SegmentedCodeCache                       = true                                      {product} {ergonomic}
   size_t SoftMaxHeapSize                          = 1073741824                             {manageable} {ergonomic}
     bool UseCompressedClassPointers               = true                           {product lp64_product} {ergonomic}
     bool UseCompressedOops                        = true                           {product lp64_product} {ergonomic}
     bool UseLargePagesIndividualAllocation        = false                                  {pd product} {ergonomic}
     bool UseParallelGC                            = true                                      {product} {command line}

Logging:
Log output configuration:
 #0: stdout all=off uptime,level,tags
 #1: stderr all=off uptime,level,tags

Environment Variables:
CLASSPATH=.;.;C:\PROGRA~2\JMF21~1.1E\lib\sound.jar;C:\PROGRA~2\JMF21~1.1E\lib\jmf.jar;C:\PROGRA~2\JMF21~1.1E\lib;
PATH=C:\Program Files\Common Files\Oracle\Java\javapath;C:\WINDOWS\system32;C:\WINDOWS;C:\WINDOWS\System32\Wbem;C:\WINDOWS\System32\WindowsPowerShell\v1.0\;C:\WINDOWS\System32\OpenSSH\;C:\Program Files\Git\cmd;C:\Users\acer\OneDrive\Escritorio\sablecc-3.7\sablecc-3.7\bin;C:\Program Files (x86)\Microsoft SQL Server\160\Tools\Binn\;C:\Program Files\Microsoft SQL Server\160\Tools\Binn\;C:\Program Files\Microsoft SQL Server\Client SDK\ODBC\170\Tools\Binn\;C:\Program Files\Microsoft SQL Server\160\DTS\Binn\;C:\Program Files (x86)\Microsoft SQL Server\160\DTS\Binn\;C:\workspace\apache-maven-3.9.9-bin\apache-maven-3.9.9\bin;C:\Users\acer\AppData\Local\Programs\Python\Python312\Scripts\;C:\Users\acer\AppData\Local\Programs\Python\Python312\;C:\Users\acer\AppData\Local\Microsoft\WindowsApps;C:\Program Files\JetBrains\IntelliJ IDEA 2021.2.1\bin;;C:\Users\acer\AppData\Local\Programs\Microsoft VS Code\bin;C:\Program Files\MySQL\MySQL Server 8.0\bin;C:\Users\acer\AppData\Local\GitHubDesktop\bin
USERNAME=acer
OS=Windows_NT
PROCESSOR_IDENTIFIER=Intel64 Family 6 Model 126 Stepping 5, GenuineIntel
TMP=C:\Users\acer\AppData\Local\Temp
TEMP=C:\Users\acer\AppData\Local\Temp



Periodic native trim disabled


---------------  S Y S T E M  ---------------

OS:
 Windows 11 , 64 bit Build 22621 (10.0.22621.3958)
OS uptime: 0 days 1:52 hours

CPU: total 4 (initial active 4) (2 cores per cpu, 2 threads per core) family 6 model 126 stepping 5 microcode 0x86, cx8, cmov, fxsr, ht, mmx, 3dnowpref, sse, sse2, sse3, ssse3, sse4.1, sse4.2, popcnt, lzcnt, tsc, tscinvbit, avx, avx2, aes, erms, clmul, bmi1, bmi2, adx, avx512f, avx512dq, avx512cd, avx512bw, avx512vl, sha, fma, vzeroupper, avx512_vpopcntdq, avx512_vpclmulqdq, avx512_vaes, avx512_vnni, clflush, clflushopt, avx512_vbmi2, avx512_vbmi
Processor Information for all 4 processors :
  Max Mhz: 1190, Current Mhz: 1190, Mhz Limit: 1190

Memory: 4k page, system-wide physical 7981M (1119M free)
TotalPageFile size 12350M (AvailPageFile size 3M)
current process WorkingSet (physical memory assigned to process): 524M, peak: 524M
current process commit charge ("private bytes"): 498M, peak: 504M

vm_info: OpenJDK 64-Bit Server VM (17.0.13+11) for windows-amd64 JRE (17.0.13+11), built on Oct 16 2024 00:10:08 by "admin" with MS VC++ 17.7 (VS2022)

END.
