#
# There is insufficient memory for the Java Runtime Environment to continue.
# Native memory allocation (malloc) failed to allocate 32744 bytes. Error detail: ChunkPool::allocate
# Possible reasons:
#   The system is out of physical RAM or swap space
#   This process is running with CompressedOops enabled, and the Java Heap may be blocking the growth of the native heap
# Possible solutions:
#   Reduce memory load on the system
#   Increase physical memory or swap space
#   Check if swap backing store is full
#   Decrease Java heap size (-Xmx/-Xms)
#   Decrease number of Java threads
#   Decrease Java thread stack sizes (-Xss)
#   Set larger code cache with -XX:ReservedCodeCacheSize=
#   JVM is running with Unscaled Compressed Oops mode in which the Java heap is
#     placed in the first 4GB address space. The Java Heap base address is the
#     maximum limit for the native heap growth. Please use -XX:HeapBaseMinAddress
#     to set the Java Heap base and to place the Java Heap above 4GB virtual address.
# This output file may be truncated or incomplete.
#
#  Out of Memory Error (arena.cpp:79), pid=21468, tid=20360
#
# JRE version: OpenJDK Runtime Environment Temurin-17.0.13+11 (17.0.13+11) (build 17.0.13+11)
# Java VM: OpenJDK 64-Bit Server VM Temurin-17.0.13+11 (17.0.13+11, mixed mode, tiered, compressed oops, compressed class ptrs, parallel gc, windows-amd64)
# No core dump will be written. Minidumps are not enabled by default on client versions of Windows
#

---------------  S U M M A R Y ------------

Command Line: --add-modules=ALL-SYSTEM --add-opens=java.base/java.util=ALL-UNNAMED --add-opens=java.base/java.lang=ALL-UNNAMED --add-opens=java.base/sun.nio.fs=ALL-UNNAMED -Declipse.application=org.eclipse.jdt.ls.core.id1 -Dosgi.bundles.defaultStartLevel=4 -Declipse.product=org.eclipse.jdt.ls.core.product -Djava.import.generatesMetadataFilesAtProjectRoot=false -DDetectVMInstallationsJob.disabled=true -Dfile.encoding=utf8 -XX:+UseParallelGC -XX:GCTimeRatio=4 -XX:AdaptiveSizePolicyWeight=90 -Dsun.zip.disableMemoryMapping=true -Xmx1G -Xms100m -Xlog:disable -javaagent:c:\Users\acer\.vscode\extensions\redhat.java-1.36.0-win32-x64\lombok\lombok-1.18.35.jar -XX:+HeapDumpOnOutOfMemoryError -XX:HeapDumpPath=c:\Users\acer\AppData\Roaming\Code\User\workspaceStorage\d74b810386a082b132b1c7d3cf754bea\redhat.java -Daether.dependencyCollector.impl=bf c:\Users\acer\.vscode\extensions\redhat.java-1.36.0-win32-x64\server\plugins\org.eclipse.equinox.launcher_1.6.900.v20240613-2009.jar -configuration c:\Users\acer\AppData\Roaming\Code\User\globalStorage\redhat.java\1.36.0\config_win -data c:\Users\acer\AppData\Roaming\Code\User\workspaceStorage\d74b810386a082b132b1c7d3cf754bea\redhat.java\jdt_ws --pipe=\\.\pipe\lsp-09360d5e62792310df586d8ff7559b2f-sock

Host: Intel(R) Core(TM) i3-1005G1 CPU @ 1.20GHz, 4 cores, 7G,  Windows 11 , 64 bit Build 22621 (10.0.22621.3958)
Time: Tue Nov  5 20:59:53 2024 Hora verano Sudamérica Pacífico elapsed time: 7.399682 seconds (0d 0h 0m 7s)

---------------  T H R E A D  ---------------

Current thread (0x000001cdc9c28e30):  JavaThread "C1 CompilerThread0" daemon [_thread_in_native, id=20360, stack(0x0000007c10a00000,0x0000007c10b00000)]


Current CompileTask:
C1:   7399 2412   !   3       com.sun.org.apache.xerces.internal.impl.XMLDocumentFragmentScannerImpl$FragmentContentDriver::next (2333 bytes)

Stack: [0x0000007c10a00000,0x0000007c10b00000]
Native frames: (J=compiled Java code, j=interpreted, Vv=VM code, C=native code)
V  [jvm.dll+0x682a19]
V  [jvm.dll+0x839538]
V  [jvm.dll+0x83afe3]
V  [jvm.dll+0x83b653]
V  [jvm.dll+0x24704f]
V  [jvm.dll+0xad03c]
V  [jvm.dll+0xad4cc]
V  [jvm.dll+0x11c7d5]
V  [jvm.dll+0x17928d]
V  [jvm.dll+0x179e63]
V  [jvm.dll+0x135503]
V  [jvm.dll+0x134dcf]
V  [jvm.dll+0x135018]
V  [jvm.dll+0x1344a1]
V  [jvm.dll+0x13618d]
V  [jvm.dll+0x22788c]
V  [jvm.dll+0x2259eb]
V  [jvm.dll+0x7eec98]
V  [jvm.dll+0x7e8ffc]
V  [jvm.dll+0x6818f7]
C  [ucrtbase.dll+0x29333]
C  [KERNEL32.DLL+0x1257d]
C  [ntdll.dll+0x5af08]


---------------  P R O C E S S  ---------------

Threads class SMR info:
_java_thread_list=0x000001cdcab8a770, length=19, elements={
0x000001cdaec91510, 0x000001cdc4a32030, 0x000001cdc4a33390, 0x000001cdc4a61f20,
0x000001cdc4a629f0, 0x000001cdc4a635b0, 0x000001cdc4a64170, 0x000001cdc4a66e70,
0x000001cdc9c28e30, 0x000001cdc9c2b450, 0x000001cdaecf4300, 0x000001cdc9e6cf50,
0x000001cdca5181c0, 0x000001cdca7cd330, 0x000001cdcaac6220, 0x000001cdca5d4d70,
0x000001cdca7b3bd0, 0x000001cdcae684a0, 0x000001cdcae66640
}

Java Threads: ( => current thread )
  0x000001cdaec91510 JavaThread "main" [_thread_blocked, id=11372, stack(0x0000007c10000000,0x0000007c10100000)]
  0x000001cdc4a32030 JavaThread "Reference Handler" daemon [_thread_blocked, id=15772, stack(0x0000007c10300000,0x0000007c10400000)]
  0x000001cdc4a33390 JavaThread "Finalizer" daemon [_thread_blocked, id=2320, stack(0x0000007c10400000,0x0000007c10500000)]
  0x000001cdc4a61f20 JavaThread "Signal Dispatcher" daemon [_thread_blocked, id=6600, stack(0x0000007c10500000,0x0000007c10600000)]
  0x000001cdc4a629f0 JavaThread "Attach Listener" daemon [_thread_blocked, id=12932, stack(0x0000007c10600000,0x0000007c10700000)]
  0x000001cdc4a635b0 JavaThread "Service Thread" daemon [_thread_blocked, id=8224, stack(0x0000007c10700000,0x0000007c10800000)]
  0x000001cdc4a64170 JavaThread "Monitor Deflation Thread" daemon [_thread_blocked, id=19888, stack(0x0000007c10800000,0x0000007c10900000)]
  0x000001cdc4a66e70 JavaThread "C2 CompilerThread0" daemon [_thread_blocked, id=4156, stack(0x0000007c10900000,0x0000007c10a00000)]
=>0x000001cdc9c28e30 JavaThread "C1 CompilerThread0" daemon [_thread_in_native, id=20360, stack(0x0000007c10a00000,0x0000007c10b00000)]
  0x000001cdc9c2b450 JavaThread "Sweeper thread" daemon [_thread_blocked, id=4948, stack(0x0000007c10b00000,0x0000007c10c00000)]
  0x000001cdaecf4300 JavaThread "Common-Cleaner" daemon [_thread_blocked, id=14316, stack(0x0000007c10c00000,0x0000007c10d00000)]
  0x000001cdc9e6cf50 JavaThread "Notification Thread" daemon [_thread_blocked, id=8080, stack(0x0000007c10d00000,0x0000007c10e00000)]
  0x000001cdca5181c0 JavaThread "Active Thread: Equinox Container: feb4c71d-21da-4413-b6a0-9764c0ca9f5a" [_thread_blocked, id=13316, stack(0x0000007c11200000,0x0000007c11300000)]
  0x000001cdca7cd330 JavaThread "Refresh Thread: Equinox Container: feb4c71d-21da-4413-b6a0-9764c0ca9f5a" daemon [_thread_blocked, id=17012, stack(0x0000007c11400000,0x0000007c11500000)]
  0x000001cdcaac6220 JavaThread "Framework Event Dispatcher: Equinox Container: feb4c71d-21da-4413-b6a0-9764c0ca9f5a" daemon [_thread_blocked, id=18392, stack(0x0000007c11500000,0x0000007c11600000)]
  0x000001cdca5d4d70 JavaThread "Start Level: Equinox Container: feb4c71d-21da-4413-b6a0-9764c0ca9f5a" daemon [_thread_in_native, id=17856, stack(0x0000007c11300000,0x0000007c11400000)]
  0x000001cdca7b3bd0 JavaThread "Bundle File Closer" daemon [_thread_blocked, id=16288, stack(0x0000007c11700000,0x0000007c11800000)]
  0x000001cdcae684a0 JavaThread "SCR Component Actor" daemon [_thread_blocked, id=3396, stack(0x0000007c11600000,0x0000007c11700000)]
  0x000001cdcae66640 JavaThread "SCR Component Registry" daemon [_thread_blocked, id=8160, stack(0x0000007c11800000,0x0000007c11900000)]

Other Threads:
  0x000001cdc4a197c0 VMThread "VM Thread" [stack: 0x0000007c10200000,0x0000007c10300000] [id=3896]
  0x000001cdc9e7b010 WatcherThread [stack: 0x0000007c10e00000,0x0000007c10f00000] [id=9132]
  0x000001cdaeca4a70 GCTaskThread "GC Thread#0" [stack: 0x0000007c10100000,0x0000007c10200000] [id=2720]
  0x000001cdca0fe5c0 GCTaskThread "GC Thread#1" [stack: 0x0000007c10f00000,0x0000007c11000000] [id=13268]
  0x000001cdca2f33d0 GCTaskThread "GC Thread#2" [stack: 0x0000007c11000000,0x0000007c11100000] [id=2988]
  0x000001cdca2f3690 GCTaskThread "GC Thread#3" [stack: 0x0000007c11100000,0x0000007c11200000] [id=8900]

Threads with active compile tasks:
C1 CompilerThread0     7423 2412   !   3       com.sun.org.apache.xerces.internal.impl.XMLDocumentFragmentScannerImpl$FragmentContentDriver::next (2333 bytes)

VM state: not at safepoint (normal execution)

VM Mutex/Monitor currently owned by a thread: None

Heap address: 0x00000000c0000000, size: 1024 MB, Compressed Oops mode: 32-bit

CDS archive(s) not mapped
Compressed class space mapped at: 0x0000000100000000-0x0000000140000000, reserved size: 1073741824
Narrow klass base: 0x0000000000000000, Narrow klass shift: 3, Narrow klass range: 0x140000000

GC Precious Log:
 CPUs: 4 total, 4 available
 Memory: 7981M
 Large Page Support: Disabled
 NUMA Support: Disabled
 Compressed Oops: Enabled (32-bit)
 Alignments: Space 512K, Generation 512K, Heap 2M
 Heap Min Capacity: 100M
 Heap Initial Capacity: 100M
 Heap Max Capacity: 1G
 Pre-touch: Disabled
 Parallel Workers: 4

Heap:
 PSYoungGen      total 29696K, used 22772K [0x00000000eab00000, 0x00000000ecc00000, 0x0000000100000000)
  eden space 25600K, 72% used [0x00000000eab00000,0x00000000ebd3ed68,0x00000000ec400000)
  from space 4096K, 99% used [0x00000000ec400000,0x00000000ec7fe3c8,0x00000000ec800000)
  to   space 4096K, 0% used [0x00000000ec800000,0x00000000ec800000,0x00000000ecc00000)
 ParOldGen       total 68608K, used 5820K [0x00000000c0000000, 0x00000000c4300000, 0x00000000eab00000)
  object space 68608K, 8% used [0x00000000c0000000,0x00000000c05af270,0x00000000c4300000)
 Metaspace       used 19011K, committed 19328K, reserved 1114112K
  class space    used 1932K, committed 2048K, reserved 1048576K

Card table byte_map: [0x000001cdc22f0000,0x000001cdc2500000] _byte_map_base: 0x000001cdc1cf0000

Marking Bits: (ParMarkBitMap*) 0x00007ff8a0786940
 Begin Bits: [0x000001cdc2660000, 0x000001cdc3660000)
 End Bits:   [0x000001cdc3660000, 0x000001cdc4660000)

Polling page: 0x000001cdaed40000

Metaspace:

Usage:
  Non-class:     16.68 MB used.
      Class:      1.89 MB used.
       Both:     18.57 MB used.

Virtual space:
  Non-class space:       64.00 MB reserved,      16.88 MB ( 26%) committed,  1 nodes.
      Class space:        1.00 GB reserved,       2.00 MB ( <1%) committed,  1 nodes.
             Both:        1.06 GB reserved,      18.88 MB (  2%) committed. 

Chunk freelists:
   Non-Class:  15.17 MB
       Class:  13.91 MB
        Both:  29.08 MB

MaxMetaspaceSize: unlimited
CompressedClassSpaceSize: 1.00 GB
Initial GC threshold: 21.00 MB
Current GC threshold: 21.00 MB
CDS: off
MetaspaceReclaimPolicy: balanced
 - commit_granule_bytes: 65536.
 - commit_granule_words: 8192.
 - virtual_space_node_default_size: 8388608.
 - enlarge_chunks_in_place: 1.
 - new_chunks_are_fully_committed: 0.
 - uncommit_free_chunks: 1.
 - use_allocation_guard: 0.
 - handle_deallocations: 1.


Internal statistics:

num_allocs_failed_limit: 0.
num_arena_births: 144.
num_arena_deaths: 0.
num_vsnodes_births: 2.
num_vsnodes_deaths: 0.
num_space_committed: 302.
num_space_uncommitted: 0.
num_chunks_returned_to_freelist: 0.
num_chunks_taken_from_freelist: 477.
num_chunk_merges: 0.
num_chunk_splits: 309.
num_chunks_enlarged: 223.
num_inconsistent_stats: 0.

CodeHeap 'non-profiled nmethods': size=120000Kb used=1057Kb max_used=1057Kb free=118942Kb
 bounds [0x000001cdbabe0000, 0x000001cdbae50000, 0x000001cdc2110000]
CodeHeap 'profiled nmethods': size=120000Kb used=4617Kb max_used=4617Kb free=115382Kb
 bounds [0x000001cdb3110000, 0x000001cdb35a0000, 0x000001cdba640000]
CodeHeap 'non-nmethods': size=5760Kb used=1186Kb max_used=1204Kb free=4573Kb
 bounds [0x000001cdba640000, 0x000001cdba8b0000, 0x000001cdbabe0000]
 total_blobs=2893 nmethods=2416 adapters=391
 compilation: enabled
              stopped_count=0, restarted_count=0
 full_count=0

Compilation events (20 events):
Event: 7.385 Thread 0x000001cdc9c28e30 nmethod 2407 0x000001cdb3586c10 code [0x000001cdb3586e20, 0x000001cdb3587468]
Event: 7.385 Thread 0x000001cdc9c28e30 2408       3       com.sun.org.apache.xerces.internal.impl.XMLEntityScanner::checkLimit (256 bytes)
Event: 7.387 Thread 0x000001cdc9c28e30 nmethod 2408 0x000001cdb3587690 code [0x000001cdb3587b60, 0x000001cdb358a708]
Event: 7.387 Thread 0x000001cdc9c28e30 2411       3       com.sun.org.apache.xerces.internal.util.SymbolTable::hash (53 bytes)
Event: 7.387 Thread 0x000001cdc9c28e30 nmethod 2411 0x000001cdb358b890 code [0x000001cdb358ba40, 0x000001cdb358bcc8]
Event: 7.387 Thread 0x000001cdc9c28e30 2409       3       com.sun.org.apache.xerces.internal.utils.XMLLimitAnalyzer::addValue (11 bytes)
Event: 7.388 Thread 0x000001cdc9c28e30 nmethod 2409 0x000001cdb358be10 code [0x000001cdb358bfc0, 0x000001cdb358c128]
Event: 7.388 Thread 0x000001cdc9c28e30 2410       3       com.sun.org.apache.xerces.internal.utils.XMLLimitAnalyzer::addValue (260 bytes)
Event: 7.389 Thread 0x000001cdc9c28e30 nmethod 2410 0x000001cdb358c210 code [0x000001cdb358c520, 0x000001cdb358d8c8]
Event: 7.389 Thread 0x000001cdc9c28e30 2415       3       com.sun.org.apache.xerces.internal.util.XMLAttributesImpl::getName (14 bytes)
Event: 7.389 Thread 0x000001cdc9c28e30 nmethod 2415 0x000001cdb358df90 code [0x000001cdb358e140, 0x000001cdb358e358]
Event: 7.389 Thread 0x000001cdc9c28e30 2414       3       com.sun.org.apache.xerces.internal.util.ParserConfigurationSettings::getProperty (31 bytes)
Event: 7.389 Thread 0x000001cdc9c28e30 nmethod 2414 0x000001cdb358e510 code [0x000001cdb358e6e0, 0x000001cdb358ea18]
Event: 7.389 Thread 0x000001cdc9c28e30 2416       3       com.sun.org.apache.xerces.internal.impl.XMLEntityScanner::scanQName (580 bytes)
Event: 7.391 Thread 0x000001cdc9c28e30 nmethod 2416 0x000001cdb358eb90 code [0x000001cdb358ef00, 0x000001cdb35902b8]
Event: 7.391 Thread 0x000001cdc9c28e30 2418       3       com.sun.org.apache.xerces.internal.util.NamespaceSupport::getURI (38 bytes)
Event: 7.391 Thread 0x000001cdc9c28e30 nmethod 2418 0x000001cdb3590c90 code [0x000001cdb3590e40, 0x000001cdb35910b8]
Event: 7.391 Thread 0x000001cdc9c28e30 2419       3       com.sun.org.apache.xerces.internal.impl.XMLDocumentFragmentScannerImpl::seekCloseOfStartTag (138 bytes)
Event: 7.392 Thread 0x000001cdc9c28e30 nmethod 2419 0x000001cdb3591210 code [0x000001cdb3591480, 0x000001cdb35920c8]
Event: 7.392 Thread 0x000001cdc9c28e30 2412   !   3       com.sun.org.apache.xerces.internal.impl.XMLDocumentFragmentScannerImpl$FragmentContentDriver::next (2333 bytes)

GC Heap History (6 events):
Event: 2.677 GC heap before
{Heap before GC invocations=1 (full 0):
 PSYoungGen      total 29696K, used 25600K [0x00000000eab00000, 0x00000000ecc00000, 0x0000000100000000)
  eden space 25600K, 100% used [0x00000000eab00000,0x00000000ec400000,0x00000000ec400000)
  from space 4096K, 0% used [0x00000000ec800000,0x00000000ec800000,0x00000000ecc00000)
  to   space 4096K, 0% used [0x00000000ec400000,0x00000000ec400000,0x00000000ec800000)
 ParOldGen       total 68608K, used 0K [0x00000000c0000000, 0x00000000c4300000, 0x00000000eab00000)
  object space 68608K, 0% used [0x00000000c0000000,0x00000000c0000000,0x00000000c4300000)
 Metaspace       used 10974K, committed 11200K, reserved 1114112K
  class space    used 1091K, committed 1216K, reserved 1048576K
}
Event: 2.727 GC heap after
{Heap after GC invocations=1 (full 0):
 PSYoungGen      total 29696K, used 3172K [0x00000000eab00000, 0x00000000ecc00000, 0x0000000100000000)
  eden space 25600K, 0% used [0x00000000eab00000,0x00000000eab00000,0x00000000ec400000)
  from space 4096K, 77% used [0x00000000ec400000,0x00000000ec719340,0x00000000ec800000)
  to   space 4096K, 0% used [0x00000000ec800000,0x00000000ec800000,0x00000000ecc00000)
 ParOldGen       total 68608K, used 0K [0x00000000c0000000, 0x00000000c4300000, 0x00000000eab00000)
  object space 68608K, 0% used [0x00000000c0000000,0x00000000c0000000,0x00000000c4300000)
 Metaspace       used 10974K, committed 11200K, reserved 1114112K
  class space    used 1091K, committed 1216K, reserved 1048576K
}
Event: 4.275 GC heap before
{Heap before GC invocations=2 (full 0):
 PSYoungGen      total 29696K, used 28772K [0x00000000eab00000, 0x00000000ecc00000, 0x0000000100000000)
  eden space 25600K, 100% used [0x00000000eab00000,0x00000000ec400000,0x00000000ec400000)
  from space 4096K, 77% used [0x00000000ec400000,0x00000000ec719340,0x00000000ec800000)
  to   space 4096K, 0% used [0x00000000ec800000,0x00000000ec800000,0x00000000ecc00000)
 ParOldGen       total 68608K, used 0K [0x00000000c0000000, 0x00000000c4300000, 0x00000000eab00000)
  object space 68608K, 0% used [0x00000000c0000000,0x00000000c0000000,0x00000000c4300000)
 Metaspace       used 14293K, committed 14464K, reserved 1114112K
  class space    used 1425K, committed 1472K, reserved 1048576K
}
Event: 4.280 GC heap after
{Heap after GC invocations=2 (full 0):
 PSYoungGen      total 29696K, used 4092K [0x00000000eab00000, 0x00000000ecc00000, 0x0000000100000000)
  eden space 25600K, 0% used [0x00000000eab00000,0x00000000eab00000,0x00000000ec400000)
  from space 4096K, 99% used [0x00000000ec800000,0x00000000ecbff100,0x00000000ecc00000)
  to   space 4096K, 0% used [0x00000000ec400000,0x00000000ec400000,0x00000000ec800000)
 ParOldGen       total 68608K, used 1564K [0x00000000c0000000, 0x00000000c4300000, 0x00000000eab00000)
  object space 68608K, 2% used [0x00000000c0000000,0x00000000c0187370,0x00000000c4300000)
 Metaspace       used 14293K, committed 14464K, reserved 1114112K
  class space    used 1425K, committed 1472K, reserved 1048576K
}
Event: 5.803 GC heap before
{Heap before GC invocations=3 (full 0):
 PSYoungGen      total 29696K, used 29692K [0x00000000eab00000, 0x00000000ecc00000, 0x0000000100000000)
  eden space 25600K, 100% used [0x00000000eab00000,0x00000000ec400000,0x00000000ec400000)
  from space 4096K, 99% used [0x00000000ec800000,0x00000000ecbff100,0x00000000ecc00000)
  to   space 4096K, 0% used [0x00000000ec400000,0x00000000ec400000,0x00000000ec800000)
 ParOldGen       total 68608K, used 1564K [0x00000000c0000000, 0x00000000c4300000, 0x00000000eab00000)
  object space 68608K, 2% used [0x00000000c0000000,0x00000000c0187370,0x00000000c4300000)
 Metaspace       used 16257K, committed 16448K, reserved 1114112K
  class space    used 1637K, committed 1728K, reserved 1048576K
}
Event: 5.810 GC heap after
{Heap after GC invocations=3 (full 0):
 PSYoungGen      total 29696K, used 4088K [0x00000000eab00000, 0x00000000ecc00000, 0x0000000100000000)
  eden space 25600K, 0% used [0x00000000eab00000,0x00000000eab00000,0x00000000ec400000)
  from space 4096K, 99% used [0x00000000ec400000,0x00000000ec7fe3c8,0x00000000ec800000)
  to   space 4096K, 0% used [0x00000000ec800000,0x00000000ec800000,0x00000000ecc00000)
 ParOldGen       total 68608K, used 5820K [0x00000000c0000000, 0x00000000c4300000, 0x00000000eab00000)
  object space 68608K, 8% used [0x00000000c0000000,0x00000000c05af270,0x00000000c4300000)
 Metaspace       used 16257K, committed 16448K, reserved 1114112K
  class space    used 1637K, committed 1728K, reserved 1048576K
}

Dll operation events (9 events):
Event: 0.059 Loaded shared library c:\Users\acer\.vscode\extensions\redhat.java-1.36.0-win32-x64\jre\17.0.13-win32-x86_64\bin\java.dll
Event: 0.695 Loaded shared library c:\Users\acer\.vscode\extensions\redhat.java-1.36.0-win32-x64\jre\17.0.13-win32-x86_64\bin\zip.dll
Event: 0.705 Loaded shared library C:\Users\acer\.vscode\extensions\redhat.java-1.36.0-win32-x64\jre\17.0.13-win32-x86_64\bin\instrument.dll
Event: 0.731 Loaded shared library C:\Users\acer\.vscode\extensions\redhat.java-1.36.0-win32-x64\jre\17.0.13-win32-x86_64\bin\net.dll
Event: 0.739 Loaded shared library C:\Users\acer\.vscode\extensions\redhat.java-1.36.0-win32-x64\jre\17.0.13-win32-x86_64\bin\nio.dll
Event: 0.769 Loaded shared library C:\Users\acer\.vscode\extensions\redhat.java-1.36.0-win32-x64\jre\17.0.13-win32-x86_64\bin\zip.dll
Event: 0.804 Loaded shared library C:\Users\acer\.vscode\extensions\redhat.java-1.36.0-win32-x64\jre\17.0.13-win32-x86_64\bin\jimage.dll
Event: 1.026 Loaded shared library c:\Users\acer\.vscode\extensions\redhat.java-1.36.0-win32-x64\jre\17.0.13-win32-x86_64\bin\verify.dll
Event: 4.126 Loaded shared library C:\Users\acer\AppData\Roaming\Code\User\globalStorage\redhat.java\1.36.0\config_win\org.eclipse.equinox.launcher\org.eclipse.equinox.launcher.win32.win32.x86_64_1.2.1100.v20240722-2106\eclipse_11904.dll

Deoptimization events (20 events):
Event: 7.039 Thread 0x000001cdca5d4d70 Uncommon trap: trap_request=0xffffff45 fr.pc=0x000001cdbac877ec relative=0x000000000000214c
Event: 7.039 Thread 0x000001cdca5d4d70 Uncommon trap: reason=unstable_if action=reinterpret pc=0x000001cdbac877ec method=java.io.WinNTFileSystem.normalize(Ljava/lang/String;II)Ljava/lang/String; @ 100 c2
Event: 7.039 Thread 0x000001cdca5d4d70 DEOPT PACKING pc=0x000001cdbac877ec sp=0x0000007c113f9200
Event: 7.039 Thread 0x000001cdca5d4d70 DEOPT UNPACKING pc=0x000001cdba699ea3 sp=0x0000007c113f9140 mode 2
Event: 7.039 Thread 0x000001cdca5d4d70 Uncommon trap: trap_request=0xffffff45 fr.pc=0x000001cdbac8cd1c relative=0x00000000000010fc
Event: 7.039 Thread 0x000001cdca5d4d70 Uncommon trap: reason=unstable_if action=reinterpret pc=0x000001cdbac8cd1c method=java.io.WinNTFileSystem.normalize(Ljava/lang/String;II)Ljava/lang/String; @ 100 c2
Event: 7.039 Thread 0x000001cdca5d4d70 DEOPT PACKING pc=0x000001cdbac8cd1c sp=0x0000007c113f9120
Event: 7.039 Thread 0x000001cdca5d4d70 DEOPT UNPACKING pc=0x000001cdba699ea3 sp=0x0000007c113f9128 mode 2
Event: 7.269 Thread 0x000001cdca5d4d70 Uncommon trap: trap_request=0xffffffc6 fr.pc=0x000001cdbacc38f8 relative=0x0000000000000ed8
Event: 7.269 Thread 0x000001cdca5d4d70 Uncommon trap: reason=bimorphic_or_optimized_type_check action=maybe_recompile pc=0x000001cdbacc38f8 method=java.util.Properties$LineReader.readLine()I @ 479 c2
Event: 7.269 Thread 0x000001cdca5d4d70 DEOPT PACKING pc=0x000001cdbacc38f8 sp=0x0000007c113f7fa0
Event: 7.269 Thread 0x000001cdca5d4d70 DEOPT UNPACKING pc=0x000001cdba699ea3 sp=0x0000007c113f7f40 mode 2
Event: 7.276 Thread 0x000001cdca5d4d70 Uncommon trap: trap_request=0xffffff45 fr.pc=0x000001cdbacc5790 relative=0x0000000000000ff0
Event: 7.276 Thread 0x000001cdca5d4d70 Uncommon trap: reason=unstable_if action=reinterpret pc=0x000001cdbacc5790 method=java.util.Properties.loadConvert([CIILjava/lang/StringBuilder;)Ljava/lang/String; @ 491 c2
Event: 7.276 Thread 0x000001cdca5d4d70 DEOPT PACKING pc=0x000001cdbacc5790 sp=0x0000007c113f7840
Event: 7.276 Thread 0x000001cdca5d4d70 DEOPT UNPACKING pc=0x000001cdba699ea3 sp=0x0000007c113f7820 mode 2
Event: 7.276 Thread 0x000001cdca5d4d70 Uncommon trap: trap_request=0xffffffc6 fr.pc=0x000001cdbacc38f8 relative=0x0000000000000ed8
Event: 7.276 Thread 0x000001cdca5d4d70 Uncommon trap: reason=bimorphic_or_optimized_type_check action=maybe_recompile pc=0x000001cdbacc38f8 method=java.util.Properties$LineReader.readLine()I @ 479 c2
Event: 7.276 Thread 0x000001cdca5d4d70 DEOPT PACKING pc=0x000001cdbacc38f8 sp=0x0000007c113f7860
Event: 7.276 Thread 0x000001cdca5d4d70 DEOPT UNPACKING pc=0x000001cdba699ea3 sp=0x0000007c113f7800 mode 2

Classes loaded (20 events):
Event: 6.628 Loading class java/io/CharConversionException done
Event: 6.628 Loading class com/sun/org/apache/xerces/internal/impl/io/MalformedByteSequenceException done
Event: 6.776 Loading class java/util/concurrent/CompletionStage
Event: 6.777 Loading class java/util/concurrent/CompletionStage done
Event: 6.779 Loading class java/util/Timer
Event: 6.780 Loading class java/util/Timer done
Event: 6.780 Loading class java/util/TaskQueue
Event: 6.780 Loading class java/util/TaskQueue done
Event: 6.780 Loading class java/util/TimerThread
Event: 6.780 Loading class java/util/TimerThread done
Event: 6.780 Loading class java/util/Timer$ThreadReaper
Event: 6.780 Loading class java/util/Timer$ThreadReaper done
Event: 6.803 Loading class java/util/concurrent/locks/ReentrantLock$FairSync
Event: 6.803 Loading class java/util/concurrent/locks/ReentrantLock$FairSync done
Event: 7.259 Loading class jdk/internal/reflect/UnsafeStaticObjectFieldAccessorImpl
Event: 7.259 Loading class jdk/internal/reflect/UnsafeStaticObjectFieldAccessorImpl done
Event: 7.272 Loading class java/lang/IllegalCallerException
Event: 7.272 Loading class java/lang/IllegalCallerException done
Event: 7.280 Loading class org/xml/sax/SAXParseException
Event: 7.280 Loading class org/xml/sax/SAXParseException done

Classes unloaded (0 events):
No events

Classes redefined (0 events):
No events

Internal exceptions (20 events):
Event: 2.544 Thread 0x000001cdaec91510 Implicit null exception at 0x000001cdbac2758c to 0x000001cdbac27798
Event: 2.544 Thread 0x000001cdaec91510 Implicit null exception at 0x000001cdbac2870f to 0x000001cdbac28785
Event: 2.729 Thread 0x000001cdaec91510 Exception <a 'java/lang/NoSuchMethodError'{0x00000000eab09638}: 'int java.lang.invoke.DirectMethodHandle$Holder.invokeStaticInit(java.lang.Object, java.lang.Object, java.lang.Object, java.lang.Object)'> (0x00000000eab09638) 
thrown [s\src\hotspot\share\interpreter\linkResolver.cpp, line 759]
Event: 2.732 Thread 0x000001cdaec91510 Exception <a 'java/lang/NoSuchMethodError'{0x00000000eab13da0}: 'java.lang.Object java.lang.invoke.DirectMethodHandle$Holder.invokeInterface(java.lang.Object, java.lang.Object)'> (0x00000000eab13da0) 
thrown [s\src\hotspot\share\interpreter\linkResolver.cpp, line 759]
Event: 2.732 Thread 0x000001cdaec91510 Exception <a 'java/lang/IncompatibleClassChangeError'{0x00000000eab17598}: Found class java.lang.Object, but interface was expected> (0x00000000eab17598) 
thrown [s\src\hotspot\share\interpreter\linkResolver.cpp, line 826]
Event: 2.735 Thread 0x000001cdaec91510 Exception <a 'java/lang/NoSuchMethodError'{0x00000000eab1ba78}: 'void java.lang.invoke.DirectMethodHandle$Holder.invokeStatic(java.lang.Object, java.lang.Object)'> (0x00000000eab1ba78) 
thrown [s\src\hotspot\share\interpreter\linkResolver.cpp, line 759]
Event: 2.735 Thread 0x000001cdaec91510 Exception <a 'java/lang/NoSuchMethodError'{0x00000000eab1f278}: 'void java.lang.invoke.DirectMethodHandle$Holder.invokeStaticInit(java.lang.Object, java.lang.Object)'> (0x00000000eab1f278) 
thrown [s\src\hotspot\share\interpreter\linkResolver.cpp, line 759]
Event: 2.737 Thread 0x000001cdaec91510 Exception <a 'java/lang/NoSuchMethodError'{0x00000000eab26758}: 'int java.lang.invoke.DirectMethodHandle$Holder.invokeStaticInit(java.lang.Object, java.lang.Object)'> (0x00000000eab26758) 
thrown [s\src\hotspot\share\interpreter\linkResolver.cpp, line 759]
Event: 2.830 Thread 0x000001cdaec91510 Exception <a 'java/lang/NoSuchMethodError'{0x00000000eacb6918}: 'void java.lang.invoke.DirectMethodHandle$Holder.invokeSpecial(java.lang.Object, java.lang.Object, java.lang.Object)'> (0x00000000eacb6918) 
thrown [s\src\hotspot\share\interpreter\linkResolver.cpp, line 759]
Event: 3.658 Thread 0x000001cdaec91510 Exception <a 'java/lang/NoSuchMethodError'{0x00000000ebab2220}: 'java.lang.Object java.lang.invoke.DirectMethodHandle$Holder.newInvokeSpecial(java.lang.Object, int, java.lang.Object)'> (0x00000000ebab2220) 
thrown [s\src\hotspot\share\interpreter\linkResolver.cpp, line 759]
Event: 4.123 Thread 0x000001cdaec91510 Exception <a 'java/lang/UnsatisfiedLinkError'{0x00000000ec096d38}: 'void org.eclipse.equinox.launcher.JNIBridge._update_splash()'> (0x00000000ec096d38) 
thrown [s\src\hotspot\share\prims\nativeLookup.cpp, line 543]
Event: 4.175 Thread 0x000001cdca7cd330 Exception <a 'java/lang/NoSuchMethodError'{0x00000000ec165508}: 'java.lang.Object java.lang.invoke.Invokers$Holder.invokeExact_MT(java.lang.Object, java.lang.Object, java.lang.Object, java.lang.Object, java.lang.Object, java.lang.Object)'> (0x00000000ec165508) 
thrown [s\src\hotspot\share\interpreter\linkResolver.cpp, line 759]
Event: 4.180 Thread 0x000001cdca7cd330 Exception <a 'java/lang/NoSuchMethodError'{0x00000000ec179080}: 'int java.lang.invoke.DirectMethodHandle$Holder.invokeSpecial(java.lang.Object, java.lang.Object, java.lang.Object)'> (0x00000000ec179080) 
thrown [s\src\hotspot\share\interpreter\linkResolver.cpp, line 759]
Event: 4.410 Thread 0x000001cdca5d4d70 Exception <a 'java/lang/NoSuchMethodError'{0x00000000eae08ee0}: 'java.lang.Object java.lang.invoke.DirectMethodHandle$Holder.invokeStaticInit(java.lang.Object)'> (0x00000000eae08ee0) 
thrown [s\src\hotspot\share\interpreter\linkResolver.cpp, line 759]
Event: 4.463 Thread 0x000001cdca5d4d70 Exception <a 'java/lang/NoSuchMethodError'{0x00000000eaefd3f0}: 'java.lang.Object java.lang.invoke.DirectMethodHandle$Holder.newInvokeSpecial(java.lang.Object, java.lang.Object, int, java.lang.Object)'> (0x00000000eaefd3f0) 
thrown [s\src\hotspot\share\interpreter\linkResolver.cpp, line 759]
Event: 4.464 Thread 0x000001cdca5d4d70 Exception <a 'java/lang/NoSuchMethodError'{0x00000000eaf016d8}: 'java.lang.Object java.lang.invoke.DirectMethodHandle$Holder.invokeSpecial(java.lang.Object, java.lang.Object, java.lang.Object, int, java.lang.Object)'> (0x00000000eaf016d8) 
thrown [s\src\hotspot\share\interpreter\linkResolver.cpp, line 759]
Event: 4.556 Thread 0x000001cdca5d4d70 Exception <a 'java/lang/NoSuchMethodError'{0x00000000eb0b4ec8}: 'java.lang.Object java.lang.invoke.DirectMethodHandle$Holder.invokeStatic(java.lang.Object, int, java.lang.Object)'> (0x00000000eb0b4ec8) 
thrown [s\src\hotspot\share\interpreter\linkResolver.cpp, line 759]
Event: 4.600 Thread 0x000001cdca5d4d70 Exception <a 'java/lang/ClassNotFoundException'{0x00000000eb169ce0}: sun/util/logging/resources/spi/loggingProvider> (0x00000000eb169ce0) 
thrown [s\src\hotspot\share\classfile\systemDictionary.cpp, line 256]
Event: 6.229 Thread 0x000001cdca5d4d70 Exception <a 'java/lang/NullPointerException'{0x00000000eb06e778}> (0x00000000eb06e778) 
thrown [s\src\hotspot\share\interpreter\linkResolver.cpp, line 1350]
Event: 6.229 Thread 0x000001cdca5d4d70 Exception <a 'java/lang/NullPointerException'{0x00000000eb06ea50}> (0x00000000eb06ea50) 
thrown [s\src\hotspot\share\interpreter\linkResolver.cpp, line 1350]

VM Operations (20 events):
Event: 4.274 Executing VM operation: ParallelGCFailedAllocation
Event: 4.280 Executing VM operation: ParallelGCFailedAllocation done
Event: 4.375 Executing VM operation: HandshakeAllThreads
Event: 4.375 Executing VM operation: HandshakeAllThreads done
Event: 4.534 Executing VM operation: HandshakeAllThreads
Event: 4.534 Executing VM operation: HandshakeAllThreads done
Event: 4.624 Executing VM operation: HandshakeAllThreads
Event: 4.624 Executing VM operation: HandshakeAllThreads done
Event: 4.667 Executing VM operation: HandshakeAllThreads
Event: 4.667 Executing VM operation: HandshakeAllThreads done
Event: 4.739 Executing VM operation: HandshakeAllThreads
Event: 4.739 Executing VM operation: HandshakeAllThreads done
Event: 5.745 Executing VM operation: Cleanup
Event: 5.791 Executing VM operation: Cleanup done
Event: 5.803 Executing VM operation: ParallelGCFailedAllocation
Event: 5.810 Executing VM operation: ParallelGCFailedAllocation done
Event: 6.224 Executing VM operation: HandshakeAllThreads
Event: 6.224 Executing VM operation: HandshakeAllThreads done
Event: 7.236 Executing VM operation: Cleanup
Event: 7.246 Executing VM operation: Cleanup done

Memory protections (0 events):
No events

Nmethod flushes (0 events):
No events

Events (20 events):
Event: 0.346 Thread 0x000001cdaec91510 Thread added: 0x000001cdc9c2b450
Event: 0.523 Thread 0x000001cdaec91510 Thread added: 0x000001cdaecf4300
Event: 1.302 Thread 0x000001cdaec91510 Thread added: 0x000001cdc9e6cf50
Event: 1.590 Thread 0x000001cdc4a66e70 Thread added: 0x000001cdc9ee5f90
Event: 2.226 Thread 0x000001cdc9ee5f90 Thread exited: 0x000001cdc9ee5f90
Event: 2.924 Thread 0x000001cdc9c28e30 Thread added: 0x000001cdc9fee7c0
Event: 3.177 Thread 0x000001cdc9fee7c0 Thread exited: 0x000001cdc9fee7c0
Event: 3.247 Thread 0x000001cdc9c28e30 Thread added: 0x000001cdc9fee7c0
Event: 3.528 Thread 0x000001cdc9fee7c0 Thread exited: 0x000001cdc9fee7c0
Event: 3.554 Thread 0x000001cdaec91510 Thread added: 0x000001cdca5181c0
Event: 4.033 Thread 0x000001cdc9c28e30 Thread added: 0x000001cdca5f38e0
Event: 4.122 Thread 0x000001cdaec91510 Thread added: 0x000001cdca7cd330
Event: 4.239 Thread 0x000001cdca7cd330 Thread added: 0x000001cdcaac6220
Event: 4.249 Thread 0x000001cdca5f38e0 Thread exited: 0x000001cdca5f38e0
Event: 4.255 Thread 0x000001cdaec91510 Thread added: 0x000001cdca5d4d70
Event: 4.767 Thread 0x000001cdc4a66e70 Thread added: 0x000001cdca79bce0
Event: 5.178 Thread 0x000001cdca5d4d70 Thread added: 0x000001cdca7b3bd0
Event: 5.268 Thread 0x000001cdca79bce0 Thread exited: 0x000001cdca79bce0
Event: 6.069 Thread 0x000001cdca5d4d70 Thread added: 0x000001cdcae684a0
Event: 6.781 Thread 0x000001cdca5d4d70 Thread added: 0x000001cdcae66640


Dynamic libraries:
0x00007ff766bb0000 - 0x00007ff766bbe000 	c:\Users\acer\.vscode\extensions\redhat.java-1.36.0-win32-x64\jre\17.0.13-win32-x86_64\bin\java.exe
0x00007ff961330000 - 0x00007ff961547000 	C:\WINDOWS\SYSTEM32\ntdll.dll
0x00007ff9610e0000 - 0x00007ff9611a4000 	C:\WINDOWS\System32\KERNEL32.DLL
0x00007ff95eca0000 - 0x00007ff95f057000 	C:\WINDOWS\System32\KERNELBASE.dll
0x00007ff95e9e0000 - 0x00007ff95eaf1000 	C:\WINDOWS\System32\ucrtbase.dll
0x00007ff9571f0000 - 0x00007ff957207000 	c:\Users\acer\.vscode\extensions\redhat.java-1.36.0-win32-x64\jre\17.0.13-win32-x86_64\bin\jli.dll
0x00007ff95f710000 - 0x00007ff95f8bf000 	C:\WINDOWS\System32\USER32.dll
0x00007ff95e6e0000 - 0x00007ff95e706000 	C:\WINDOWS\System32\win32u.dll
0x00007ff95f8c0000 - 0x00007ff95f8e9000 	C:\WINDOWS\System32\GDI32.dll
0x00007ff95eb80000 - 0x00007ff95ec98000 	C:\WINDOWS\System32\gdi32full.dll
0x00007ff95e710000 - 0x00007ff95e7aa000 	C:\WINDOWS\System32\msvcp_win.dll
0x00007ff948c30000 - 0x00007ff948c4e000 	c:\Users\acer\.vscode\extensions\redhat.java-1.36.0-win32-x64\jre\17.0.13-win32-x86_64\bin\VCRUNTIME140.dll
0x00007ff946ce0000 - 0x00007ff946f73000 	C:\WINDOWS\WinSxS\amd64_microsoft.windows.common-controls_6595b64144ccf1df_6.0.22621.3672_none_2713b9d173822955\COMCTL32.dll
0x00007ff95f8f0000 - 0x00007ff95f997000 	C:\WINDOWS\System32\msvcrt.dll
0x00007ff95f210000 - 0x00007ff95f241000 	C:\WINDOWS\System32\IMM32.DLL
0x00007ff9580a0000 - 0x00007ff9580ac000 	c:\Users\acer\.vscode\extensions\redhat.java-1.36.0-win32-x64\jre\17.0.13-win32-x86_64\bin\vcruntime140_1.dll
0x00007ff8eba80000 - 0x00007ff8ebb0d000 	c:\Users\acer\.vscode\extensions\redhat.java-1.36.0-win32-x64\jre\17.0.13-win32-x86_64\bin\msvcp140.dll
0x00007ff89fbe0000 - 0x00007ff8a084b000 	c:\Users\acer\.vscode\extensions\redhat.java-1.36.0-win32-x64\jre\17.0.13-win32-x86_64\bin\server\jvm.dll
0x00007ff95ffb0000 - 0x00007ff960062000 	C:\WINDOWS\System32\ADVAPI32.dll
0x00007ff961240000 - 0x00007ff9612e8000 	C:\WINDOWS\System32\sechost.dll
0x00007ff95e640000 - 0x00007ff95e668000 	C:\WINDOWS\System32\bcrypt.dll
0x00007ff95f4f0000 - 0x00007ff95f604000 	C:\WINDOWS\System32\RPCRT4.dll
0x00007ff960a80000 - 0x00007ff960af1000 	C:\WINDOWS\System32\WS2_32.dll
0x00007ff95e510000 - 0x00007ff95e55d000 	C:\WINDOWS\SYSTEM32\POWRPROF.dll
0x00007ff956810000 - 0x00007ff956844000 	C:\WINDOWS\SYSTEM32\WINMM.dll
0x00007ff9545e0000 - 0x00007ff9545ea000 	C:\WINDOWS\SYSTEM32\VERSION.dll
0x00007ff95e4f0000 - 0x00007ff95e503000 	C:\WINDOWS\SYSTEM32\UMPDC.dll
0x00007ff95d690000 - 0x00007ff95d6a8000 	C:\WINDOWS\SYSTEM32\kernel.appcore.dll
0x00007ff9572b0000 - 0x00007ff9572ba000 	c:\Users\acer\.vscode\extensions\redhat.java-1.36.0-win32-x64\jre\17.0.13-win32-x86_64\bin\jimage.dll
0x00007ff94bd00000 - 0x00007ff94bf32000 	C:\WINDOWS\SYSTEM32\DBGHELP.DLL
0x00007ff95fba0000 - 0x00007ff95ff2e000 	C:\WINDOWS\System32\combase.dll
0x00007ff95f250000 - 0x00007ff95f327000 	C:\WINDOWS\System32\OLEAUT32.dll
0x00007ff93d3d0000 - 0x00007ff93d402000 	C:\WINDOWS\SYSTEM32\dbgcore.DLL
0x00007ff95eb00000 - 0x00007ff95eb7b000 	C:\WINDOWS\System32\bcryptPrimitives.dll
0x00007ff957180000 - 0x00007ff95718e000 	c:\Users\acer\.vscode\extensions\redhat.java-1.36.0-win32-x64\jre\17.0.13-win32-x86_64\bin\instrument.dll
0x00007ff90a280000 - 0x00007ff90a2a5000 	c:\Users\acer\.vscode\extensions\redhat.java-1.36.0-win32-x64\jre\17.0.13-win32-x86_64\bin\java.dll
0x00007ff926ad0000 - 0x00007ff926ae8000 	c:\Users\acer\.vscode\extensions\redhat.java-1.36.0-win32-x64\jre\17.0.13-win32-x86_64\bin\zip.dll
0x00007ff960100000 - 0x00007ff960969000 	C:\WINDOWS\System32\SHELL32.dll
0x00007ff95c5b0000 - 0x00007ff95ceaf000 	C:\WINDOWS\SYSTEM32\windows.storage.dll
0x00007ff95c470000 - 0x00007ff95c5af000 	C:\WINDOWS\SYSTEM32\wintypes.dll
0x00007ff95f610000 - 0x00007ff95f709000 	C:\WINDOWS\System32\SHCORE.dll
0x00007ff95f9a0000 - 0x00007ff95f9fe000 	C:\WINDOWS\System32\shlwapi.dll
0x00007ff95e570000 - 0x00007ff95e597000 	C:\WINDOWS\SYSTEM32\profapi.dll
0x00007ff91eb20000 - 0x00007ff91eb39000 	C:\Users\acer\.vscode\extensions\redhat.java-1.36.0-win32-x64\jre\17.0.13-win32-x86_64\bin\net.dll
0x00007ff956310000 - 0x00007ff956446000 	C:\WINDOWS\SYSTEM32\WINHTTP.dll
0x00007ff95db00000 - 0x00007ff95db69000 	C:\WINDOWS\system32\mswsock.dll
0x00007ff91dec0000 - 0x00007ff91ded6000 	C:\Users\acer\.vscode\extensions\redhat.java-1.36.0-win32-x64\jre\17.0.13-win32-x86_64\bin\nio.dll
0x00007ff9544d0000 - 0x00007ff9544e0000 	c:\Users\acer\.vscode\extensions\redhat.java-1.36.0-win32-x64\jre\17.0.13-win32-x86_64\bin\verify.dll
0x00007ff8e8f00000 - 0x00007ff8e8f45000 	C:\Users\acer\AppData\Roaming\Code\User\globalStorage\redhat.java\1.36.0\config_win\org.eclipse.equinox.launcher\org.eclipse.equinox.launcher.win32.win32.x86_64_1.2.1100.v20240722-2106\eclipse_11904.dll
0x00007ff95f060000 - 0x00007ff95f205000 	C:\WINDOWS\System32\ole32.dll

dbghelp: loaded successfully - version: 4.0.5 - missing functions: none
symbol engine: initialized successfully - sym options: 0x614 - pdb path: .;c:\Users\acer\.vscode\extensions\redhat.java-1.36.0-win32-x64\jre\17.0.13-win32-x86_64\bin;C:\WINDOWS\SYSTEM32;C:\WINDOWS\WinSxS\amd64_microsoft.windows.common-controls_6595b64144ccf1df_6.0.22621.3672_none_2713b9d173822955;c:\Users\acer\.vscode\extensions\redhat.java-1.36.0-win32-x64\jre\17.0.13-win32-x86_64\bin\server;C:\Users\acer\AppData\Roaming\Code\User\globalStorage\redhat.java\1.36.0\config_win\org.eclipse.equinox.launcher\org.eclipse.equinox.launcher.win32.win32.x86_64_1.2.1100.v20240722-2106

VM Arguments:
jvm_args: --add-modules=ALL-SYSTEM --add-opens=java.base/java.util=ALL-UNNAMED --add-opens=java.base/java.lang=ALL-UNNAMED --add-opens=java.base/sun.nio.fs=ALL-UNNAMED -Declipse.application=org.eclipse.jdt.ls.core.id1 -Dosgi.bundles.defaultStartLevel=4 -Declipse.product=org.eclipse.jdt.ls.core.product -Djava.import.generatesMetadataFilesAtProjectRoot=false -DDetectVMInstallationsJob.disabled=true -Dfile.encoding=utf8 -XX:+UseParallelGC -XX:GCTimeRatio=4 -XX:AdaptiveSizePolicyWeight=90 -Dsun.zip.disableMemoryMapping=true -Xmx1G -Xms100m -Xlog:disable -javaagent:c:\Users\acer\.vscode\extensions\redhat.java-1.36.0-win32-x64\lombok\lombok-1.18.35.jar -XX:+HeapDumpOnOutOfMemoryError -XX:HeapDumpPath=c:\Users\acer\AppData\Roaming\Code\User\workspaceStorage\d74b810386a082b132b1c7d3cf754bea\redhat.java -Daether.dependencyCollector.impl=bf 
java_command: c:\Users\acer\.vscode\extensions\redhat.java-1.36.0-win32-x64\server\plugins\org.eclipse.equinox.launcher_1.6.900.v20240613-2009.jar -configuration c:\Users\acer\AppData\Roaming\Code\User\globalStorage\redhat.java\1.36.0\config_win -data c:\Users\acer\AppData\Roaming\Code\User\workspaceStorage\d74b810386a082b132b1c7d3cf754bea\redhat.java\jdt_ws --pipe=\\.\pipe\lsp-09360d5e62792310df586d8ff7559b2f-sock
java_class_path (initial): c:\Users\acer\.vscode\extensions\redhat.java-1.36.0-win32-x64\server\plugins\org.eclipse.equinox.launcher_1.6.900.v20240613-2009.jar
Launcher Type: SUN_STANDARD

[Global flags]
    uintx AdaptiveSizePolicyWeight                 = 90                                        {product} {command line}
     intx CICompilerCount                          = 3                                         {product} {ergonomic}
    uintx GCTimeRatio                              = 4                                         {product} {command line}
     bool HeapDumpOnOutOfMemoryError               = true                                   {manageable} {command line}
    ccstr HeapDumpPath                             = c:\Users\acer\AppData\Roaming\Code\User\workspaceStorage\d74b810386a082b132b1c7d3cf754bea\redhat.java         {manageable} {command line}
   size_t InitialHeapSize                          = 104857600                                 {product} {command line}
   size_t MaxHeapSize                              = 1073741824                                {product} {command line}
   size_t MaxNewSize                               = 357564416                                 {product} {ergonomic}
   size_t MinHeapDeltaBytes                        = 524288                                    {product} {ergonomic}
   size_t MinHeapSize                              = 104857600                                 {product} {command line}
   size_t NewSize                                  = 34603008                                  {product} {ergonomic}
    uintx NonNMethodCodeHeapSize                   = 5832780                                {pd product} {ergonomic}
    uintx NonProfiledCodeHeapSize                  = 122912730                              {pd product} {ergonomic}
   size_t OldSize                                  = 70254592                                  {product} {ergonomic}
    uintx ProfiledCodeHeapSize                     = 122912730                              {pd product} {ergonomic}
    uintx ReservedCodeCacheSize                    = 251658240                              {pd product} {ergonomic}
     bool SegmentedCodeCache                       = true                                      {product} {ergonomic}
   size_t SoftMaxHeapSize                          = 1073741824                             {manageable} {ergonomic}
     bool UseCompressedClassPointers               = true                           {product lp64_product} {ergonomic}
     bool UseCompressedOops                        = true                           {product lp64_product} {ergonomic}
     bool UseLargePagesIndividualAllocation        = false                                  {pd product} {ergonomic}
     bool UseParallelGC                            = true                                      {product} {command line}

Logging:
Log output configuration:
 #0: stdout all=off uptime,level,tags
 #1: stderr all=off uptime,level,tags

Environment Variables:
CLASSPATH=.;.;C:\PROGRA~2\JMF21~1.1E\lib\sound.jar;C:\PROGRA~2\JMF21~1.1E\lib\jmf.jar;C:\PROGRA~2\JMF21~1.1E\lib;
PATH=C:\Program Files\Common Files\Oracle\Java\javapath;C:\WINDOWS\system32;C:\WINDOWS;C:\WINDOWS\System32\Wbem;C:\WINDOWS\System32\WindowsPowerShell\v1.0\;C:\WINDOWS\System32\OpenSSH\;C:\Program Files\Git\cmd;C:\Users\acer\OneDrive\Escritorio\sablecc-3.7\sablecc-3.7\bin;C:\Program Files (x86)\Microsoft SQL Server\160\Tools\Binn\;C:\Program Files\Microsoft SQL Server\160\Tools\Binn\;C:\Program Files\Microsoft SQL Server\Client SDK\ODBC\170\Tools\Binn\;C:\Program Files\Microsoft SQL Server\160\DTS\Binn\;C:\Program Files (x86)\Microsoft SQL Server\160\DTS\Binn\;C:\workspace\apache-maven-3.9.9-bin\apache-maven-3.9.9\bin;C:\Users\acer\AppData\Local\Programs\Python\Python312\Scripts\;C:\Users\acer\AppData\Local\Programs\Python\Python312\;C:\Users\acer\AppData\Local\Microsoft\WindowsApps;C:\Program Files\JetBrains\IntelliJ IDEA 2021.2.1\bin;;C:\Users\acer\AppData\Local\Programs\Microsoft VS Code\bin;C:\Program Files\MySQL\MySQL Server 8.0\bin;C:\Users\acer\AppData\Local\GitHubDesktop\bin
USERNAME=acer
OS=Windows_NT
PROCESSOR_IDENTIFIER=Intel64 Family 6 Model 126 Stepping 5, GenuineIntel
TMP=C:\Users\acer\AppData\Local\Temp
TEMP=C:\Users\acer\AppData\Local\Temp



Periodic native trim disabled


---------------  S Y S T E M  ---------------

OS:
 Windows 11 , 64 bit Build 22621 (10.0.22621.3958)
OS uptime: 0 days 2:12 hours

CPU: total 4 (initial active 4) (2 cores per cpu, 2 threads per core) family 6 model 126 stepping 5 microcode 0x86, cx8, cmov, fxsr, ht, mmx, 3dnowpref, sse, sse2, sse3, ssse3, sse4.1, sse4.2, popcnt, lzcnt, tsc, tscinvbit, avx, avx2, aes, erms, clmul, bmi1, bmi2, adx, avx512f, avx512dq, avx512cd, avx512bw, avx512vl, sha, fma, vzeroupper, avx512_vpopcntdq, avx512_vpclmulqdq, avx512_vaes, avx512_vnni, clflush, clflushopt, avx512_vbmi2, avx512_vbmi
Processor Information for all 4 processors :
  Max Mhz: 1190, Current Mhz: 1190, Mhz Limit: 1190

Memory: 4k page, system-wide physical 7981M (1086M free)
TotalPageFile size 12350M (AvailPageFile size 2M)
current process WorkingSet (physical memory assigned to process): 104M, peak: 104M
current process commit charge ("private bytes"): 201M, peak: 202M

vm_info: OpenJDK 64-Bit Server VM (17.0.13+11) for windows-amd64 JRE (17.0.13+11), built on Oct 16 2024 00:10:08 by "admin" with MS VC++ 17.7 (VS2022)

END.
