#
# There is insufficient memory for the Java Runtime Environment to continue.
# Native memory allocation (malloc) failed to allocate 966432 bytes. Error detail: Chunk::new
# Possible reasons:
#   The system is out of physical RAM or swap space
#   This process is running with CompressedOops enabled, and the Java Heap may be blocking the growth of the native heap
# Possible solutions:
#   Reduce memory load on the system
#   Increase physical memory or swap space
#   Check if swap backing store is full
#   Decrease Java heap size (-Xmx/-Xms)
#   Decrease number of Java threads
#   Decrease Java thread stack sizes (-Xss)
#   Set larger code cache with -XX:ReservedCodeCacheSize=
#   JVM is running with Unscaled Compressed Oops mode in which the Java heap is
#     placed in the first 4GB address space. The Java Heap base address is the
#     maximum limit for the native heap growth. Please use -XX:HeapBaseMinAddress
#     to set the Java Heap base and to place the Java Heap above 4GB virtual address.
# This output file may be truncated or incomplete.
#
#  Out of Memory Error (arena.cpp:191), pid=14012, tid=13192
#
# JRE version: OpenJDK Runtime Environment Temurin-17.0.13+11 (17.0.13+11) (build 17.0.13+11)
# Java VM: OpenJDK 64-Bit Server VM Temurin-17.0.13+11 (17.0.13+11, mixed mode, tiered, compressed oops, compressed class ptrs, parallel gc, windows-amd64)
# No core dump will be written. Minidumps are not enabled by default on client versions of Windows
#

---------------  S U M M A R Y ------------

Command Line: --add-modules=ALL-SYSTEM --add-opens=java.base/java.util=ALL-UNNAMED --add-opens=java.base/java.lang=ALL-UNNAMED --add-opens=java.base/sun.nio.fs=ALL-UNNAMED -Declipse.application=org.eclipse.jdt.ls.core.id1 -Dosgi.bundles.defaultStartLevel=4 -Declipse.product=org.eclipse.jdt.ls.core.product -Djava.import.generatesMetadataFilesAtProjectRoot=false -DDetectVMInstallationsJob.disabled=true -Dfile.encoding=utf8 -XX:+UseParallelGC -XX:GCTimeRatio=4 -XX:AdaptiveSizePolicyWeight=90 -Dsun.zip.disableMemoryMapping=true -Xmx1G -Xms100m -Xlog:disable -javaagent:c:\Users\acer\.vscode\extensions\redhat.java-1.36.0-win32-x64\lombok\lombok-1.18.35.jar -XX:+HeapDumpOnOutOfMemoryError -XX:HeapDumpPath=c:\Users\acer\AppData\Roaming\Code\User\workspaceStorage\d74b810386a082b132b1c7d3cf754bea\redhat.java -Daether.dependencyCollector.impl=bf c:\Users\acer\.vscode\extensions\redhat.java-1.36.0-win32-x64\server\plugins\org.eclipse.equinox.launcher_1.6.900.v20240613-2009.jar -configuration c:\Users\acer\AppData\Roaming\Code\User\globalStorage\redhat.java\1.36.0\config_win -data c:\Users\acer\AppData\Roaming\Code\User\workspaceStorage\d74b810386a082b132b1c7d3cf754bea\redhat.java\jdt_ws --pipe=\\.\pipe\lsp-2e09557d8996fc719f8ebe3d90386d57-sock

Host: Intel(R) Core(TM) i3-1005G1 CPU @ 1.20GHz, 4 cores, 7G,  Windows 11 , 64 bit Build 22621 (10.0.22621.3958)
Time: Tue Nov  5 20:32:38 2024 Hora verano Sudamérica Pacífico elapsed time: 71.448848 seconds (0d 0h 1m 11s)

---------------  T H R E A D  ---------------

Current thread (0x00000184520c5000):  JavaThread "C2 CompilerThread0" daemon [_thread_in_native, id=13192, stack(0x0000003be9c00000,0x0000003be9d00000)]


Current CompileTask:
C2:  71448 12415 %     4       org.eclipse.jdt.internal.core.index.DiskIndex::copyQueryResults @ 107 (221 bytes)

Stack: [0x0000003be9c00000,0x0000003be9d00000]
Native frames: (J=compiled Java code, j=interpreted, Vv=VM code, C=native code)
V  [jvm.dll+0x682a19]
V  [jvm.dll+0x839538]
V  [jvm.dll+0x83afe3]
V  [jvm.dll+0x83b653]
V  [jvm.dll+0x24704f]
V  [jvm.dll+0xace34]
V  [jvm.dll+0xad4cc]
V  [jvm.dll+0x36597e]
V  [jvm.dll+0x32fbd8]
V  [jvm.dll+0x32f05a]
V  [jvm.dll+0x21804f]
V  [jvm.dll+0x21748f]
V  [jvm.dll+0x1a3070]
V  [jvm.dll+0x22788c]
V  [jvm.dll+0x2259eb]
V  [jvm.dll+0x7eec98]
V  [jvm.dll+0x7e8ffc]
V  [jvm.dll+0x6818f7]
C  [ucrtbase.dll+0x29333]
C  [KERNEL32.DLL+0x1257d]
C  [ntdll.dll+0x5af08]


---------------  P R O C E S S  ---------------

Threads class SMR info:
_java_thread_list=0x000001845adfd460, length=50, elements={
0x000001843e257590, 0x0000018452090020, 0x0000018452091290, 0x00000184520bff10,
0x00000184520c0ad0, 0x00000184520c1690, 0x00000184520c2250, 0x00000184520c5000,
0x000001845728c850, 0x000001845728f520, 0x000001843e2ba190, 0x0000018457626a10,
0x0000018457bcd030, 0x0000018457c7b030, 0x0000018457c7a820, 0x0000018457df9020,
0x000001845780caa0, 0x00000184580cf300, 0x00000184580cc060, 0x00000184580ce8e0,
0x00000184580cc570, 0x00000184580cca80, 0x00000184580ccf90, 0x00000184580cd4a0,
0x00000184580cd9b0, 0x00000184580cdec0, 0x00000184580ce3d0, 0x000001845a3805d0,
0x000001845a383360, 0x000001845a380ff0, 0x000001845a3800c0, 0x000001845a383870,
0x000001845a381f20, 0x000001845a380ae0, 0x000001845a381a10, 0x000001845a382430,
0x000001845a381500, 0x000001845a382940, 0x000001845a382e50, 0x00000184580cf810,
0x0000018458a83580, 0x0000018458a7f8c0, 0x0000018458a83070, 0x0000018458a7c110,
0x0000018458a81720, 0x0000018458a7fdd0, 0x0000018458a81c30, 0x0000018458a83a90,
0x0000018458a807f0, 0x0000018459724070
}

Java Threads: ( => current thread )
  0x000001843e257590 JavaThread "main" [_thread_blocked, id=10140, stack(0x0000003be9200000,0x0000003be9300000)]
  0x0000018452090020 JavaThread "Reference Handler" daemon [_thread_blocked, id=1072, stack(0x0000003be9600000,0x0000003be9700000)]
  0x0000018452091290 JavaThread "Finalizer" daemon [_thread_blocked, id=15748, stack(0x0000003be9700000,0x0000003be9800000)]
  0x00000184520bff10 JavaThread "Signal Dispatcher" daemon [_thread_blocked, id=13508, stack(0x0000003be9800000,0x0000003be9900000)]
  0x00000184520c0ad0 JavaThread "Attach Listener" daemon [_thread_blocked, id=13440, stack(0x0000003be9900000,0x0000003be9a00000)]
  0x00000184520c1690 JavaThread "Service Thread" daemon [_thread_blocked, id=9656, stack(0x0000003be9a00000,0x0000003be9b00000)]
  0x00000184520c2250 JavaThread "Monitor Deflation Thread" daemon [_thread_blocked, id=7468, stack(0x0000003be9b00000,0x0000003be9c00000)]
=>0x00000184520c5000 JavaThread "C2 CompilerThread0" daemon [_thread_in_native, id=13192, stack(0x0000003be9c00000,0x0000003be9d00000)]
  0x000001845728c850 JavaThread "C1 CompilerThread0" daemon [_thread_blocked, id=8108, stack(0x0000003be9d00000,0x0000003be9e00000)]
  0x000001845728f520 JavaThread "Sweeper thread" daemon [_thread_blocked, id=11516, stack(0x0000003be9e00000,0x0000003be9f00000)]
  0x000001843e2ba190 JavaThread "Common-Cleaner" daemon [_thread_blocked, id=14252, stack(0x0000003be9f00000,0x0000003bea000000)]
  0x0000018457626a10 JavaThread "Notification Thread" daemon [_thread_blocked, id=20096, stack(0x0000003bea000000,0x0000003bea100000)]
  0x0000018457bcd030 JavaThread "Active Thread: Equinox Container: 18630dda-aeaa-4861-bacc-99ee6160b425" [_thread_blocked, id=14844, stack(0x0000003bea500000,0x0000003bea600000)]
  0x0000018457c7b030 JavaThread "Refresh Thread: Equinox Container: 18630dda-aeaa-4861-bacc-99ee6160b425" daemon [_thread_blocked, id=19348, stack(0x0000003bea600000,0x0000003bea700000)]
  0x0000018457c7a820 JavaThread "Framework Event Dispatcher: Equinox Container: 18630dda-aeaa-4861-bacc-99ee6160b425" daemon [_thread_blocked, id=18096, stack(0x0000003bea700000,0x0000003bea800000)]
  0x0000018457df9020 JavaThread "Start Level: Equinox Container: 18630dda-aeaa-4861-bacc-99ee6160b425" daemon [_thread_blocked, id=18308, stack(0x0000003bea800000,0x0000003bea900000)]
  0x000001845780caa0 JavaThread "Bundle File Closer" daemon [_thread_blocked, id=15600, stack(0x0000003bea900000,0x0000003beaa00000)]
  0x00000184580cf300 JavaThread "SCR Component Actor" daemon [_thread_blocked, id=17104, stack(0x0000003beaa00000,0x0000003beab00000)]
  0x00000184580cc060 JavaThread "Worker-JM" [_thread_blocked, id=19844, stack(0x0000003beac00000,0x0000003bead00000)]
  0x00000184580ce8e0 JavaThread "JNA Cleaner" daemon [_thread_blocked, id=19324, stack(0x0000003bead00000,0x0000003beae00000)]
  0x00000184580cc570 JavaThread "Worker-0" [_thread_blocked, id=18816, stack(0x0000003beae00000,0x0000003beaf00000)]
  0x00000184580cca80 JavaThread "Worker-1" [_thread_blocked, id=15472, stack(0x0000003beaf00000,0x0000003beb000000)]
  0x00000184580ccf90 JavaThread "Worker-2: Check JDK Index" [_thread_blocked, id=17600, stack(0x0000003beb100000,0x0000003beb200000)]
  0x00000184580cd4a0 JavaThread "Java indexing" daemon [_thread_in_Java, id=21308, stack(0x0000003beb200000,0x0000003beb300000)]
  0x00000184580cd9b0 JavaThread "Thread-2" daemon [_thread_in_native, id=2120, stack(0x0000003beb000000,0x0000003beb100000)]
  0x00000184580cdec0 JavaThread "Worker-3" [_thread_blocked, id=13536, stack(0x0000003beb300000,0x0000003beb400000)]
  0x00000184580ce3d0 JavaThread "Thread-3" daemon [_thread_in_native, id=17432, stack(0x0000003beb400000,0x0000003beb500000)]
  0x000001845a3805d0 JavaThread "Thread-4" daemon [_thread_in_native, id=2068, stack(0x0000003beb500000,0x0000003beb600000)]
  0x000001845a383360 JavaThread "Thread-5" daemon [_thread_in_native, id=18320, stack(0x0000003beb600000,0x0000003beb700000)]
  0x000001845a380ff0 JavaThread "Thread-6" daemon [_thread_in_native, id=20860, stack(0x0000003beb700000,0x0000003beb800000)]
  0x000001845a3800c0 JavaThread "pool-2-thread-1" [_thread_blocked, id=19412, stack(0x0000003beb800000,0x0000003beb900000)]
  0x000001845a383870 JavaThread "Worker-4" [_thread_blocked, id=11232, stack(0x0000003beab00000,0x0000003beac00000)]
  0x000001845a381f20 JavaThread "WorkspaceEventsHandler" [_thread_blocked, id=18372, stack(0x0000003beb900000,0x0000003beba00000)]
  0x000001845a380ae0 JavaThread "pool-1-thread-1" [_thread_blocked, id=6620, stack(0x0000003beba00000,0x0000003bebb00000)]
  0x000001845a381a10 JavaThread "Worker-5" [_thread_blocked, id=17584, stack(0x0000003bebc00000,0x0000003bebd00000)]
  0x000001845a382430 JavaThread "Worker-6" [_thread_blocked, id=13572, stack(0x0000003bebd00000,0x0000003bebe00000)]
  0x000001845a381500 JavaThread "ForkJoinPool.commonPool-worker-1" daemon [_thread_blocked, id=18264, stack(0x0000003bebe00000,0x0000003bebf00000)]
  0x000001845a382940 JavaThread "ForkJoinPool.commonPool-worker-2" daemon [_thread_blocked, id=18708, stack(0x0000003bebf00000,0x0000003bec000000)]
  0x000001845a382e50 JavaThread "LocalFile Deleter" daemon [_thread_blocked, id=20500, stack(0x0000003bec000000,0x0000003bec100000)]
  0x00000184580cf810 JavaThread "LocalFile Deleter" daemon [_thread_blocked, id=20992, stack(0x0000003bec100000,0x0000003bec200000)]
  0x0000018458a83580 JavaThread "LocalFile Deleter" daemon [_thread_blocked, id=18068, stack(0x0000003bec200000,0x0000003bec300000)]
  0x0000018458a7f8c0 JavaThread "LocalFile Deleter" daemon [_thread_blocked, id=21072, stack(0x0000003bec300000,0x0000003bec400000)]
  0x0000018458a83070 JavaThread "Compiler Source File Reader" daemon [_thread_blocked, id=8672, stack(0x0000003bec400000,0x0000003bec500000)]
  0x0000018458a7c110 JavaThread "Compiler Source File Reader" daemon [_thread_blocked, id=15604, stack(0x0000003bec500000,0x0000003bec600000)]
  0x0000018458a81720 JavaThread "Compiler Processing Task" daemon [_thread_blocked, id=7344, stack(0x0000003bec600000,0x0000003bec700000)]
  0x0000018458a7fdd0 JavaThread "Compiler Class File Writer" daemon [_thread_blocked, id=12224, stack(0x0000003bec700000,0x0000003bec800000)]
  0x0000018458a81c30 JavaThread "ForkJoinPool.commonPool-worker-3" daemon [_thread_blocked, id=14368, stack(0x0000003bec800000,0x0000003bec900000)]
  0x0000018458a83a90 JavaThread "Compiler Class File Writer" daemon [_thread_blocked, id=9492, stack(0x0000003bec900000,0x0000003beca00000)]
  0x0000018458a807f0 JavaThread "Cleaner-0" daemon [_thread_blocked, id=8068, stack(0x0000003bed200000,0x0000003bed300000)]
  0x0000018459724070 JavaThread "C2 CompilerThread1" daemon [_thread_blocked, id=16452, stack(0x0000003bebb00000,0x0000003bebc00000)]

Other Threads:
  0x000001843e2fe760 VMThread "VM Thread" [stack: 0x0000003be9500000,0x0000003be9600000] [id=16952]
  0x0000018457626ef0 WatcherThread [stack: 0x0000003bea100000,0x0000003bea200000] [id=14340]
  0x000001843e26a900 GCTaskThread "GC Thread#0" [stack: 0x0000003be9400000,0x0000003be9500000] [id=3656]
  0x0000018457af5770 GCTaskThread "GC Thread#1" [stack: 0x0000003bea200000,0x0000003bea300000] [id=20696]
  0x0000018457af5a30 GCTaskThread "GC Thread#2" [stack: 0x0000003bea300000,0x0000003bea400000] [id=11928]
  0x0000018457af5cf0 GCTaskThread "GC Thread#3" [stack: 0x0000003bea400000,0x0000003bea500000] [id=9104]

Threads with active compile tasks:
C2 CompilerThread0    71494 12415 %     4       org.eclipse.jdt.internal.core.index.DiskIndex::copyQueryResults @ 107 (221 bytes)

VM state: not at safepoint (normal execution)

VM Mutex/Monitor currently owned by a thread: None

Heap address: 0x00000000c0000000, size: 1024 MB, Compressed Oops mode: 32-bit

CDS archive(s) not mapped
Compressed class space mapped at: 0x0000000100000000-0x0000000140000000, reserved size: 1073741824
Narrow klass base: 0x0000000000000000, Narrow klass shift: 3, Narrow klass range: 0x140000000

GC Precious Log:
 CPUs: 4 total, 4 available
 Memory: 7981M
 Large Page Support: Disabled
 NUMA Support: Disabled
 Compressed Oops: Enabled (32-bit)
 Alignments: Space 512K, Generation 512K, Heap 2M
 Heap Min Capacity: 100M
 Heap Initial Capacity: 100M
 Heap Max Capacity: 1G
 Pre-touch: Disabled
 Parallel Workers: 4

Heap:
 PSYoungGen      total 25600K, used 16085K [0x00000000eab00000, 0x00000000ecb80000, 0x0000000100000000)
  eden space 19968K, 52% used [0x00000000eab00000,0x00000000eb5392c0,0x00000000ebe80000)
  from space 5632K, 99% used [0x00000000ebe80000,0x00000000ec3fc3d0,0x00000000ec400000)
  to   space 6656K, 0% used [0x00000000ec500000,0x00000000ec500000,0x00000000ecb80000)
 ParOldGen       total 342528K, used 342179K [0x00000000c0000000, 0x00000000d4e80000, 0x00000000eab00000)
  object space 342528K, 99% used [0x00000000c0000000,0x00000000d4e28cc0,0x00000000d4e80000)
 Metaspace       used 75557K, committed 76864K, reserved 1179648K
  class space    used 7821K, committed 8384K, reserved 1048576K

Card table byte_map: [0x000001843dbe0000,0x000001843ddf0000] _byte_map_base: 0x000001843d5e0000

Marking Bits: (ParMarkBitMap*) 0x00007ff8e8856940
 Begin Bits: [0x000001844fee0000, 0x0000018450ee0000)
 End Bits:   [0x0000018450ee0000, 0x0000018451ee0000)

Polling page: 0x000001843c1e0000

Metaspace:

Usage:
  Non-class:     66.15 MB used.
      Class:      7.64 MB used.
       Both:     73.79 MB used.

Virtual space:
  Non-class space:      128.00 MB reserved,      66.88 MB ( 52%) committed,  2 nodes.
      Class space:        1.00 GB reserved,       8.19 MB ( <1%) committed,  1 nodes.
             Both:        1.12 GB reserved,      75.06 MB (  7%) committed. 

Chunk freelists:
   Non-Class:  12.25 MB
       Class:  7.84 MB
        Both:  20.09 MB

MaxMetaspaceSize: unlimited
CompressedClassSpaceSize: 1.00 GB
Initial GC threshold: 21.00 MB
Current GC threshold: 124.69 MB
CDS: off
MetaspaceReclaimPolicy: balanced
 - commit_granule_bytes: 65536.
 - commit_granule_words: 8192.
 - virtual_space_node_default_size: 8388608.
 - enlarge_chunks_in_place: 1.
 - new_chunks_are_fully_committed: 0.
 - uncommit_free_chunks: 1.
 - use_allocation_guard: 0.
 - handle_deallocations: 1.


Internal statistics:

num_allocs_failed_limit: 9.
num_arena_births: 996.
num_arena_deaths: 30.
num_vsnodes_births: 3.
num_vsnodes_deaths: 0.
num_space_committed: 1201.
num_space_uncommitted: 0.
num_chunks_returned_to_freelist: 47.
num_chunks_taken_from_freelist: 4401.
num_chunk_merges: 23.
num_chunk_splits: 2571.
num_chunks_enlarged: 1292.
num_inconsistent_stats: 0.

CodeHeap 'non-profiled nmethods': size=120000Kb used=7621Kb max_used=8436Kb free=112379Kb
 bounds [0x00000184489b0000, 0x00000184491f0000, 0x000001844fee0000]
CodeHeap 'profiled nmethods': size=120000Kb used=20799Kb max_used=22778Kb free=99201Kb
 bounds [0x0000018440ee0000, 0x0000018442530000, 0x0000018448410000]
CodeHeap 'non-nmethods': size=5760Kb used=1408Kb max_used=1498Kb free=4351Kb
 bounds [0x0000018448410000, 0x0000018448680000, 0x00000184489b0000]
 total_blobs=10803 nmethods=10046 adapters=670
 compilation: enabled
              stopped_count=0, restarted_count=0
 full_count=0

Compilation events (20 events):
Event: 71.147 Thread 0x00000184520c5000 nmethod 12404% 0x0000018448fa8710 code [0x0000018448fa89e0, 0x0000018448faae68]
Event: 71.152 Thread 0x00000184520c5000 12407 %     4       org.eclipse.jdt.internal.core.index.DiskIndex::writeAllDocumentNames @ 251 (512 bytes)
Event: 71.165 Thread 0x000001845728c850 12408       3       org.eclipse.jdt.internal.compiler.util.HashtableOfObject::putUnsafely (78 bytes)
Event: 71.166 Thread 0x000001845728c850 nmethod 12408 0x0000018441a5ad10 code [0x0000018441a5af00, 0x0000018441a5b4f8]
Event: 71.166 Thread 0x000001845728c850 12409       3       org.eclipse.jdt.internal.core.index.DiskIndex$IntList::add (67 bytes)
Event: 71.167 Thread 0x000001845728c850 nmethod 12409 0x00000184414af610 code [0x00000184414af7c0, 0x00000184414afae8]
Event: 71.170 Thread 0x000001845728c850 12411       3       org.eclipse.jdt.internal.core.index.DiskIndex$IntList::<init> (16 bytes)
Event: 71.170 Thread 0x000001845728c850 nmethod 12411 0x0000018440fd0310 code [0x0000018440fd04a0, 0x0000018440fd0638]
Event: 71.175 Thread 0x000001845728c850 12412       3       org.eclipse.jdt.internal.core.index.DiskIndex::copyQueryResults (221 bytes)
Event: 71.177 Thread 0x000001845728c850 nmethod 12412 0x000001844106ec90 code [0x000001844106ef20, 0x000001844106fd18]
Event: 71.234 Thread 0x00000184520c5000 nmethod 12407% 0x0000018448fd1d90 code [0x0000018448fd2040, 0x0000018448fd4428]
Event: 71.234 Thread 0x00000184520c5000 12410       4       org.eclipse.jdt.internal.compiler.util.HashtableOfObject::get (56 bytes)
Event: 71.234 Thread 0x0000018459724070 12413       4       org.eclipse.jdt.internal.compiler.util.HashtableOfObject::putUnsafely (78 bytes)
Event: 71.240 Thread 0x00000184520c5000 nmethod 12410 0x0000018448d4dd10 code [0x0000018448d4dea0, 0x0000018448d4e338]
Event: 71.240 Thread 0x00000184520c5000 12415 %     4       org.eclipse.jdt.internal.core.index.DiskIndex::copyQueryResults @ 107 (221 bytes)
Event: 71.280 Thread 0x0000018459724070 nmethod 12413 0x0000018448eb3290 code [0x0000018448eb34c0, 0x0000018448eb46c8]
Event: 71.280 Thread 0x0000018459724070 12416       4       org.eclipse.jdt.internal.compiler.util.HashtableOfObject::put (101 bytes)
Event: 71.304 Thread 0x0000018459724070 nmethod 12416 0x0000018448df8590 code [0x0000018448df8780, 0x0000018448df9348]
Event: 71.304 Thread 0x0000018459724070 12414       4       org.eclipse.jdt.internal.core.index.DiskIndex$IntList::add (67 bytes)
Event: 71.309 Thread 0x0000018459724070 nmethod 12414 0x0000018448a7ce90 code [0x0000018448a7d020, 0x0000018448a7d318]

GC Heap History (20 events):
Event: 70.273 GC heap before
{Heap before GC invocations=324 (full 14):
 PSYoungGen      total 24576K, used 23489K [0x00000000eab00000, 0x00000000ec980000, 0x0000000100000000)
  eden space 18944K, 100% used [0x00000000eab00000,0x00000000ebd80000,0x00000000ebd80000)
  from space 5632K, 80% used [0x00000000ebe80000,0x00000000ec2f04e0,0x00000000ec400000)
  to   space 4096K, 0% used [0x00000000ec580000,0x00000000ec580000,0x00000000ec980000)
 ParOldGen       total 342528K, used 287266K [0x00000000c0000000, 0x00000000d4e80000, 0x00000000eab00000)
  object space 342528K, 83% used [0x00000000c0000000,0x00000000d1888b78,0x00000000d4e80000)
 Metaspace       used 75546K, committed 76864K, reserved 1179648K
  class space    used 7821K, committed 8384K, reserved 1048576K
}
Event: 70.282 GC heap after
{Heap after GC invocations=324 (full 14):
 PSYoungGen      total 23040K, used 4065K [0x00000000eab00000, 0x00000000ec980000, 0x0000000100000000)
  eden space 18944K, 0% used [0x00000000eab00000,0x00000000eab00000,0x00000000ebd80000)
  from space 4096K, 99% used [0x00000000ec580000,0x00000000ec978458,0x00000000ec980000)
  to   space 5632K, 0% used [0x00000000ebe80000,0x00000000ebe80000,0x00000000ec400000)
 ParOldGen       total 342528K, used 292046K [0x00000000c0000000, 0x00000000d4e80000, 0x00000000eab00000)
  object space 342528K, 85% used [0x00000000c0000000,0x00000000d1d33b20,0x00000000d4e80000)
 Metaspace       used 75546K, committed 76864K, reserved 1179648K
  class space    used 7821K, committed 8384K, reserved 1048576K
}
Event: 70.365 GC heap before
{Heap before GC invocations=325 (full 14):
 PSYoungGen      total 23040K, used 23009K [0x00000000eab00000, 0x00000000ec980000, 0x0000000100000000)
  eden space 18944K, 100% used [0x00000000eab00000,0x00000000ebd80000,0x00000000ebd80000)
  from space 4096K, 99% used [0x00000000ec580000,0x00000000ec978458,0x00000000ec980000)
  to   space 5632K, 0% used [0x00000000ebe80000,0x00000000ebe80000,0x00000000ec400000)
 ParOldGen       total 342528K, used 292046K [0x00000000c0000000, 0x00000000d4e80000, 0x00000000eab00000)
  object space 342528K, 85% used [0x00000000c0000000,0x00000000d1d33b20,0x00000000d4e80000)
 Metaspace       used 75546K, committed 76864K, reserved 1179648K
  class space    used 7821K, committed 8384K, reserved 1048576K
}
Event: 70.370 GC heap after
{Heap after GC invocations=325 (full 14):
 PSYoungGen      total 25088K, used 4482K [0x00000000eab00000, 0x00000000eca00000, 0x0000000100000000)
  eden space 19456K, 0% used [0x00000000eab00000,0x00000000eab00000,0x00000000ebe00000)
  from space 5632K, 79% used [0x00000000ebe80000,0x00000000ec2e0848,0x00000000ec400000)
  to   space 6144K, 0% used [0x00000000ec400000,0x00000000ec400000,0x00000000eca00000)
 ParOldGen       total 342528K, used 295944K [0x00000000c0000000, 0x00000000d4e80000, 0x00000000eab00000)
  object space 342528K, 86% used [0x00000000c0000000,0x00000000d21023a8,0x00000000d4e80000)
 Metaspace       used 75546K, committed 76864K, reserved 1179648K
  class space    used 7821K, committed 8384K, reserved 1048576K
}
Event: 70.445 GC heap before
{Heap before GC invocations=326 (full 14):
 PSYoungGen      total 25088K, used 23938K [0x00000000eab00000, 0x00000000eca00000, 0x0000000100000000)
  eden space 19456K, 100% used [0x00000000eab00000,0x00000000ebe00000,0x00000000ebe00000)
  from space 5632K, 79% used [0x00000000ebe80000,0x00000000ec2e0848,0x00000000ec400000)
  to   space 6144K, 0% used [0x00000000ec400000,0x00000000ec400000,0x00000000eca00000)
 ParOldGen       total 342528K, used 295944K [0x00000000c0000000, 0x00000000d4e80000, 0x00000000eab00000)
  object space 342528K, 86% used [0x00000000c0000000,0x00000000d21023a8,0x00000000d4e80000)
 Metaspace       used 75546K, committed 76864K, reserved 1179648K
  class space    used 7821K, committed 8384K, reserved 1048576K
}
Event: 70.452 GC heap after
{Heap after GC invocations=326 (full 14):
 PSYoungGen      total 25600K, used 6122K [0x00000000eab00000, 0x00000000eca00000, 0x0000000100000000)
  eden space 19456K, 0% used [0x00000000eab00000,0x00000000eab00000,0x00000000ebe00000)
  from space 6144K, 99% used [0x00000000ec400000,0x00000000ec9fabb0,0x00000000eca00000)
  to   space 5632K, 0% used [0x00000000ebe80000,0x00000000ebe80000,0x00000000ec400000)
 ParOldGen       total 342528K, used 298849K [0x00000000c0000000, 0x00000000d4e80000, 0x00000000eab00000)
  object space 342528K, 87% used [0x00000000c0000000,0x00000000d23d8728,0x00000000d4e80000)
 Metaspace       used 75546K, committed 76864K, reserved 1179648K
  class space    used 7821K, committed 8384K, reserved 1048576K
}
Event: 70.531 GC heap before
{Heap before GC invocations=327 (full 14):
 PSYoungGen      total 25600K, used 25578K [0x00000000eab00000, 0x00000000eca00000, 0x0000000100000000)
  eden space 19456K, 100% used [0x00000000eab00000,0x00000000ebe00000,0x00000000ebe00000)
  from space 6144K, 99% used [0x00000000ec400000,0x00000000ec9fabb0,0x00000000eca00000)
  to   space 5632K, 0% used [0x00000000ebe80000,0x00000000ebe80000,0x00000000ec400000)
 ParOldGen       total 342528K, used 298849K [0x00000000c0000000, 0x00000000d4e80000, 0x00000000eab00000)
  object space 342528K, 87% used [0x00000000c0000000,0x00000000d23d8728,0x00000000d4e80000)
 Metaspace       used 75546K, committed 76864K, reserved 1179648K
  class space    used 7821K, committed 8384K, reserved 1048576K
}
Event: 70.538 GC heap after
{Heap after GC invocations=327 (full 14):
 PSYoungGen      total 25600K, used 4736K [0x00000000eab00000, 0x00000000ecb80000, 0x0000000100000000)
  eden space 19968K, 0% used [0x00000000eab00000,0x00000000eab00000,0x00000000ebe80000)
  from space 5632K, 84% used [0x00000000ebe80000,0x00000000ec320358,0x00000000ec400000)
  to   space 6656K, 0% used [0x00000000ec500000,0x00000000ec500000,0x00000000ecb80000)
 ParOldGen       total 342528K, used 304691K [0x00000000c0000000, 0x00000000d4e80000, 0x00000000eab00000)
  object space 342528K, 88% used [0x00000000c0000000,0x00000000d298cc90,0x00000000d4e80000)
 Metaspace       used 75546K, committed 76864K, reserved 1179648K
  class space    used 7821K, committed 8384K, reserved 1048576K
}
Event: 70.617 GC heap before
{Heap before GC invocations=328 (full 14):
 PSYoungGen      total 25600K, used 24704K [0x00000000eab00000, 0x00000000ecb80000, 0x0000000100000000)
  eden space 19968K, 100% used [0x00000000eab00000,0x00000000ebe80000,0x00000000ebe80000)
  from space 5632K, 84% used [0x00000000ebe80000,0x00000000ec320358,0x00000000ec400000)
  to   space 6656K, 0% used [0x00000000ec500000,0x00000000ec500000,0x00000000ecb80000)
 ParOldGen       total 342528K, used 304691K [0x00000000c0000000, 0x00000000d4e80000, 0x00000000eab00000)
  object space 342528K, 88% used [0x00000000c0000000,0x00000000d298cc90,0x00000000d4e80000)
 Metaspace       used 75546K, committed 76864K, reserved 1179648K
  class space    used 7821K, committed 8384K, reserved 1048576K
}
Event: 70.623 GC heap after
{Heap after GC invocations=328 (full 14):
 PSYoungGen      total 26624K, used 6649K [0x00000000eab00000, 0x00000000ecb80000, 0x0000000100000000)
  eden space 19968K, 0% used [0x00000000eab00000,0x00000000eab00000,0x00000000ebe80000)
  from space 6656K, 99% used [0x00000000ec500000,0x00000000ecb7e4c8,0x00000000ecb80000)
  to   space 5632K, 0% used [0x00000000ebe80000,0x00000000ebe80000,0x00000000ec400000)
 ParOldGen       total 342528K, used 307843K [0x00000000c0000000, 0x00000000d4e80000, 0x00000000eab00000)
  object space 342528K, 89% used [0x00000000c0000000,0x00000000d2ca0d40,0x00000000d4e80000)
 Metaspace       used 75546K, committed 76864K, reserved 1179648K
  class space    used 7821K, committed 8384K, reserved 1048576K
}
Event: 70.706 GC heap before
{Heap before GC invocations=329 (full 14):
 PSYoungGen      total 26624K, used 26617K [0x00000000eab00000, 0x00000000ecb80000, 0x0000000100000000)
  eden space 19968K, 100% used [0x00000000eab00000,0x00000000ebe80000,0x00000000ebe80000)
  from space 6656K, 99% used [0x00000000ec500000,0x00000000ecb7e4c8,0x00000000ecb80000)
  to   space 5632K, 0% used [0x00000000ebe80000,0x00000000ebe80000,0x00000000ec400000)
 ParOldGen       total 342528K, used 307843K [0x00000000c0000000, 0x00000000d4e80000, 0x00000000eab00000)
  object space 342528K, 89% used [0x00000000c0000000,0x00000000d2ca0d40,0x00000000d4e80000)
 Metaspace       used 75546K, committed 76864K, reserved 1179648K
  class space    used 7821K, committed 8384K, reserved 1048576K
}
Event: 70.716 GC heap after
{Heap after GC invocations=329 (full 14):
 PSYoungGen      total 25600K, used 5329K [0x00000000eab00000, 0x00000000ecb80000, 0x0000000100000000)
  eden space 19968K, 0% used [0x00000000eab00000,0x00000000eab00000,0x00000000ebe80000)
  from space 5632K, 94% used [0x00000000ebe80000,0x00000000ec3b4660,0x00000000ec400000)
  to   space 6656K, 0% used [0x00000000ec500000,0x00000000ec500000,0x00000000ecb80000)
 ParOldGen       total 342528K, used 314261K [0x00000000c0000000, 0x00000000d4e80000, 0x00000000eab00000)
  object space 342528K, 91% used [0x00000000c0000000,0x00000000d32e55f8,0x00000000d4e80000)
 Metaspace       used 75546K, committed 76864K, reserved 1179648K
  class space    used 7821K, committed 8384K, reserved 1048576K
}
Event: 70.758 GC heap before
{Heap before GC invocations=330 (full 14):
 PSYoungGen      total 25600K, used 25297K [0x00000000eab00000, 0x00000000ecb80000, 0x0000000100000000)
  eden space 19968K, 100% used [0x00000000eab00000,0x00000000ebe80000,0x00000000ebe80000)
  from space 5632K, 94% used [0x00000000ebe80000,0x00000000ec3b4660,0x00000000ec400000)
  to   space 6656K, 0% used [0x00000000ec500000,0x00000000ec500000,0x00000000ecb80000)
 ParOldGen       total 342528K, used 314261K [0x00000000c0000000, 0x00000000d4e80000, 0x00000000eab00000)
  object space 342528K, 91% used [0x00000000c0000000,0x00000000d32e55f8,0x00000000d4e80000)
 Metaspace       used 75546K, committed 76864K, reserved 1179648K
  class space    used 7821K, committed 8384K, reserved 1048576K
}
Event: 70.765 GC heap after
{Heap after GC invocations=330 (full 14):
 PSYoungGen      total 26624K, used 6641K [0x00000000eab00000, 0x00000000ecb80000, 0x0000000100000000)
  eden space 19968K, 0% used [0x00000000eab00000,0x00000000eab00000,0x00000000ebe80000)
  from space 6656K, 99% used [0x00000000ec500000,0x00000000ecb7c448,0x00000000ecb80000)
  to   space 5632K, 0% used [0x00000000ebe80000,0x00000000ebe80000,0x00000000ec400000)
 ParOldGen       total 342528K, used 319581K [0x00000000c0000000, 0x00000000d4e80000, 0x00000000eab00000)
  object space 342528K, 93% used [0x00000000c0000000,0x00000000d3817650,0x00000000d4e80000)
 Metaspace       used 75546K, committed 76864K, reserved 1179648K
  class space    used 7821K, committed 8384K, reserved 1048576K
}
Event: 70.798 GC heap before
{Heap before GC invocations=331 (full 14):
 PSYoungGen      total 26624K, used 26609K [0x00000000eab00000, 0x00000000ecb80000, 0x0000000100000000)
  eden space 19968K, 100% used [0x00000000eab00000,0x00000000ebe80000,0x00000000ebe80000)
  from space 6656K, 99% used [0x00000000ec500000,0x00000000ecb7c448,0x00000000ecb80000)
  to   space 5632K, 0% used [0x00000000ebe80000,0x00000000ebe80000,0x00000000ec400000)
 ParOldGen       total 342528K, used 319581K [0x00000000c0000000, 0x00000000d4e80000, 0x00000000eab00000)
  object space 342528K, 93% used [0x00000000c0000000,0x00000000d3817650,0x00000000d4e80000)
 Metaspace       used 75546K, committed 76864K, reserved 1179648K
  class space    used 7821K, committed 8384K, reserved 1048576K
}
Event: 70.805 GC heap after
{Heap after GC invocations=331 (full 14):
 PSYoungGen      total 25600K, used 5621K [0x00000000eab00000, 0x00000000ecb80000, 0x0000000100000000)
  eden space 19968K, 0% used [0x00000000eab00000,0x00000000eab00000,0x00000000ebe80000)
  from space 5632K, 99% used [0x00000000ebe80000,0x00000000ec3fd5f0,0x00000000ec400000)
  to   space 6656K, 0% used [0x00000000ec500000,0x00000000ec500000,0x00000000ecb80000)
 ParOldGen       total 342528K, used 327708K [0x00000000c0000000, 0x00000000d4e80000, 0x00000000eab00000)
  object space 342528K, 95% used [0x00000000c0000000,0x00000000d4007368,0x00000000d4e80000)
 Metaspace       used 75546K, committed 76864K, reserved 1179648K
  class space    used 7821K, committed 8384K, reserved 1048576K
}
Event: 70.834 GC heap before
{Heap before GC invocations=332 (full 14):
 PSYoungGen      total 25600K, used 25589K [0x00000000eab00000, 0x00000000ecb80000, 0x0000000100000000)
  eden space 19968K, 100% used [0x00000000eab00000,0x00000000ebe80000,0x00000000ebe80000)
  from space 5632K, 99% used [0x00000000ebe80000,0x00000000ec3fd5f0,0x00000000ec400000)
  to   space 6656K, 0% used [0x00000000ec500000,0x00000000ec500000,0x00000000ecb80000)
 ParOldGen       total 342528K, used 327708K [0x00000000c0000000, 0x00000000d4e80000, 0x00000000eab00000)
  object space 342528K, 95% used [0x00000000c0000000,0x00000000d4007368,0x00000000d4e80000)
 Metaspace       used 75546K, committed 76864K, reserved 1179648K
  class space    used 7821K, committed 8384K, reserved 1048576K
}
Event: 70.838 GC heap after
{Heap after GC invocations=332 (full 14):
 PSYoungGen      total 26624K, used 6646K [0x00000000eab00000, 0x00000000ecb80000, 0x0000000100000000)
  eden space 19968K, 0% used [0x00000000eab00000,0x00000000eab00000,0x00000000ebe80000)
  from space 6656K, 99% used [0x00000000ec500000,0x00000000ecb7db88,0x00000000ecb80000)
  to   space 5632K, 0% used [0x00000000ebe80000,0x00000000ebe80000,0x00000000ec400000)
 ParOldGen       total 342528K, used 334254K [0x00000000c0000000, 0x00000000d4e80000, 0x00000000eab00000)
  object space 342528K, 97% used [0x00000000c0000000,0x00000000d466ba70,0x00000000d4e80000)
 Metaspace       used 75546K, committed 76864K, reserved 1179648K
  class space    used 7821K, committed 8384K, reserved 1048576K
}
Event: 71.147 GC heap before
{Heap before GC invocations=333 (full 14):
 PSYoungGen      total 26624K, used 26614K [0x00000000eab00000, 0x00000000ecb80000, 0x0000000100000000)
  eden space 19968K, 100% used [0x00000000eab00000,0x00000000ebe80000,0x00000000ebe80000)
  from space 6656K, 99% used [0x00000000ec500000,0x00000000ecb7db88,0x00000000ecb80000)
  to   space 5632K, 0% used [0x00000000ebe80000,0x00000000ebe80000,0x00000000ec400000)
 ParOldGen       total 342528K, used 334254K [0x00000000c0000000, 0x00000000d4e80000, 0x00000000eab00000)
  object space 342528K, 97% used [0x00000000c0000000,0x00000000d466ba70,0x00000000d4e80000)
 Metaspace       used 75552K, committed 76864K, reserved 1179648K
  class space    used 7821K, committed 8384K, reserved 1048576K
}
Event: 71.152 GC heap after
{Heap after GC invocations=333 (full 14):
 PSYoungGen      total 25600K, used 5616K [0x00000000eab00000, 0x00000000ecb80000, 0x0000000100000000)
  eden space 19968K, 0% used [0x00000000eab00000,0x00000000eab00000,0x00000000ebe80000)
  from space 5632K, 99% used [0x00000000ebe80000,0x00000000ec3fc3d0,0x00000000ec400000)
  to   space 6656K, 0% used [0x00000000ec500000,0x00000000ec500000,0x00000000ecb80000)
 ParOldGen       total 342528K, used 342179K [0x00000000c0000000, 0x00000000d4e80000, 0x00000000eab00000)
  object space 342528K, 99% used [0x00000000c0000000,0x00000000d4e28cc0,0x00000000d4e80000)
 Metaspace       used 75552K, committed 76864K, reserved 1179648K
  class space    used 7821K, committed 8384K, reserved 1048576K
}

Dll operation events (11 events):
Event: 0.026 Loaded shared library c:\Users\acer\.vscode\extensions\redhat.java-1.36.0-win32-x64\jre\17.0.13-win32-x86_64\bin\java.dll
Event: 0.706 Loaded shared library c:\Users\acer\.vscode\extensions\redhat.java-1.36.0-win32-x64\jre\17.0.13-win32-x86_64\bin\zip.dll
Event: 0.710 Loaded shared library C:\Users\acer\.vscode\extensions\redhat.java-1.36.0-win32-x64\jre\17.0.13-win32-x86_64\bin\instrument.dll
Event: 0.761 Loaded shared library C:\Users\acer\.vscode\extensions\redhat.java-1.36.0-win32-x64\jre\17.0.13-win32-x86_64\bin\net.dll
Event: 0.763 Loaded shared library C:\Users\acer\.vscode\extensions\redhat.java-1.36.0-win32-x64\jre\17.0.13-win32-x86_64\bin\nio.dll
Event: 0.773 Loaded shared library C:\Users\acer\.vscode\extensions\redhat.java-1.36.0-win32-x64\jre\17.0.13-win32-x86_64\bin\zip.dll
Event: 0.837 Loaded shared library C:\Users\acer\.vscode\extensions\redhat.java-1.36.0-win32-x64\jre\17.0.13-win32-x86_64\bin\jimage.dll
Event: 1.050 Loaded shared library c:\Users\acer\.vscode\extensions\redhat.java-1.36.0-win32-x64\jre\17.0.13-win32-x86_64\bin\verify.dll
Event: 5.492 Loaded shared library C:\Users\acer\AppData\Roaming\Code\User\globalStorage\redhat.java\1.36.0\config_win\org.eclipse.equinox.launcher\org.eclipse.equinox.launcher.win32.win32.x86_64_1.2.1100.v20240722-2106\eclipse_11904.dll
Event: 10.693 Loaded shared library C:\Users\acer\AppData\Local\Temp\jna-2988111\jna18409943402717152024.dll
Event: 41.825 Loaded shared library C:\Users\acer\.vscode\extensions\redhat.java-1.36.0-win32-x64\jre\17.0.13-win32-x86_64\bin\sunmscapi.dll

Deoptimization events (20 events):
Event: 62.959 Thread 0x00000184580cd4a0 DEOPT PACKING pc=0x00000184491d5554 sp=0x0000003beb2fe4f0
Event: 62.959 Thread 0x00000184580cd4a0 DEOPT UNPACKING pc=0x0000018448469ea3 sp=0x0000003beb2fe498 mode 2
Event: 69.582 Thread 0x000001845a381500 Uncommon trap: trap_request=0xffffffc6 fr.pc=0x0000018448ff7b1c relative=0x0000000000008d7c
Event: 69.582 Thread 0x000001845a381500 Uncommon trap: reason=bimorphic_or_optimized_type_check action=maybe_recompile pc=0x0000018448ff7b1c method=org.lombokweb.asm.ClassReader.readCode(Lorg/lombokweb/asm/MethodVisitor;Lorg/lombokweb/asm/Context;I)V @ 4265 c2
Event: 69.583 Thread 0x000001845a381500 DEOPT PACKING pc=0x0000018448ff7b1c sp=0x0000003bebefc030
Event: 69.583 Thread 0x000001845a381500 DEOPT UNPACKING pc=0x0000018448469ea3 sp=0x0000003bebefbfb8 mode 2
Event: 70.866 Thread 0x00000184580cd4a0 DEOPT PACKING pc=0x000001844214fc5b sp=0x0000003beb2fead0
Event: 70.866 Thread 0x00000184580cd4a0 DEOPT UNPACKING pc=0x000001844846a9e3 sp=0x0000003beb2fdf70 mode 0
Event: 70.870 Thread 0x00000184580cd4a0 DEOPT PACKING pc=0x000001844214fc5b sp=0x0000003beb2fead0
Event: 70.870 Thread 0x00000184580cd4a0 DEOPT UNPACKING pc=0x000001844846a9e3 sp=0x0000003beb2fdf70 mode 0
Event: 70.873 Thread 0x00000184580cd4a0 DEOPT PACKING pc=0x000001844214fc5b sp=0x0000003beb2fead0
Event: 70.873 Thread 0x00000184580cd4a0 DEOPT UNPACKING pc=0x000001844846a9e3 sp=0x0000003beb2fdf70 mode 0
Event: 70.880 Thread 0x00000184580cd4a0 DEOPT PACKING pc=0x000001844214fc5b sp=0x0000003beb2fead0
Event: 70.880 Thread 0x00000184580cd4a0 DEOPT UNPACKING pc=0x000001844846a9e3 sp=0x0000003beb2fdf70 mode 0
Event: 71.162 Thread 0x00000184580cd4a0 DEOPT PACKING pc=0x0000018441a11971 sp=0x0000003beb2fea00
Event: 71.162 Thread 0x00000184580cd4a0 DEOPT UNPACKING pc=0x000001844846a9e3 sp=0x0000003beb2fe048 mode 0
Event: 71.164 Thread 0x00000184580cd4a0 Uncommon trap: trap_request=0xffffff45 fr.pc=0x0000018448e8a438 relative=0x0000000000000298
Event: 71.164 Thread 0x00000184580cd4a0 Uncommon trap: reason=unstable_if action=reinterpret pc=0x0000018448e8a438 method=org.eclipse.jdt.internal.compiler.util.HashtableOfObject.putUnsafely([CLjava/lang/Object;)V @ 70 c2
Event: 71.164 Thread 0x00000184580cd4a0 DEOPT PACKING pc=0x0000018448e8a438 sp=0x0000003beb2feb20
Event: 71.164 Thread 0x00000184580cd4a0 DEOPT UNPACKING pc=0x0000018448469ea3 sp=0x0000003beb2feac8 mode 2

Classes loaded (20 events):
Event: 42.056 Loading class javax/crypto/NullCipher
Event: 42.057 Loading class javax/crypto/NullCipher done
Event: 42.057 Loading class sun/security/util/ArrayUtil
Event: 42.057 Loading class sun/security/util/ArrayUtil done
Event: 46.452 Loading class java/util/zip/CheckedInputStream
Event: 46.452 Loading class java/util/zip/CheckedInputStream done
Event: 46.998 Loading class java/util/zip/GZIPInputStream$1
Event: 46.998 Loading class java/util/zip/GZIPInputStream$1 done
Event: 49.121 Loading class java/util/Collections$2
Event: 49.121 Loading class java/util/Collections$2 done
Event: 54.473 Loading class java/util/ArrayDeque$DeqSpliterator
Event: 54.475 Loading class java/util/ArrayDeque$DeqSpliterator done
Event: 57.773 Loading class java/util/LinkedList$LLSpliterator
Event: 57.773 Loading class java/util/LinkedList$LLSpliterator done
Event: 58.360 Loading class java/io/CharArrayWriter
Event: 58.360 Loading class java/io/CharArrayWriter done
Event: 58.389 Loading class java/nio/file/attribute/PosixFileAttributes
Event: 58.389 Loading class java/nio/file/attribute/PosixFileAttributes done
Event: 58.405 Loading class sun/nio/fs/WindowsFileCopy
Event: 58.406 Loading class sun/nio/fs/WindowsFileCopy done

Classes unloaded (15 events):
Event: 15.615 Thread 0x000001843e2fe760 Unloading class 0x0000000100252000 'java/lang/invoke/LambdaForm$MH+0x0000000100252000'
Event: 15.615 Thread 0x000001843e2fe760 Unloading class 0x0000000100251c00 'java/lang/invoke/LambdaForm$MH+0x0000000100251c00'
Event: 15.615 Thread 0x000001843e2fe760 Unloading class 0x0000000100251800 'java/lang/invoke/LambdaForm$MH+0x0000000100251800'
Event: 15.615 Thread 0x000001843e2fe760 Unloading class 0x0000000100251400 'java/lang/invoke/LambdaForm$MH+0x0000000100251400'
Event: 15.615 Thread 0x000001843e2fe760 Unloading class 0x0000000100251000 'java/lang/invoke/LambdaForm$BMH+0x0000000100251000'
Event: 15.615 Thread 0x000001843e2fe760 Unloading class 0x0000000100250c00 'java/lang/invoke/LambdaForm$DMH+0x0000000100250c00'
Event: 15.615 Thread 0x000001843e2fe760 Unloading class 0x000000010024c400 'java/lang/invoke/LambdaForm$DMH+0x000000010024c400'
Event: 46.700 Thread 0x000001843e2fe760 Unloading class 0x00000001007bb400 'java/lang/invoke/LambdaForm$MH+0x00000001007bb400'
Event: 46.700 Thread 0x000001843e2fe760 Unloading class 0x00000001007bac00 'java/lang/invoke/LambdaForm$MH+0x00000001007bac00'
Event: 46.700 Thread 0x000001843e2fe760 Unloading class 0x00000001007bb000 'java/lang/invoke/LambdaForm$MH+0x00000001007bb000'
Event: 46.700 Thread 0x000001843e2fe760 Unloading class 0x00000001007ba800 'java/lang/invoke/LambdaForm$MH+0x00000001007ba800'
Event: 46.700 Thread 0x000001843e2fe760 Unloading class 0x00000001007ba000 'java/lang/invoke/LambdaForm$DMH+0x00000001007ba000'
Event: 46.700 Thread 0x000001843e2fe760 Unloading class 0x00000001007b9c00 'java/lang/invoke/LambdaForm$DMH+0x00000001007b9c00'
Event: 46.700 Thread 0x000001843e2fe760 Unloading class 0x00000001007b9800 'java/lang/invoke/LambdaForm$DMH+0x00000001007b9800'
Event: 46.700 Thread 0x000001843e2fe760 Unloading class 0x00000001007b9400 'java/lang/invoke/LambdaForm$DMH+0x00000001007b9400'

Classes redefined (0 events):
No events

Internal exceptions (20 events):
Event: 57.560 Thread 0x00000184580cc570 Exception <a 'java/lang/NoSuchMethodError'{0x00000000eab33c28}: 'java.lang.Object java.lang.invoke.DirectMethodHandle$Holder.invokeSpecial(java.lang.Object, java.lang.Object, int, java.lang.Object, java.lang.Object, java.lang.Object, java.lang.Object)'> (0x00000000eab33c28) 
thrown [s\src\hotspot\share\interpreter\linkResolver.cpp, line 759]
Event: 57.561 Thread 0x00000184580cc570 Exception <a 'java/lang/NoSuchMethodError'{0x00000000eab54210}: 'java.lang.Object java.lang.invoke.DirectMethodHandle$Holder.newInvokeSpecial(java.lang.Object, java.lang.Object, int, java.lang.Object, java.lang.Object)'> (0x00000000eab54210) 
thrown [s\src\hotspot\share\interpreter\linkResolver.cpp, line 759]
Event: 57.566 Thread 0x00000184580cc570 Exception <a 'java/lang/NoSuchMethodError'{0x00000000eab90708}: 'java.lang.Object java.lang.invoke.DirectMethodHandle$Holder.invokeSpecial(java.lang.Object, java.lang.Object, java.lang.Object, int, java.lang.Object, java.lang.Object, java.lang.Object)'> (0x00000000eab90708) 
thrown [s\src\hotspot\share\interpreter\linkResolver.cpp, line 759]
Event: 57.568 Thread 0x00000184580cc570 Exception <a 'java/lang/NoSuchMethodError'{0x00000000eab9b118}: 'java.lang.Object java.lang.invoke.DirectMethodHandle$Holder.invokeStatic(java.lang.Object, java.lang.Object, int, java.lang.Object, java.lang.Object)'> (0x00000000eab9b118) 
thrown [s\src\hotspot\share\interpreter\linkResolver.cpp, line 759]
Event: 57.609 Thread 0x00000184580cc570 Exception <a 'java/lang/NoSuchMethodError'{0x00000000eacab240}: 'void java.lang.invoke.DirectMethodHandle$Holder.invokeStatic(java.lang.Object, int)'> (0x00000000eacab240) 
thrown [s\src\hotspot\share\interpreter\linkResolver.cpp, line 759]
Event: 57.832 Thread 0x00000184580cc570 Exception <a 'java/io/FileNotFoundException'{0x00000000eac16ee8}> (0x00000000eac16ee8) 
thrown [s\src\hotspot\share\prims\jni.cpp, line 516]
Event: 57.833 Thread 0x00000184580cc570 Exception <a 'java/io/FileNotFoundException'{0x00000000eac181a0}> (0x00000000eac181a0) 
thrown [s\src\hotspot\share\prims\jni.cpp, line 516]
Event: 57.833 Thread 0x00000184580cc570 Exception <a 'java/io/FileNotFoundException'{0x00000000eac191b0}> (0x00000000eac191b0) 
thrown [s\src\hotspot\share\prims\jni.cpp, line 516]
Event: 57.847 Thread 0x00000184580cc570 Exception <a 'java/lang/NoSuchMethodError'{0x00000000eac91800}: 'int java.lang.invoke.DirectMethodHandle$Holder.invokeStatic(java.lang.Object, java.lang.Object, java.lang.Object, java.lang.Object, java.lang.Object, java.lang.Object)'> (0x00000000eac91800) 
thrown [s\src\hotspot\share\interpreter\linkResolver.cpp, line 759]
Event: 58.406 Thread 0x00000184580cc570 Exception <a 'sun/nio/fs/WindowsException'{0x00000000eacc6270}> (0x00000000eacc6270) 
thrown [s\src\hotspot\share\prims\jni.cpp, line 516]
Event: 58.411 Thread 0x00000184580cc570 Exception <a 'sun/nio/fs/WindowsException'{0x00000000eacc8158}> (0x00000000eacc8158) 
thrown [s\src\hotspot\share\prims\jni.cpp, line 516]
Event: 58.419 Thread 0x00000184580cc570 Exception <a 'sun/nio/fs/WindowsException'{0x00000000eacc9dc8}> (0x00000000eacc9dc8) 
thrown [s\src\hotspot\share\prims\jni.cpp, line 516]
Event: 58.422 Thread 0x00000184580cc570 Exception <a 'sun/nio/fs/WindowsException'{0x00000000eaccc628}> (0x00000000eaccc628) 
thrown [s\src\hotspot\share\prims\jni.cpp, line 516]
Event: 58.425 Thread 0x00000184580cc570 Exception <a 'sun/nio/fs/WindowsException'{0x00000000eacce128}> (0x00000000eacce128) 
thrown [s\src\hotspot\share\prims\jni.cpp, line 516]
Event: 58.668 Thread 0x00000184580cc570 Exception <a 'sun/nio/fs/WindowsException'{0x00000000eac2bb18}> (0x00000000eac2bb18) 
thrown [s\src\hotspot\share\prims\jni.cpp, line 516]
Event: 58.672 Thread 0x000001845a382e50 Exception <a 'sun/nio/fs/WindowsException'{0x00000000eac2d5a8}> (0x00000000eac2d5a8) 
thrown [s\src\hotspot\share\prims\jni.cpp, line 516]
Event: 58.673 Thread 0x0000018458a7f8c0 Exception <a 'sun/nio/fs/WindowsException'{0x00000000eac3de10}> (0x00000000eac3de10) 
thrown [s\src\hotspot\share\prims\jni.cpp, line 516]
Event: 58.674 Thread 0x0000018458a7f8c0 Exception <a 'sun/nio/fs/WindowsException'{0x00000000eac55060}> (0x00000000eac55060) 
thrown [s\src\hotspot\share\prims\jni.cpp, line 516]
Event: 58.802 Thread 0x00000184580cc570 Exception <a 'sun/nio/fs/WindowsException'{0x00000000eac47b10}> (0x00000000eac47b10) 
thrown [s\src\hotspot\share\prims\jni.cpp, line 516]
Event: 58.802 Thread 0x00000184580cc570 Exception <a 'sun/nio/fs/WindowsException'{0x00000000eac48148}> (0x00000000eac48148) 
thrown [s\src\hotspot\share\prims\jni.cpp, line 516]

VM Operations (20 events):
Event: 70.273 Executing VM operation: ParallelGCFailedAllocation
Event: 70.282 Executing VM operation: ParallelGCFailedAllocation done
Event: 70.365 Executing VM operation: ParallelGCFailedAllocation
Event: 70.370 Executing VM operation: ParallelGCFailedAllocation done
Event: 70.445 Executing VM operation: ParallelGCFailedAllocation
Event: 70.452 Executing VM operation: ParallelGCFailedAllocation done
Event: 70.531 Executing VM operation: ParallelGCFailedAllocation
Event: 70.538 Executing VM operation: ParallelGCFailedAllocation done
Event: 70.617 Executing VM operation: ParallelGCFailedAllocation
Event: 70.623 Executing VM operation: ParallelGCFailedAllocation done
Event: 70.706 Executing VM operation: ParallelGCFailedAllocation
Event: 70.716 Executing VM operation: ParallelGCFailedAllocation done
Event: 70.758 Executing VM operation: ParallelGCFailedAllocation
Event: 70.765 Executing VM operation: ParallelGCFailedAllocation done
Event: 70.798 Executing VM operation: ParallelGCFailedAllocation
Event: 70.805 Executing VM operation: ParallelGCFailedAllocation done
Event: 70.834 Executing VM operation: ParallelGCFailedAllocation
Event: 70.838 Executing VM operation: ParallelGCFailedAllocation done
Event: 71.147 Executing VM operation: ParallelGCFailedAllocation
Event: 71.152 Executing VM operation: ParallelGCFailedAllocation done

Memory protections (0 events):
No events

Nmethod flushes (20 events):
Event: 69.967 Thread 0x000001845728f520 flushing  nmethod 0x00000184421df290
Event: 69.967 Thread 0x000001845728f520 flushing  nmethod 0x00000184421eb210
Event: 69.967 Thread 0x000001845728f520 flushing  nmethod 0x00000184421f1d90
Event: 69.967 Thread 0x000001845728f520 flushing  nmethod 0x000001844221db10
Event: 69.967 Thread 0x000001845728f520 flushing  nmethod 0x000001844222c910
Event: 69.967 Thread 0x000001845728f520 flushing  nmethod 0x0000018442240a10
Event: 69.967 Thread 0x000001845728f520 flushing  nmethod 0x0000018442247390
Event: 69.967 Thread 0x000001845728f520 flushing  nmethod 0x000001844224e310
Event: 69.967 Thread 0x000001845728f520 flushing  nmethod 0x0000018442252a90
Event: 69.967 Thread 0x000001845728f520 flushing  nmethod 0x00000184422c7210
Event: 69.968 Thread 0x000001845728f520 flushing  nmethod 0x0000018442311f90
Event: 69.968 Thread 0x000001845728f520 flushing  nmethod 0x000001844234f910
Event: 69.968 Thread 0x000001845728f520 flushing  nmethod 0x00000184423c8710
Event: 69.968 Thread 0x000001845728f520 flushing  nmethod 0x00000184423c8e90
Event: 69.968 Thread 0x000001845728f520 flushing  nmethod 0x000001844247f390
Event: 69.969 Thread 0x000001845728f520 flushing  nmethod 0x0000018442503510
Event: 69.969 Thread 0x000001845728f520 flushing  nmethod 0x0000018442505d10
Event: 69.969 Thread 0x000001845728f520 flushing  nmethod 0x0000018442511d10
Event: 69.969 Thread 0x000001845728f520 flushing  nmethod 0x0000018442514910
Event: 69.969 Thread 0x000001845728f520 flushing  nmethod 0x0000018442515110

Events (20 events):
Event: 52.796 Thread 0x0000018459727590 Thread exited: 0x0000018459727590
Event: 53.028 Thread 0x000001845728c850 Thread added: 0x0000018459726050
Event: 56.184 Thread 0x0000018459726050 Thread exited: 0x0000018459726050
Event: 56.308 Thread 0x00000184520c5000 Thread added: 0x0000018459724070
Event: 57.923 Thread 0x00000184580cc570 Thread added: 0x0000018458a7d040
Event: 57.923 Thread 0x00000184580cc570 Thread added: 0x0000018458a81210
Event: 57.923 Thread 0x00000184580cc570 Thread added: 0x0000018458a7d550
Event: 57.924 Thread 0x00000184580cc570 Thread added: 0x0000018458a802e0
Event: 57.925 Thread 0x00000184580cc570 Thread added: 0x0000018458a7da60
Event: 58.087 Thread 0x0000018458a802e0 Thread exited: 0x0000018458a802e0
Event: 58.087 Thread 0x0000018458a7d550 Thread exited: 0x0000018458a7d550
Event: 58.088 Thread 0x0000018458a81210 Thread exited: 0x0000018458a81210
Event: 58.088 Thread 0x0000018458a7da60 Thread exited: 0x0000018458a7da60
Event: 58.090 Thread 0x0000018458a7d040 Thread exited: 0x0000018458a7d040
Event: 59.836 Thread 0x0000018459724070 Thread exited: 0x0000018459724070
Event: 60.058 Thread 0x000001845728c850 Thread added: 0x0000018459726050
Event: 62.234 Thread 0x0000018459726050 Thread exited: 0x0000018459726050
Event: 71.023 Thread 0x00000184520c5000 Thread added: 0x0000018459724070
Event: 71.166 Thread 0x0000018459724070 Thread exited: 0x0000018459724070
Event: 71.234 Thread 0x00000184520c5000 Thread added: 0x0000018459724070


Dynamic libraries:
0x00007ff766bb0000 - 0x00007ff766bbe000 	c:\Users\acer\.vscode\extensions\redhat.java-1.36.0-win32-x64\jre\17.0.13-win32-x86_64\bin\java.exe
0x00007ff961330000 - 0x00007ff961547000 	C:\WINDOWS\SYSTEM32\ntdll.dll
0x00007ff9610e0000 - 0x00007ff9611a4000 	C:\WINDOWS\System32\KERNEL32.DLL
0x00007ff95eca0000 - 0x00007ff95f057000 	C:\WINDOWS\System32\KERNELBASE.dll
0x00007ff95e9e0000 - 0x00007ff95eaf1000 	C:\WINDOWS\System32\ucrtbase.dll
0x00007ff9571f0000 - 0x00007ff957207000 	c:\Users\acer\.vscode\extensions\redhat.java-1.36.0-win32-x64\jre\17.0.13-win32-x86_64\bin\jli.dll
0x00007ff95f710000 - 0x00007ff95f8bf000 	C:\WINDOWS\System32\USER32.dll
0x00007ff95e6e0000 - 0x00007ff95e706000 	C:\WINDOWS\System32\win32u.dll
0x00007ff95f8c0000 - 0x00007ff95f8e9000 	C:\WINDOWS\System32\GDI32.dll
0x00007ff95eb80000 - 0x00007ff95ec98000 	C:\WINDOWS\System32\gdi32full.dll
0x00007ff95e710000 - 0x00007ff95e7aa000 	C:\WINDOWS\System32\msvcp_win.dll
0x00007ff948c30000 - 0x00007ff948c4e000 	c:\Users\acer\.vscode\extensions\redhat.java-1.36.0-win32-x64\jre\17.0.13-win32-x86_64\bin\VCRUNTIME140.dll
0x00007ff946ce0000 - 0x00007ff946f73000 	C:\WINDOWS\WinSxS\amd64_microsoft.windows.common-controls_6595b64144ccf1df_6.0.22621.3672_none_2713b9d173822955\COMCTL32.dll
0x00007ff95f8f0000 - 0x00007ff95f997000 	C:\WINDOWS\System32\msvcrt.dll
0x00007ff95f210000 - 0x00007ff95f241000 	C:\WINDOWS\System32\IMM32.DLL
0x00007ff959990000 - 0x00007ff95999c000 	c:\Users\acer\.vscode\extensions\redhat.java-1.36.0-win32-x64\jre\17.0.13-win32-x86_64\bin\vcruntime140_1.dll
0x00007ff91e140000 - 0x00007ff91e1cd000 	c:\Users\acer\.vscode\extensions\redhat.java-1.36.0-win32-x64\jre\17.0.13-win32-x86_64\bin\msvcp140.dll
0x00007ff8e7cb0000 - 0x00007ff8e891b000 	c:\Users\acer\.vscode\extensions\redhat.java-1.36.0-win32-x64\jre\17.0.13-win32-x86_64\bin\server\jvm.dll
0x00007ff95ffb0000 - 0x00007ff960062000 	C:\WINDOWS\System32\ADVAPI32.dll
0x00007ff961240000 - 0x00007ff9612e8000 	C:\WINDOWS\System32\sechost.dll
0x00007ff95e640000 - 0x00007ff95e668000 	C:\WINDOWS\System32\bcrypt.dll
0x00007ff95f4f0000 - 0x00007ff95f604000 	C:\WINDOWS\System32\RPCRT4.dll
0x00007ff960a80000 - 0x00007ff960af1000 	C:\WINDOWS\System32\WS2_32.dll
0x00007ff95e510000 - 0x00007ff95e55d000 	C:\WINDOWS\SYSTEM32\POWRPROF.dll
0x00007ff956810000 - 0x00007ff956844000 	C:\WINDOWS\SYSTEM32\WINMM.dll
0x00007ff9545e0000 - 0x00007ff9545ea000 	C:\WINDOWS\SYSTEM32\VERSION.dll
0x00007ff95e4f0000 - 0x00007ff95e503000 	C:\WINDOWS\SYSTEM32\UMPDC.dll
0x00007ff95d690000 - 0x00007ff95d6a8000 	C:\WINDOWS\SYSTEM32\kernel.appcore.dll
0x00007ff959960000 - 0x00007ff95996a000 	c:\Users\acer\.vscode\extensions\redhat.java-1.36.0-win32-x64\jre\17.0.13-win32-x86_64\bin\jimage.dll
0x00007ff94bd00000 - 0x00007ff94bf32000 	C:\WINDOWS\SYSTEM32\DBGHELP.DLL
0x00007ff95fba0000 - 0x00007ff95ff2e000 	C:\WINDOWS\System32\combase.dll
0x00007ff95f250000 - 0x00007ff95f327000 	C:\WINDOWS\System32\OLEAUT32.dll
0x00007ff93d3d0000 - 0x00007ff93d402000 	C:\WINDOWS\SYSTEM32\dbgcore.DLL
0x00007ff95eb00000 - 0x00007ff95eb7b000 	C:\WINDOWS\System32\bcryptPrimitives.dll
0x00007ff9572b0000 - 0x00007ff9572be000 	c:\Users\acer\.vscode\extensions\redhat.java-1.36.0-win32-x64\jre\17.0.13-win32-x86_64\bin\instrument.dll
0x00007ff92f920000 - 0x00007ff92f945000 	c:\Users\acer\.vscode\extensions\redhat.java-1.36.0-win32-x64\jre\17.0.13-win32-x86_64\bin\java.dll
0x00007ff945de0000 - 0x00007ff945df8000 	c:\Users\acer\.vscode\extensions\redhat.java-1.36.0-win32-x64\jre\17.0.13-win32-x86_64\bin\zip.dll
0x00007ff960100000 - 0x00007ff960969000 	C:\WINDOWS\System32\SHELL32.dll
0x00007ff95c5b0000 - 0x00007ff95ceaf000 	C:\WINDOWS\SYSTEM32\windows.storage.dll
0x00007ff95c470000 - 0x00007ff95c5af000 	C:\WINDOWS\SYSTEM32\wintypes.dll
0x00007ff95f610000 - 0x00007ff95f709000 	C:\WINDOWS\System32\SHCORE.dll
0x00007ff95f9a0000 - 0x00007ff95f9fe000 	C:\WINDOWS\System32\shlwapi.dll
0x00007ff95e570000 - 0x00007ff95e597000 	C:\WINDOWS\SYSTEM32\profapi.dll
0x00007ff92f900000 - 0x00007ff92f919000 	C:\Users\acer\.vscode\extensions\redhat.java-1.36.0-win32-x64\jre\17.0.13-win32-x86_64\bin\net.dll
0x00007ff956310000 - 0x00007ff956446000 	C:\WINDOWS\SYSTEM32\WINHTTP.dll
0x00007ff95db00000 - 0x00007ff95db69000 	C:\WINDOWS\system32\mswsock.dll
0x00007ff927b40000 - 0x00007ff927b56000 	C:\Users\acer\.vscode\extensions\redhat.java-1.36.0-win32-x64\jre\17.0.13-win32-x86_64\bin\nio.dll
0x00007ff957180000 - 0x00007ff957190000 	c:\Users\acer\.vscode\extensions\redhat.java-1.36.0-win32-x64\jre\17.0.13-win32-x86_64\bin\verify.dll
0x00007ff91e780000 - 0x00007ff91e7c5000 	C:\Users\acer\AppData\Roaming\Code\User\globalStorage\redhat.java\1.36.0\config_win\org.eclipse.equinox.launcher\org.eclipse.equinox.launcher.win32.win32.x86_64_1.2.1100.v20240722-2106\eclipse_11904.dll
0x00007ff95f060000 - 0x00007ff95f205000 	C:\WINDOWS\System32\ole32.dll
0x00007ff95dd50000 - 0x00007ff95dd6b000 	C:\WINDOWS\SYSTEM32\CRYPTSP.dll
0x00007ff95d5f0000 - 0x00007ff95d625000 	C:\WINDOWS\system32\rsaenh.dll
0x00007ff95dbf0000 - 0x00007ff95dc18000 	C:\WINDOWS\SYSTEM32\USERENV.dll
0x00007ff95dd70000 - 0x00007ff95dd7c000 	C:\WINDOWS\SYSTEM32\CRYPTBASE.dll
0x00007ff95d150000 - 0x00007ff95d17d000 	C:\WINDOWS\SYSTEM32\IPHLPAPI.DLL
0x00007ff95ff30000 - 0x00007ff95ff39000 	C:\WINDOWS\System32\NSI.dll
0x00007ff954770000 - 0x00007ff954789000 	C:\WINDOWS\SYSTEM32\dhcpcsvc6.DLL
0x00007ff954720000 - 0x00007ff95473f000 	C:\WINDOWS\SYSTEM32\dhcpcsvc.DLL
0x00007ff95d180000 - 0x00007ff95d282000 	C:\WINDOWS\SYSTEM32\DNSAPI.dll
0x00007ff90a5f0000 - 0x00007ff90a639000 	C:\Users\acer\AppData\Local\Temp\jna-2988111\jna18409943402717152024.dll
0x00007ff95fb90000 - 0x00007ff95fb98000 	C:\WINDOWS\System32\PSAPI.DLL
0x00007ff9465c0000 - 0x00007ff9465ce000 	C:\Users\acer\.vscode\extensions\redhat.java-1.36.0-win32-x64\jre\17.0.13-win32-x86_64\bin\sunmscapi.dll
0x00007ff95e7b0000 - 0x00007ff95e916000 	C:\WINDOWS\System32\CRYPT32.dll
0x00007ff95df10000 - 0x00007ff95df3d000 	C:\WINDOWS\SYSTEM32\ncrypt.dll
0x00007ff95ded0000 - 0x00007ff95df07000 	C:\WINDOWS\SYSTEM32\NTASN1.dll
0x00007ff95d7a0000 - 0x00007ff95d7d4000 	C:\WINDOWS\SYSTEM32\ntmarta.dll

dbghelp: loaded successfully - version: 4.0.5 - missing functions: none
symbol engine: initialized successfully - sym options: 0x614 - pdb path: .;c:\Users\acer\.vscode\extensions\redhat.java-1.36.0-win32-x64\jre\17.0.13-win32-x86_64\bin;C:\WINDOWS\SYSTEM32;C:\WINDOWS\WinSxS\amd64_microsoft.windows.common-controls_6595b64144ccf1df_6.0.22621.3672_none_2713b9d173822955;c:\Users\acer\.vscode\extensions\redhat.java-1.36.0-win32-x64\jre\17.0.13-win32-x86_64\bin\server;C:\Users\acer\AppData\Roaming\Code\User\globalStorage\redhat.java\1.36.0\config_win\org.eclipse.equinox.launcher\org.eclipse.equinox.launcher.win32.win32.x86_64_1.2.1100.v20240722-2106;C:\Users\acer\AppData\Local\Temp\jna-2988111

VM Arguments:
jvm_args: --add-modules=ALL-SYSTEM --add-opens=java.base/java.util=ALL-UNNAMED --add-opens=java.base/java.lang=ALL-UNNAMED --add-opens=java.base/sun.nio.fs=ALL-UNNAMED -Declipse.application=org.eclipse.jdt.ls.core.id1 -Dosgi.bundles.defaultStartLevel=4 -Declipse.product=org.eclipse.jdt.ls.core.product -Djava.import.generatesMetadataFilesAtProjectRoot=false -DDetectVMInstallationsJob.disabled=true -Dfile.encoding=utf8 -XX:+UseParallelGC -XX:GCTimeRatio=4 -XX:AdaptiveSizePolicyWeight=90 -Dsun.zip.disableMemoryMapping=true -Xmx1G -Xms100m -Xlog:disable -javaagent:c:\Users\acer\.vscode\extensions\redhat.java-1.36.0-win32-x64\lombok\lombok-1.18.35.jar -XX:+HeapDumpOnOutOfMemoryError -XX:HeapDumpPath=c:\Users\acer\AppData\Roaming\Code\User\workspaceStorage\d74b810386a082b132b1c7d3cf754bea\redhat.java -Daether.dependencyCollector.impl=bf 
java_command: c:\Users\acer\.vscode\extensions\redhat.java-1.36.0-win32-x64\server\plugins\org.eclipse.equinox.launcher_1.6.900.v20240613-2009.jar -configuration c:\Users\acer\AppData\Roaming\Code\User\globalStorage\redhat.java\1.36.0\config_win -data c:\Users\acer\AppData\Roaming\Code\User\workspaceStorage\d74b810386a082b132b1c7d3cf754bea\redhat.java\jdt_ws --pipe=\\.\pipe\lsp-2e09557d8996fc719f8ebe3d90386d57-sock
java_class_path (initial): c:\Users\acer\.vscode\extensions\redhat.java-1.36.0-win32-x64\server\plugins\org.eclipse.equinox.launcher_1.6.900.v20240613-2009.jar
Launcher Type: SUN_STANDARD

[Global flags]
    uintx AdaptiveSizePolicyWeight                 = 90                                        {product} {command line}
     intx CICompilerCount                          = 3                                         {product} {ergonomic}
    uintx GCTimeRatio                              = 4                                         {product} {command line}
     bool HeapDumpOnOutOfMemoryError               = true                                   {manageable} {command line}
    ccstr HeapDumpPath                             = c:\Users\acer\AppData\Roaming\Code\User\workspaceStorage\d74b810386a082b132b1c7d3cf754bea\redhat.java         {manageable} {command line}
   size_t InitialHeapSize                          = 104857600                                 {product} {command line}
   size_t MaxHeapSize                              = 1073741824                                {product} {command line}
   size_t MaxNewSize                               = 357564416                                 {product} {ergonomic}
   size_t MinHeapDeltaBytes                        = 524288                                    {product} {ergonomic}
   size_t MinHeapSize                              = 104857600                                 {product} {command line}
   size_t NewSize                                  = 34603008                                  {product} {ergonomic}
    uintx NonNMethodCodeHeapSize                   = 5832780                                {pd product} {ergonomic}
    uintx NonProfiledCodeHeapSize                  = 122912730                              {pd product} {ergonomic}
   size_t OldSize                                  = 70254592                                  {product} {ergonomic}
    uintx ProfiledCodeHeapSize                     = 122912730                              {pd product} {ergonomic}
    uintx ReservedCodeCacheSize                    = 251658240                              {pd product} {ergonomic}
     bool SegmentedCodeCache                       = true                                      {product} {ergonomic}
   size_t SoftMaxHeapSize                          = 1073741824                             {manageable} {ergonomic}
     bool UseCompressedClassPointers               = true                           {product lp64_product} {ergonomic}
     bool UseCompressedOops                        = true                           {product lp64_product} {ergonomic}
     bool UseLargePagesIndividualAllocation        = false                                  {pd product} {ergonomic}
     bool UseParallelGC                            = true                                      {product} {command line}

Logging:
Log output configuration:
 #0: stdout all=off uptime,level,tags
 #1: stderr all=off uptime,level,tags

Environment Variables:
CLASSPATH=.;.;C:\PROGRA~2\JMF21~1.1E\lib\sound.jar;C:\PROGRA~2\JMF21~1.1E\lib\jmf.jar;C:\PROGRA~2\JMF21~1.1E\lib;
PATH=C:\Program Files\Common Files\Oracle\Java\javapath;C:\WINDOWS\system32;C:\WINDOWS;C:\WINDOWS\System32\Wbem;C:\WINDOWS\System32\WindowsPowerShell\v1.0\;C:\WINDOWS\System32\OpenSSH\;C:\Program Files\Git\cmd;C:\Users\acer\OneDrive\Escritorio\sablecc-3.7\sablecc-3.7\bin;C:\Program Files (x86)\Microsoft SQL Server\160\Tools\Binn\;C:\Program Files\Microsoft SQL Server\160\Tools\Binn\;C:\Program Files\Microsoft SQL Server\Client SDK\ODBC\170\Tools\Binn\;C:\Program Files\Microsoft SQL Server\160\DTS\Binn\;C:\Program Files (x86)\Microsoft SQL Server\160\DTS\Binn\;C:\workspace\apache-maven-3.9.9-bin\apache-maven-3.9.9\bin;C:\Users\acer\AppData\Local\Programs\Python\Python312\Scripts\;C:\Users\acer\AppData\Local\Programs\Python\Python312\;C:\Users\acer\AppData\Local\Microsoft\WindowsApps;C:\Program Files\JetBrains\IntelliJ IDEA 2021.2.1\bin;;C:\Users\acer\AppData\Local\Programs\Microsoft VS Code\bin;C:\Program Files\MySQL\MySQL Server 8.0\bin;C:\Users\acer\AppData\Local\GitHubDesktop\bin
USERNAME=acer
OS=Windows_NT
PROCESSOR_IDENTIFIER=Intel64 Family 6 Model 126 Stepping 5, GenuineIntel
TMP=C:\Users\acer\AppData\Local\Temp
TEMP=C:\Users\acer\AppData\Local\Temp



Periodic native trim disabled


---------------  S Y S T E M  ---------------

OS:
 Windows 11 , 64 bit Build 22621 (10.0.22621.3958)
OS uptime: 0 days 1:45 hours

CPU: total 4 (initial active 4) (2 cores per cpu, 2 threads per core) family 6 model 126 stepping 5 microcode 0x86, cx8, cmov, fxsr, ht, mmx, 3dnowpref, sse, sse2, sse3, ssse3, sse4.1, sse4.2, popcnt, lzcnt, tsc, tscinvbit, avx, avx2, aes, erms, clmul, bmi1, bmi2, adx, avx512f, avx512dq, avx512cd, avx512bw, avx512vl, sha, fma, vzeroupper, avx512_vpopcntdq, avx512_vpclmulqdq, avx512_vaes, avx512_vnni, clflush, clflushopt, avx512_vbmi2, avx512_vbmi
Processor Information for all 4 processors :
  Max Mhz: 1190, Current Mhz: 1190, Mhz Limit: 1190

Memory: 4k page, system-wide physical 7981M (541M free)
TotalPageFile size 12350M (AvailPageFile size 0M)
current process WorkingSet (physical memory assigned to process): 709M, peak: 709M
current process commit charge ("private bytes"): 610M, peak: 946M

vm_info: OpenJDK 64-Bit Server VM (17.0.13+11) for windows-amd64 JRE (17.0.13+11), built on Oct 16 2024 00:10:08 by "admin" with MS VC++ 17.7 (VS2022)

END.
