#
# There is insufficient memory for the Java Runtime Environment to continue.
# Native memory allocation (mmap) failed to map 132120576 bytes. Error detail: G1 virtual space
# Possible reasons:
#   The system is out of physical RAM or swap space
#   This process is running with CompressedOops enabled, and the Java Heap may be blocking the growth of the native heap
# Possible solutions:
#   Reduce memory load on the system
#   Increase physical memory or swap space
#   Check if swap backing store is full
#   Decrease Java heap size (-Xmx/-Xms)
#   Decrease number of Java threads
#   Decrease Java thread stack sizes (-Xss)
#   Set larger code cache with -XX:ReservedCodeCacheSize=
#   JVM is running with Unscaled Compressed Oops mode in which the Java heap is
#     placed in the first 4GB address space. The Java Heap base address is the
#     maximum limit for the native heap growth. Please use -XX:HeapBaseMinAddress
#     to set the Java Heap base and to place the Java Heap above 4GB virtual address.
# This output file may be truncated or incomplete.
#
#  Out of Memory Error (os_windows.cpp:3703), pid=9188, tid=1184
#
# JRE version:  (23.0.1+11) (build )
# Java VM: Java HotSpot(TM) 64-Bit Server VM (23.0.1+11-39, mixed mode, sharing, tiered, compressed oops, compressed class ptrs, g1 gc, windows-amd64)
# No core dump will be written. Minidumps are not enabled by default on client versions of Windows
#

---------------  S U M M A R Y ------------

Command Line: -Dnet.bytebuddy.agent.attacher.dump= net.bytebuddy.agent.Attacher com.sun.tools.attach.VirtualMachine 8812 C:\Users\acer\.m2\repository\net\bytebuddy\byte-buddy-agent\1.14.19\byte-buddy-agent-1.14.19.jar false 

Host: Intel(R) Core(TM) i3-1005G1 CPU @ 1.20GHz, 4 cores, 7G,  Windows 11 , 64 bit Build 22621 (10.0.22621.3958)
Time: Tue Nov  5 22:13:16 2024 Hora verano Sudamérica Pacífico elapsed time: 0.013289 seconds (0d 0h 0m 0s)

---------------  T H R E A D  ---------------

Current thread (0x00000194e8b827d0):  JavaThread "Unknown thread" [_thread_in_vm, id=1184, stack(0x0000004da1600000,0x0000004da1700000) (1024K)]

Stack: [0x0000004da1600000,0x0000004da1700000]
Native frames: (J=compiled Java code, j=interpreted, Vv=VM code, C=native code)
V  [jvm.dll+0x6e08b9]  (no source info available)
V  [jvm.dll+0x87dc83]  (no source info available)
V  [jvm.dll+0x88010e]  (no source info available)
V  [jvm.dll+0x8807e3]  (no source info available)
V  [jvm.dll+0x27aee6]  (no source info available)
V  [jvm.dll+0x6dd1c5]  (no source info available)
V  [jvm.dll+0x6d104a]  (no source info available)
V  [jvm.dll+0x35b3ea]  (no source info available)
V  [jvm.dll+0x3637f6]  (no source info available)
V  [jvm.dll+0x34fd5e]  (no source info available)
V  [jvm.dll+0x34fff8]  (no source info available)
V  [jvm.dll+0x3289cc]  (no source info available)
V  [jvm.dll+0x32966e]  (no source info available)
V  [jvm.dll+0x844355]  (no source info available)
V  [jvm.dll+0x3b9848]  (no source info available)
V  [jvm.dll+0x82d14c]  (no source info available)
V  [jvm.dll+0x454d4e]  (no source info available)
V  [jvm.dll+0x456bd1]  (no source info available)
C  [jli.dll+0x52a3]  (no source info available)
C  [ucrtbase.dll+0x29333]  (no source info available)
C  [KERNEL32.DLL+0x1257d]  (no source info available)
C  [ntdll.dll+0x5af08]  (no source info available)

Lock stack of current Java thread (top to bottom):


---------------  P R O C E S S  ---------------

Threads class SMR info:
_java_thread_list=0x00007ffa324e3618, length=0, elements={
}

Java Threads: ( => current thread )
Total: 0

Other Threads:
  0x00000194eaf43010 WorkerThread "GC Thread#0"                     [id=1076, stack(0x0000004da1700000,0x0000004da1800000) (1024K)]
  0x00000194eaf58200 ConcurrentGCThread "G1 Main Marker"            [id=17744, stack(0x0000004da1800000,0x0000004da1900000) (1024K)]
  0x00000194eaf5a4c0 WorkerThread "G1 Conc#0"                       [id=11352, stack(0x0000004da1900000,0x0000004da1a00000) (1024K)]

[error occurred during error reporting (printing all threads), id 0xc0000005, EXCEPTION_ACCESS_VIOLATION (0xc0000005) at pc=0x00007ffa31c2bfba]
VM state: not at safepoint (not fully initialized)

VM Mutex/Monitor currently owned by a thread:  ([mutex/lock_event])
[0x00007ffa32563a10] Heap_lock - owner thread: 0x00000194e8b827d0

Heap address: 0x0000000083400000, size: 1996 MB, Compressed Oops mode: 32-bit

CDS archive(s) mapped at: [0x0000000000000000-0x0000000000000000-0x0000000000000000), size 0, SharedBaseAddress: 0x0000000800000000, ArchiveRelocationMode: 1.
Narrow klass base: 0x0000000000000000, Narrow klass shift: 0, Narrow klass range: 0x0

GC Precious Log:
 CardTable entry size: 512
 Card Set container configuration: InlinePtr #cards 5 size 8 Array Of Cards #cards 10 size 36 Howl #buckets 4 coarsen threshold 1843 Howl Bitmap #cards 512 size 80 coarsen threshold 460 Card regions per heap region 1 cards per card region 2048

Heap:
 garbage-first heap   total reserved 2043904K, committed 0K, used 0K [0x0000000083400000, 0x0000000100000000)
  region size 1024K, 0 young (0K), 0 survivors (0K)

[error occurred during error reporting (printing heap information), id 0xc0000005, EXCEPTION_ACCESS_VIOLATION (0xc0000005) at pc=0x00007ffa3202c3c9]
GC Heap History (0 events):
No events

Dll operation events (1 events):
Event: 0.009 Loaded shared library C:\Program Files\Java\jdk-23\bin\java.dll

Deoptimization events (0 events):
No events

Classes loaded (0 events):
No events

Classes unloaded (0 events):
No events

Classes redefined (0 events):
No events

Internal exceptions (0 events):
No events

VM Operations (0 events):
No events

Memory protections (0 events):
No events

Nmethod flushes (0 events):
No events

Events (0 events):
No events


Dynamic libraries:
0x00007ff743340000 - 0x00007ff743350000 	C:\Program Files\Java\jdk-23\bin\java.exe
0x00007ffaf1330000 - 0x00007ffaf1547000 	C:\WINDOWS\SYSTEM32\ntdll.dll
0x00007ffaf0350000 - 0x00007ffaf0414000 	C:\WINDOWS\System32\KERNEL32.DLL
0x00007ffaee6c0000 - 0x00007ffaeea77000 	C:\WINDOWS\System32\KERNELBASE.dll
0x00007ffaeeab0000 - 0x00007ffaeebc1000 	C:\WINDOWS\System32\ucrtbase.dll
0x00007ffacb990000 - 0x00007ffacb9a7000 	C:\Program Files\Java\jdk-23\bin\jli.dll
0x00007ffaf0cf0000 - 0x00007ffaf0e9f000 	C:\WINDOWS\System32\USER32.dll
0x00007ffacb9b0000 - 0x00007ffacb9cb000 	C:\Program Files\Java\jdk-23\bin\VCRUNTIME140.dll
0x00007ffaeee50000 - 0x00007ffaeee76000 	C:\WINDOWS\System32\win32u.dll
0x00007ffaf01e0000 - 0x00007ffaf0209000 	C:\WINDOWS\System32\GDI32.dll
0x00007ffaeee80000 - 0x00007ffaeef98000 	C:\WINDOWS\System32\gdi32full.dll
0x00007ffaeebd0000 - 0x00007ffaeec6a000 	C:\WINDOWS\System32\msvcp_win.dll
0x00007ffad5f60000 - 0x00007ffad61f3000 	C:\WINDOWS\WinSxS\amd64_microsoft.windows.common-controls_6595b64144ccf1df_6.0.22621.3672_none_2713b9d173822955\COMCTL32.dll
0x00007ffaf0220000 - 0x00007ffaf02c7000 	C:\WINDOWS\System32\msvcrt.dll
0x00007ffaf00d0000 - 0x00007ffaf0101000 	C:\WINDOWS\System32\IMM32.DLL
0x00007ffadb6c0000 - 0x00007ffadb6cc000 	C:\Program Files\Java\jdk-23\bin\vcruntime140_1.dll
0x00007ffa5b400000 - 0x00007ffa5b48e000 	C:\Program Files\Java\jdk-23\bin\msvcp140.dll
0x00007ffa318f0000 - 0x00007ffa3263f000 	C:\Program Files\Java\jdk-23\bin\server\jvm.dll
0x00007ffaf1230000 - 0x00007ffaf12e2000 	C:\WINDOWS\System32\ADVAPI32.dll
0x00007ffaf0c20000 - 0x00007ffaf0cc8000 	C:\WINDOWS\System32\sechost.dll
0x00007ffaeea80000 - 0x00007ffaeeaa8000 	C:\WINDOWS\System32\bcrypt.dll
0x00007ffaefb90000 - 0x00007ffaefca4000 	C:\WINDOWS\System32\RPCRT4.dll
0x00007ffaefe70000 - 0x00007ffaefee1000 	C:\WINDOWS\System32\WS2_32.dll
0x00007ffaee510000 - 0x00007ffaee55d000 	C:\WINDOWS\SYSTEM32\POWRPROF.dll
0x00007ffae6960000 - 0x00007ffae6994000 	C:\WINDOWS\SYSTEM32\WINMM.dll
0x00007ffae6640000 - 0x00007ffae664a000 	C:\WINDOWS\SYSTEM32\VERSION.dll
0x00007ffaee4f0000 - 0x00007ffaee503000 	C:\WINDOWS\SYSTEM32\UMPDC.dll
0x00007ffaed690000 - 0x00007ffaed6a8000 	C:\WINDOWS\SYSTEM32\kernel.appcore.dll
0x00007ffad7630000 - 0x00007ffad763a000 	C:\Program Files\Java\jdk-23\bin\jimage.dll
0x00007ffadbc30000 - 0x00007ffadbe62000 	C:\WINDOWS\SYSTEM32\DBGHELP.DLL
0x00007ffaf0ea0000 - 0x00007ffaf122e000 	C:\WINDOWS\System32\combase.dll
0x00007ffaf04b0000 - 0x00007ffaf0587000 	C:\WINDOWS\System32\OLEAUT32.dll
0x00007ffaccda0000 - 0x00007ffaccdd2000 	C:\WINDOWS\SYSTEM32\dbgcore.DLL
0x00007ffaee640000 - 0x00007ffaee6bb000 	C:\WINDOWS\System32\bcryptPrimitives.dll
0x00007ffac9da0000 - 0x00007ffac9dbe000 	C:\Program Files\Java\jdk-23\bin\java.dll
0x00007ffaefcc0000 - 0x00007ffaefe65000 	C:\WINDOWS\System32\ole32.dll
0x00007ffaef160000 - 0x00007ffaef9c9000 	C:\WINDOWS\System32\SHELL32.dll

dbghelp: loaded successfully - version: 4.0.5 - missing functions: none
symbol engine: initialized successfully - sym options: 0x614 - pdb path: .;C:\Program Files\Java\jdk-23\bin;C:\WINDOWS\SYSTEM32;C:\WINDOWS\WinSxS\amd64_microsoft.windows.common-controls_6595b64144ccf1df_6.0.22621.3672_none_2713b9d173822955;C:\Program Files\Java\jdk-23\bin\server

VM Arguments:
jvm_args: -Dnet.bytebuddy.agent.attacher.dump= 
java_command: net.bytebuddy.agent.Attacher com.sun.tools.attach.VirtualMachine 8812 C:\Users\acer\.m2\repository\net\bytebuddy\byte-buddy-agent\1.14.19\byte-buddy-agent-1.14.19.jar false 
java_class_path (initial): C:\Users\acer\.m2\repository\net\bytebuddy\byte-buddy-agent\1.14.19\byte-buddy-agent-1.14.19.jar
Launcher Type: SUN_STANDARD

[Global flags]
     intx CICompilerCount                          = 3                                         {product} {ergonomic}
     uint ConcGCThreads                            = 1                                         {product} {ergonomic}
     uint G1ConcRefinementThreads                  = 4                                         {product} {ergonomic}
   size_t G1HeapRegionSize                         = 1048576                                   {product} {ergonomic}
   size_t InitialHeapSize                          = 132120576                                 {product} {ergonomic}
   size_t MarkStackSize                            = 4194304                                   {product} {ergonomic}
   size_t MarkStackSizeMax                         = 536870912                                 {product} {ergonomic}
   size_t MaxHeapSize                              = 2092957696                                {product} {ergonomic}
   size_t MinHeapDeltaBytes                        = 1048576                                   {product} {ergonomic}
   size_t MinHeapSize                              = 8388608                                   {product} {ergonomic}
    uintx NonNMethodCodeHeapSize                   = 5832704                                {pd product} {ergonomic}
    uintx NonProfiledCodeHeapSize                  = 122945536                              {pd product} {ergonomic}
    uintx ProfiledCodeHeapSize                     = 122880000                              {pd product} {ergonomic}
    uintx ReservedCodeCacheSize                    = 251658240                              {pd product} {ergonomic}
     bool SegmentedCodeCache                       = true                                      {product} {ergonomic}
   size_t SoftMaxHeapSize                          = 2092957696                             {manageable} {ergonomic}
     bool UseCompressedOops                        = true                           {product lp64_product} {ergonomic}
     bool UseG1GC                                  = true                                      {product} {ergonomic}
     bool UseLargePagesIndividualAllocation        = false                                  {pd product} {ergonomic}

Logging:
Log output configuration:
 #0: stdout all=warning uptime,level,tags foldmultilines=false
 #1: stderr all=off uptime,level,tags foldmultilines=false

Environment Variables:
CLASSPATH=.;.;C:\PROGRA~2\JMF21~1.1E\lib\sound.jar;C:\PROGRA~2\JMF21~1.1E\lib\jmf.jar;C:\PROGRA~2\JMF21~1.1E\lib;
PATH=C:\Program Files\Common Files\Oracle\Java\javapath;C:\WINDOWS\system32;C:\WINDOWS;C:\WINDOWS\System32\Wbem;C:\WINDOWS\System32\WindowsPowerShell\v1.0\;C:\WINDOWS\System32\OpenSSH\;C:\Program Files\Git\cmd;C:\Users\acer\OneDrive\Escritorio\sablecc-3.7\sablecc-3.7\bin;C:\Program Files (x86)\Microsoft SQL Server\160\Tools\Binn\;C:\Program Files\Microsoft SQL Server\160\Tools\Binn\;C:\Program Files\Microsoft SQL Server\Client SDK\ODBC\170\Tools\Binn\;C:\Program Files\Microsoft SQL Server\160\DTS\Binn\;C:\Program Files (x86)\Microsoft SQL Server\160\DTS\Binn\;C:\workspace\apache-maven-3.9.9-bin\apache-maven-3.9.9\bin;C:\Users\acer\AppData\Local\Programs\Python\Python312\Scripts\;C:\Users\acer\AppData\Local\Programs\Python\Python312\;C:\Users\acer\AppData\Local\Microsoft\WindowsApps;C:\Program Files\JetBrains\IntelliJ IDEA 2021.2.1\bin;;C:\Users\acer\AppData\Local\Programs\Microsoft VS Code\bin;C:\Program Files\MySQL\MySQL Server 8.0\bin;C:\Users\acer\AppData\Local\GitHubDesktop\bin
USERNAME=acer
LANG=en_US.UTF-8
OS=Windows_NT
PROCESSOR_IDENTIFIER=Intel64 Family 6 Model 126 Stepping 5, GenuineIntel
TMP=C:\Users\acer\AppData\Local\Temp
TEMP=C:\Users\acer\AppData\Local\Temp




Periodic native trim disabled

---------------  S Y S T E M  ---------------

OS:
 Windows 11 , 64 bit Build 22621 (10.0.22621.3958)
OS uptime: 0 days 1:12 hours

CPU: total 4 (initial active 4) (2 cores per cpu, 2 threads per core) family 6 model 126 stepping 5 microcode 0x86, cx8, cmov, fxsr, ht, mmx, 3dnowpref, sse, sse2, sse3, ssse3, sse4.1, sse4.2, popcnt, lzcnt, tsc, tscinvbit, avx, avx2, aes, erms, clmul, bmi1, bmi2, adx, avx512f, avx512dq, avx512cd, avx512bw, avx512vl, sha, fma, vzeroupper, avx512_vpopcntdq, avx512_vpclmulqdq, avx512_vaes, avx512_vnni, clflush, clflushopt, avx512_vbmi2, avx512_vbmi, rdtscp, rdpid, fsrm, gfni, avx512_bitalg, f16c, pku, avx512_ifma
Processor Information for the first 4 processors :
  Max Mhz: 1190, Current Mhz: 1190, Mhz Limit: 1190

Memory: 4k page, system-wide physical 7981M (514M free)
TotalPageFile size 12516M (AvailPageFile size 128M)
current process WorkingSet (physical memory assigned to process): 12M, peak: 12M
current process commit charge ("private bytes"): 52M, peak: 178M

vm_info: Java HotSpot(TM) 64-Bit Server VM (23.0.1+11-39) for windows-amd64 JRE (23.0.1+11-39), built on 2024-09-30T07:20:43Z with MS VC++ 17.6 (VS2022)

END.
