#
# There is insufficient memory for the Java Runtime Environment to continue.
# Native memory allocation (malloc) failed to allocate 724080 bytes. Error detail: Chunk::new
# Possible reasons:
#   The system is out of physical RAM or swap space
#   This process is running with CompressedOops enabled, and the Java Heap may be blocking the growth of the native heap
# Possible solutions:
#   Reduce memory load on the system
#   Increase physical memory or swap space
#   Check if swap backing store is full
#   Decrease Java heap size (-Xmx/-Xms)
#   Decrease number of Java threads
#   Decrease Java thread stack sizes (-Xss)
#   Set larger code cache with -XX:ReservedCodeCacheSize=
#   JVM is running with Unscaled Compressed Oops mode in which the Java heap is
#     placed in the first 4GB address space. The Java Heap base address is the
#     maximum limit for the native heap growth. Please use -XX:HeapBaseMinAddress
#     to set the Java Heap base and to place the Java Heap above 4GB virtual address.
# This output file may be truncated or incomplete.
#
#  Out of Memory Error (arena.cpp:149), pid=15688, tid=15820
#
# JRE version: Java(TM) SE Runtime Environment (23.0.1+11) (build 23.0.1+11-39)
# Java VM: Java HotSpot(TM) 64-Bit Server VM (23.0.1+11-39, mixed mode, sharing, tiered, compressed oops, compressed class ptrs, g1 gc, windows-amd64)
# No core dump will be written. Minidumps are not enabled by default on client versions of Windows
#

---------------  S U M M A R Y ------------

Command Line: -Dclassworlds.conf=C:\workspace\apache-maven-3.9.9-bin\apache-maven-3.9.9\bin\m2.conf -Dmaven.home=C:\workspace\apache-maven-3.9.9-bin\apache-maven-3.9.9 -Dlibrary.jansi.path=C:\workspace\apache-maven-3.9.9-bin\apache-maven-3.9.9\lib\jansi-native -Dmaven.multiModuleProjectDirectory=C:\Users\acer\OneDrive\Documentos\GitHub\Proyect\Proyecto-main\proyecto\demo org.codehaus.plexus.classworlds.launcher.Launcher test

Host: Intel(R) Core(TM) i3-1005G1 CPU @ 1.20GHz, 4 cores, 7G,  Windows 11 , 64 bit Build 22621 (10.0.22621.3958)
Time: Tue Nov  5 22:27:08 2024 Hora verano Sudamérica Pacífico elapsed time: 7.403772 seconds (0d 0h 0m 7s)

---------------  T H R E A D  ---------------

Current thread (0x0000020788dc59c0):  JavaThread "C2 CompilerThread1" daemon [_thread_in_native, id=15820, stack(0x000000a5bf100000,0x000000a5bf200000) (1024K)]


Current CompileTask:
C2:7403 5752   !   4       jdk.nio.zipfs.ZipFileSystem::getFileAttributes (169 bytes)

Stack: [0x000000a5bf100000,0x000000a5bf200000]
Native frames: (J=compiled Java code, j=interpreted, Vv=VM code, C=native code)
V  [jvm.dll+0x6e08b9]  (no source info available)
V  [jvm.dll+0x87dc83]  (no source info available)
V  [jvm.dll+0x88010e]  (no source info available)
V  [jvm.dll+0x8807e3]  (no source info available)
V  [jvm.dll+0x27aee6]  (no source info available)
V  [jvm.dll+0xbc06f]  (no source info available)
V  [jvm.dll+0xbc2cb]  (no source info available)
V  [jvm.dll+0x3b3a9c]  (no source info available)
V  [jvm.dll+0x38a42b]  (no source info available)
V  [jvm.dll+0x38989a]  (no source info available)
V  [jvm.dll+0x244aa1]  (no source info available)
V  [jvm.dll+0x243dff]  (no source info available)
V  [jvm.dll+0x1c33a0]  (no source info available)
V  [jvm.dll+0x253cf1]  (no source info available)
V  [jvm.dll+0x251faa]  (no source info available)
V  [jvm.dll+0x3ee036]  (no source info available)
V  [jvm.dll+0x824f8b]  (no source info available)
V  [jvm.dll+0x6df065]  (no source info available)
C  [ucrtbase.dll+0x29333]  (no source info available)
C  [KERNEL32.DLL+0x1257d]  (no source info available)
C  [ntdll.dll+0x5af08]  (no source info available)

Lock stack of current Java thread (top to bottom):


---------------  P R O C E S S  ---------------

Threads class SMR info:
_java_thread_list=0x0000020788b27260, length=13, elements={
0x00000207232621a0, 0x0000020741931380, 0x00000207419347b0, 0x00000207419370f0,
0x0000020741937c40, 0x0000020741938790, 0x000002074193ca40, 0x000002074193d9f0,
0x00000207419406d0, 0x0000020741a8ac90, 0x0000020741a91350, 0x0000020787d163a0,
0x0000020788dc59c0
}

Java Threads: ( => current thread )
  0x00000207232621a0 JavaThread "main"                              [_thread_in_vm, id=15500, stack(0x000000a5bdb00000,0x000000a5bdc00000) (1024K)]
  0x0000020741931380 JavaThread "Reference Handler"          daemon [_thread_blocked, id=9816, stack(0x000000a5be300000,0x000000a5be400000) (1024K)]
  0x00000207419347b0 JavaThread "Finalizer"                  daemon [_thread_blocked, id=12972, stack(0x000000a5be400000,0x000000a5be500000) (1024K)]
  0x00000207419370f0 JavaThread "Signal Dispatcher"          daemon [_thread_blocked, id=1728, stack(0x000000a5be500000,0x000000a5be600000) (1024K)]
  0x0000020741937c40 JavaThread "Attach Listener"            daemon [_thread_blocked, id=11844, stack(0x000000a5be600000,0x000000a5be700000) (1024K)]
  0x0000020741938790 JavaThread "Service Thread"             daemon [_thread_blocked, id=2648, stack(0x000000a5be700000,0x000000a5be800000) (1024K)]
  0x000002074193ca40 JavaThread "Monitor Deflation Thread"   daemon [_thread_blocked, id=2864, stack(0x000000a5be800000,0x000000a5be900000) (1024K)]
  0x000002074193d9f0 JavaThread "C2 CompilerThread0"         daemon [_thread_in_native, id=1420, stack(0x000000a5be900000,0x000000a5bea00000) (1024K)]
  0x00000207419406d0 JavaThread "C1 CompilerThread0"         daemon [_thread_blocked, id=12524, stack(0x000000a5bea00000,0x000000a5beb00000) (1024K)]
  0x0000020741a8ac90 JavaThread "Notification Thread"        daemon [_thread_blocked, id=14752, stack(0x000000a5beb00000,0x000000a5bec00000) (1024K)]
  0x0000020741a91350 JavaThread "Common-Cleaner"             daemon [_thread_blocked, id=5604, stack(0x000000a5bec00000,0x000000a5bed00000) (1024K)]
  0x0000020787d163a0 JavaThread "Thread-1"                   daemon [_thread_blocked, id=12068, stack(0x000000a5bf000000,0x000000a5bf100000) (1024K)]
=>0x0000020788dc59c0 JavaThread "C2 CompilerThread1"         daemon [_thread_in_native, id=15820, stack(0x000000a5bf100000,0x000000a5bf200000) (1024K)]
Total: 13

Other Threads:
  0x0000020741916840 VMThread "VM Thread"                           [id=12676, stack(0x000000a5be200000,0x000000a5be300000) (1024K)]
  0x00000207419014e0 WatcherThread "VM Periodic Task Thread"        [id=12336, stack(0x000000a5be100000,0x000000a5be200000) (1024K)]
  0x0000020725673c40 WorkerThread "GC Thread#0"                     [id=288, stack(0x000000a5bdc00000,0x000000a5bdd00000) (1024K)]
  0x00000207873bf900 WorkerThread "GC Thread#1"                     [id=17208, stack(0x000000a5bed00000,0x000000a5bee00000) (1024K)]
  0x00000207873885d0 WorkerThread "GC Thread#2"                     [id=3172, stack(0x000000a5bee00000,0x000000a5bef00000) (1024K)]
  0x000002078738a1e0 WorkerThread "GC Thread#3"                     [id=900, stack(0x000000a5bef00000,0x000000a5bf000000) (1024K)]
  0x0000020725689630 ConcurrentGCThread "G1 Main Marker"            [id=15228, stack(0x000000a5bdd00000,0x000000a5bde00000) (1024K)]
  0x000002072568a8e0 WorkerThread "G1 Conc#0"                       [id=17232, stack(0x000000a5bde00000,0x000000a5bdf00000) (1024K)]
  0x00000207256de6f0 ConcurrentGCThread "G1 Refine#0"               [id=17832, stack(0x000000a5bdf00000,0x000000a5be000000) (1024K)]
  0x00000207417d7850 ConcurrentGCThread "G1 Service"                [id=17776, stack(0x000000a5be000000,0x000000a5be100000) (1024K)]
Total: 10

Threads with active compile tasks:
C2 CompilerThread0  7484 5763       4       jdk.nio.zipfs.ZipFileSystemProvider::readAttributes (9 bytes)
C2 CompilerThread1  7484 5752   !   4       jdk.nio.zipfs.ZipFileSystem::getFileAttributes (169 bytes)
Total: 2

VM state: not at safepoint (normal execution)

VM Mutex/Monitor currently owned by a thread: None

Heap address: 0x0000000083400000, size: 1996 MB, Compressed Oops mode: 32-bit

CDS archive(s) mapped at: [0x0000020742000000-0x0000020742d70000-0x0000020742d70000), size 14090240, SharedBaseAddress: 0x0000020742000000, ArchiveRelocationMode: 1.
Compressed class space mapped at: 0x0000020743000000-0x0000020783000000, reserved size: 1073741824
Narrow klass base: 0x0000020742000000, Narrow klass shift: 0, Narrow klass range: 0x41000000

GC Precious Log:
 CardTable entry size: 512
 Card Set container configuration: InlinePtr #cards 5 size 8 Array Of Cards #cards 10 size 36 Howl #buckets 4 coarsen threshold 1843 Howl Bitmap #cards 512 size 80 coarsen threshold 460 Card regions per heap region 1 cards per card region 2048
 CPUs: 4 total, 4 available
 Memory: 7981M
 Large Page Support: Disabled
 NUMA Support: Disabled
 Compressed Oops: Enabled (32-bit)
 Heap Region Size: 1M
 Heap Min Capacity: 8M
 Heap Initial Capacity: 126M
 Heap Max Capacity: 1996M
 Pre-touch: Disabled
 Parallel Workers: 4
 Concurrent Workers: 1
 Concurrent Refinement Workers: 4
 Periodic GC: Disabled

Heap:
 garbage-first heap   total reserved 2043904K, committed 86016K, used 47332K [0x0000000083400000, 0x0000000100000000)
  region size 1024K, 30 young (30720K), 9 survivors (9216K)
 Metaspace       used 26039K, committed 26368K, reserved 1114112K
  class space    used 3097K, committed 3264K, reserved 1048576K

Heap Regions: E=young(eden), S=young(survivor), O=old, HS=humongous(starts), HC=humongous(continues), CS=collection set, F=free, TAMS=top-at-mark-start, PB=parsable bottom
|   0|0x0000000083400000, 0x0000000083500000, 0x0000000083500000|100%| O|  |TAMS 0x0000000083400000| PB 0x0000000083400000| Untracked |  0
|   1|0x0000000083500000, 0x0000000083600000, 0x0000000083600000|100%| O|  |TAMS 0x0000000083500000| PB 0x0000000083500000| Untracked |  0
|   2|0x0000000083600000, 0x0000000083700000, 0x0000000083700000|100%| O|  |TAMS 0x0000000083600000| PB 0x0000000083600000| Untracked |  0
|   3|0x0000000083700000, 0x0000000083800000, 0x0000000083800000|100%| O|  |TAMS 0x0000000083700000| PB 0x0000000083700000| Untracked |  0
|   4|0x0000000083800000, 0x0000000083900000, 0x0000000083900000|100%| O|  |TAMS 0x0000000083800000| PB 0x0000000083800000| Untracked |  0
|   5|0x0000000083900000, 0x0000000083a00000, 0x0000000083a00000|100%| O|  |TAMS 0x0000000083900000| PB 0x0000000083900000| Untracked |  0
|   6|0x0000000083a00000, 0x0000000083b00000, 0x0000000083b00000|100%| O|  |TAMS 0x0000000083a00000| PB 0x0000000083a00000| Untracked |  0
|   7|0x0000000083b00000, 0x0000000083c00000, 0x0000000083c00000|100%| O|  |TAMS 0x0000000083b00000| PB 0x0000000083b00000| Untracked |  0
|   8|0x0000000083c00000, 0x0000000083d00000, 0x0000000083d00000|100%| O|  |TAMS 0x0000000083c00000| PB 0x0000000083c00000| Untracked |  0
|   9|0x0000000083d00000, 0x0000000083e00000, 0x0000000083e00000|100%| O|  |TAMS 0x0000000083d00000| PB 0x0000000083d00000| Untracked |  0
|  10|0x0000000083e00000, 0x0000000083f00000, 0x0000000083f00000|100%| O|Cm|TAMS 0x0000000083e00000| PB 0x0000000083e00000| Complete |  0
|  11|0x0000000083f00000, 0x0000000083f53fc0, 0x0000000084000000| 32%| O|  |TAMS 0x0000000083f00000| PB 0x0000000083f00000| Untracked |  0
|  12|0x0000000084000000, 0x0000000084100000, 0x0000000084100000|100%|HS|  |TAMS 0x0000000084000000| PB 0x0000000084000000| Complete |  0
|  13|0x0000000084100000, 0x0000000084200000, 0x0000000084200000|100%|HS|  |TAMS 0x0000000084100000| PB 0x0000000084100000| Complete |  0
|  14|0x0000000084200000, 0x0000000084200000, 0x0000000084300000|  0%| F|  |TAMS 0x0000000084200000| PB 0x0000000084200000| Untracked |  0
|  15|0x0000000084300000, 0x0000000084300000, 0x0000000084400000|  0%| F|  |TAMS 0x0000000084300000| PB 0x0000000084300000| Untracked |  0
|  16|0x0000000084400000, 0x0000000084400000, 0x0000000084500000|  0%| F|  |TAMS 0x0000000084400000| PB 0x0000000084400000| Untracked |  0
|  17|0x0000000084500000, 0x0000000084500000, 0x0000000084600000|  0%| F|  |TAMS 0x0000000084500000| PB 0x0000000084500000| Untracked |  0
|  18|0x0000000084600000, 0x0000000084600000, 0x0000000084700000|  0%| F|  |TAMS 0x0000000084600000| PB 0x0000000084600000| Untracked |  0
|  19|0x0000000084700000, 0x0000000084700000, 0x0000000084800000|  0%| F|  |TAMS 0x0000000084700000| PB 0x0000000084700000| Untracked |  0
|  20|0x0000000084800000, 0x0000000084800000, 0x0000000084900000|  0%| F|  |TAMS 0x0000000084800000| PB 0x0000000084800000| Untracked |  0
|  21|0x0000000084900000, 0x0000000084900000, 0x0000000084a00000|  0%| F|  |TAMS 0x0000000084900000| PB 0x0000000084900000| Untracked |  0
|  22|0x0000000084a00000, 0x0000000084a00000, 0x0000000084b00000|  0%| F|  |TAMS 0x0000000084a00000| PB 0x0000000084a00000| Untracked |  0
|  23|0x0000000084b00000, 0x0000000084b00000, 0x0000000084c00000|  0%| F|  |TAMS 0x0000000084b00000| PB 0x0000000084b00000| Untracked |  0
|  24|0x0000000084c00000, 0x0000000084c00000, 0x0000000084d00000|  0%| F|  |TAMS 0x0000000084c00000| PB 0x0000000084c00000| Untracked |  0
|  25|0x0000000084d00000, 0x0000000084d00000, 0x0000000084e00000|  0%| F|  |TAMS 0x0000000084d00000| PB 0x0000000084d00000| Untracked |  0
|  26|0x0000000084e00000, 0x0000000084e00000, 0x0000000084f00000|  0%| F|  |TAMS 0x0000000084e00000| PB 0x0000000084e00000| Untracked |  0
|  27|0x0000000084f00000, 0x0000000084f00000, 0x0000000085000000|  0%| F|  |TAMS 0x0000000084f00000| PB 0x0000000084f00000| Untracked |  0
|  28|0x0000000085000000, 0x0000000085000000, 0x0000000085100000|  0%| F|  |TAMS 0x0000000085000000| PB 0x0000000085000000| Untracked |  0
|  29|0x0000000085100000, 0x0000000085100000, 0x0000000085200000|  0%| F|  |TAMS 0x0000000085100000| PB 0x0000000085100000| Untracked |  0
|  30|0x0000000085200000, 0x0000000085200000, 0x0000000085300000|  0%| F|  |TAMS 0x0000000085200000| PB 0x0000000085200000| Untracked |  0
|  31|0x0000000085300000, 0x0000000085300000, 0x0000000085400000|  0%| F|  |TAMS 0x0000000085300000| PB 0x0000000085300000| Untracked |  0
|  32|0x0000000085400000, 0x0000000085400000, 0x0000000085500000|  0%| F|  |TAMS 0x0000000085400000| PB 0x0000000085400000| Untracked |  0
|  33|0x0000000085500000, 0x0000000085500000, 0x0000000085600000|  0%| F|  |TAMS 0x0000000085500000| PB 0x0000000085500000| Untracked |  0
|  34|0x0000000085600000, 0x0000000085600000, 0x0000000085700000|  0%| F|  |TAMS 0x0000000085600000| PB 0x0000000085600000| Untracked |  0
|  35|0x0000000085700000, 0x0000000085700000, 0x0000000085800000|  0%| F|  |TAMS 0x0000000085700000| PB 0x0000000085700000| Untracked |  0
|  36|0x0000000085800000, 0x0000000085800000, 0x0000000085900000|  0%| F|  |TAMS 0x0000000085800000| PB 0x0000000085800000| Untracked |  0
|  37|0x0000000085900000, 0x0000000085900000, 0x0000000085a00000|  0%| F|  |TAMS 0x0000000085900000| PB 0x0000000085900000| Untracked |  0
|  38|0x0000000085a00000, 0x0000000085a00000, 0x0000000085b00000|  0%| F|  |TAMS 0x0000000085a00000| PB 0x0000000085a00000| Untracked |  0
|  39|0x0000000085b00000, 0x0000000085b00000, 0x0000000085c00000|  0%| F|  |TAMS 0x0000000085b00000| PB 0x0000000085b00000| Untracked |  0
|  40|0x0000000085c00000, 0x0000000085c00000, 0x0000000085d00000|  0%| F|  |TAMS 0x0000000085c00000| PB 0x0000000085c00000| Untracked |  0
|  41|0x0000000085d00000, 0x0000000085d00000, 0x0000000085e00000|  0%| F|  |TAMS 0x0000000085d00000| PB 0x0000000085d00000| Untracked |  0
|  42|0x0000000085e00000, 0x0000000085e00000, 0x0000000085f00000|  0%| F|  |TAMS 0x0000000085e00000| PB 0x0000000085e00000| Untracked |  0
|  43|0x0000000085f00000, 0x0000000085f00000, 0x0000000086000000|  0%| F|  |TAMS 0x0000000085f00000| PB 0x0000000085f00000| Untracked |  0
|  44|0x0000000086000000, 0x0000000086000000, 0x0000000086100000|  0%| F|  |TAMS 0x0000000086000000| PB 0x0000000086000000| Untracked |  0
|  45|0x0000000086100000, 0x0000000086200000, 0x0000000086200000|100%|HS|  |TAMS 0x0000000086100000| PB 0x0000000086100000| Complete |  0
|  46|0x0000000086200000, 0x0000000086300000, 0x0000000086300000|100%|HC|  |TAMS 0x0000000086200000| PB 0x0000000086200000| Complete |  0
|  47|0x0000000086300000, 0x0000000086400000, 0x0000000086400000|100%|HS|  |TAMS 0x0000000086300000| PB 0x0000000086300000| Complete |  0
|  48|0x0000000086400000, 0x0000000086500000, 0x0000000086500000|100%|HC|  |TAMS 0x0000000086400000| PB 0x0000000086400000| Complete |  0
|  49|0x0000000086500000, 0x0000000086500000, 0x0000000086600000|  0%| F|  |TAMS 0x0000000086500000| PB 0x0000000086500000| Untracked |  0
|  50|0x0000000086600000, 0x0000000086600000, 0x0000000086700000|  0%| F|  |TAMS 0x0000000086600000| PB 0x0000000086600000| Untracked |  0
|  51|0x0000000086700000, 0x0000000086700000, 0x0000000086800000|  0%| F|  |TAMS 0x0000000086700000| PB 0x0000000086700000| Untracked |  0
|  52|0x0000000086800000, 0x0000000086800000, 0x0000000086900000|  0%| F|  |TAMS 0x0000000086800000| PB 0x0000000086800000| Untracked |  0
|  53|0x0000000086900000, 0x0000000086900000, 0x0000000086a00000|  0%| F|  |TAMS 0x0000000086900000| PB 0x0000000086900000| Untracked |  0
|  54|0x0000000086a00000, 0x0000000086a80000, 0x0000000086b00000| 50%| E|  |TAMS 0x0000000086a00000| PB 0x0000000086a00000| Complete |  0
|  55|0x0000000086b00000, 0x0000000086c00000, 0x0000000086c00000|100%| E|CS|TAMS 0x0000000086b00000| PB 0x0000000086b00000| Complete |  0
|  56|0x0000000086c00000, 0x0000000086d00000, 0x0000000086d00000|100%| E|CS|TAMS 0x0000000086c00000| PB 0x0000000086c00000| Complete |  0
|  57|0x0000000086d00000, 0x0000000086e00000, 0x0000000086e00000|100%| E|CS|TAMS 0x0000000086d00000| PB 0x0000000086d00000| Complete |  0
|  58|0x0000000086e00000, 0x0000000086f00000, 0x0000000086f00000|100%| E|CS|TAMS 0x0000000086e00000| PB 0x0000000086e00000| Complete |  0
|  59|0x0000000086f00000, 0x0000000087000000, 0x0000000087000000|100%| E|CS|TAMS 0x0000000086f00000| PB 0x0000000086f00000| Complete |  0
|  60|0x0000000087000000, 0x0000000087100000, 0x0000000087100000|100%| E|CS|TAMS 0x0000000087000000| PB 0x0000000087000000| Complete |  0
|  61|0x0000000087100000, 0x0000000087200000, 0x0000000087200000|100%| E|CS|TAMS 0x0000000087100000| PB 0x0000000087100000| Complete |  0
|  62|0x0000000087200000, 0x00000000872e53a0, 0x0000000087300000| 89%| S|CS|TAMS 0x0000000087200000| PB 0x0000000087200000| Complete |  0
|  63|0x0000000087300000, 0x0000000087400000, 0x0000000087400000|100%| S|CS|TAMS 0x0000000087300000| PB 0x0000000087300000| Complete |  0
|  64|0x0000000087400000, 0x0000000087500000, 0x0000000087500000|100%| S|CS|TAMS 0x0000000087400000| PB 0x0000000087400000| Complete |  0
|  65|0x0000000087500000, 0x0000000087600000, 0x0000000087600000|100%| S|CS|TAMS 0x0000000087500000| PB 0x0000000087500000| Complete |  0
|  66|0x0000000087600000, 0x0000000087700000, 0x0000000087700000|100%| S|CS|TAMS 0x0000000087600000| PB 0x0000000087600000| Complete |  0
|  67|0x0000000087700000, 0x0000000087800000, 0x0000000087800000|100%| S|CS|TAMS 0x0000000087700000| PB 0x0000000087700000| Complete |  0
|  68|0x0000000087800000, 0x0000000087900000, 0x0000000087900000|100%| S|CS|TAMS 0x0000000087800000| PB 0x0000000087800000| Complete |  0
|  69|0x0000000087900000, 0x0000000087a00000, 0x0000000087a00000|100%| S|CS|TAMS 0x0000000087900000| PB 0x0000000087900000| Complete |  0
|  70|0x0000000087a00000, 0x0000000087b00000, 0x0000000087b00000|100%| S|CS|TAMS 0x0000000087a00000| PB 0x0000000087a00000| Complete |  0
|  71|0x0000000087b00000, 0x0000000087c00000, 0x0000000087c00000|100%| E|CS|TAMS 0x0000000087b00000| PB 0x0000000087b00000| Complete |  0
|  72|0x0000000087c00000, 0x0000000087d00000, 0x0000000087d00000|100%| E|CS|TAMS 0x0000000087c00000| PB 0x0000000087c00000| Complete |  0
|  73|0x0000000087d00000, 0x0000000087e00000, 0x0000000087e00000|100%| E|CS|TAMS 0x0000000087d00000| PB 0x0000000087d00000| Complete |  0
|  74|0x0000000087e00000, 0x0000000087f00000, 0x0000000087f00000|100%| E|CS|TAMS 0x0000000087e00000| PB 0x0000000087e00000| Complete |  0
|  75|0x0000000087f00000, 0x0000000088000000, 0x0000000088000000|100%| E|CS|TAMS 0x0000000087f00000| PB 0x0000000087f00000| Complete |  0
|  76|0x0000000088000000, 0x0000000088100000, 0x0000000088100000|100%| E|CS|TAMS 0x0000000088000000| PB 0x0000000088000000| Complete |  0
|  77|0x0000000088100000, 0x0000000088200000, 0x0000000088200000|100%| E|CS|TAMS 0x0000000088100000| PB 0x0000000088100000| Complete |  0
|  78|0x0000000088200000, 0x0000000088300000, 0x0000000088300000|100%| E|CS|TAMS 0x0000000088200000| PB 0x0000000088200000| Complete |  0
|  79|0x0000000088300000, 0x0000000088400000, 0x0000000088400000|100%| E|CS|TAMS 0x0000000088300000| PB 0x0000000088300000| Complete |  0
|  80|0x0000000088400000, 0x0000000088500000, 0x0000000088500000|100%| E|CS|TAMS 0x0000000088400000| PB 0x0000000088400000| Complete |  0
|  81|0x0000000088500000, 0x0000000088600000, 0x0000000088600000|100%| E|CS|TAMS 0x0000000088500000| PB 0x0000000088500000| Complete |  0
|  82|0x0000000088600000, 0x0000000088700000, 0x0000000088700000|100%| E|CS|TAMS 0x0000000088600000| PB 0x0000000088600000| Complete |  0
| 125|0x000000008b100000, 0x000000008b200000, 0x000000008b200000|100%| E|CS|TAMS 0x000000008b100000| PB 0x000000008b100000| Complete |  0

Card table byte_map: [0x000002073d140000,0x000002073d530000] _byte_map_base: 0x000002073cd26000

Marking Bits: (CMBitMap*) 0x0000020725675360
 Bits: [0x000002073d530000, 0x000002073f460000)

Polling page: 0x00000207234c0000

Metaspace:

Usage:
  Non-class:     22.40 MB used.
      Class:      3.02 MB used.
       Both:     25.43 MB used.

Virtual space:
  Non-class space:       64.00 MB reserved,      22.56 MB ( 35%) committed,  1 nodes.
      Class space:        1.00 GB reserved,       3.19 MB ( <1%) committed,  1 nodes.
             Both:        1.06 GB reserved,      25.75 MB (  2%) committed. 

Chunk freelists:
   Non-Class:  9.39 MB
       Class:  12.83 MB
        Both:  22.22 MB

MaxMetaspaceSize: unlimited
CompressedClassSpaceSize: 1.00 GB
Initial GC threshold: 21.00 MB
Current GC threshold: 35.31 MB
CDS: on
 - commit_granule_bytes: 65536.
 - commit_granule_words: 8192.
 - virtual_space_node_default_size: 8388608.
 - enlarge_chunks_in_place: 1.
 - use_allocation_guard: 0.


Internal statistics:

num_allocs_failed_limit: 3.
num_arena_births: 268.
num_arena_deaths: 0.
num_vsnodes_births: 2.
num_vsnodes_deaths: 0.
num_space_committed: 412.
num_space_uncommitted: 0.
num_chunks_returned_to_freelist: 3.
num_chunks_taken_from_freelist: 1165.
num_chunk_merges: 3.
num_chunk_splits: 827.
num_chunks_enlarged: 656.
num_inconsistent_stats: 0.

CodeHeap 'non-profiled nmethods': size=120064Kb used=2425Kb max_used=2425Kb free=117638Kb
 bounds [0x0000020735810000, 0x0000020735a80000, 0x000002073cd50000]
CodeHeap 'profiled nmethods': size=120000Kb used=9163Kb max_used=9163Kb free=110836Kb
 bounds [0x000002072dd50000, 0x000002072e650000, 0x0000020735280000]
CodeHeap 'non-nmethods': size=5696Kb used=1591Kb max_used=1629Kb free=4104Kb
 bounds [0x0000020735280000, 0x00000207354f0000, 0x0000020735810000]
CodeCache: size=245760Kb, used=13179Kb, max_used=13217Kb, free=232578Kb
 total_blobs=6327, nmethods=5771, adapters=460, full_count=0
Compilation: enabled, stopped_count=0, restarted_count=0

Compilation events (20 events):
Event: 7.146 Thread 0x00000207419406d0 nmethod 5741 0x000002072e63a108 code [0x000002072e63a240, 0x000002072e63a4e0]
Event: 7.149 Thread 0x0000020788dc59c0 5743       4       jdk.nio.zipfs.ZipPath::getFileSystem (5 bytes)
Event: 7.149 Thread 0x000002074193d9f0 nmethod 5742 0x0000020735a63408 code [0x0000020735a63520, 0x0000020735a637c8]
Event: 7.150 Thread 0x0000020788dc59c0 nmethod 5743 0x0000020735a63888 code [0x0000020735a63980, 0x0000020735a63a00]
Event: 7.150 Thread 0x00000207419406d0 5744       3       java.nio.file.FileTreeWalker$Event::<init> (9 bytes)
Event: 7.150 Thread 0x00000207419406d0 nmethod 5744 0x000002072e63a508 code [0x000002072e63a640, 0x000002072e63a948]
Event: 7.156 Thread 0x0000020788dc59c0 5745       4       jdk.nio.zipfs.ZipDirectoryStream$1::hasNext (25 bytes)
Event: 7.157 Thread 0x000002074193d9f0 5746       4       jdk.nio.zipfs.ZipFileSystem$IndexNode::equals (40 bytes)
Event: 7.159 Thread 0x0000020788dc59c0 nmethod 5745 0x0000020735a63b88 code [0x0000020735a63ca0, 0x0000020735a63dd0]
Event: 7.159 Thread 0x0000020788dc59c0 5747       4       jdk.nio.zipfs.ZipPath::resolve (108 bytes)
Event: 7.159 Thread 0x000002074193d9f0 nmethod 5746 0x0000020735a63e88 code [0x0000020735a63f80, 0x0000020735a64138]
Event: 7.159 Thread 0x000002074193d9f0 5748       4       java.time.LocalDate::toEpochDay (154 bytes)
Event: 7.163 Thread 0x000002074193d9f0 nmethod 5748 0x0000020735a64188 code [0x0000020735a64280, 0x0000020735a644c0]
Event: 7.163 Thread 0x000002074193d9f0 5749       4       jdk.nio.zipfs.ZipPath::resolve (42 bytes)
Event: 7.167 Thread 0x00000207419406d0 5751       3       jdk.nio.zipfs.ZipDirectoryStream::<init> (49 bytes)
Event: 7.168 Thread 0x00000207419406d0 nmethod 5751 0x000002072e63a988 code [0x000002072e63ab20, 0x000002072e63b0e8]
Event: 7.169 Thread 0x0000020788dc59c0 nmethod 5747 0x0000020735a64508 code [0x0000020735a64660, 0x0000020735a65160]
Event: 7.169 Thread 0x0000020788dc59c0 5752   !   4       jdk.nio.zipfs.ZipFileSystem::getFileAttributes (169 bytes)
Event: 7.176 Thread 0x000002074193d9f0 nmethod 5749 0x0000020735a65208 code [0x0000020735a65360, 0x0000020735a65f18]
Event: 7.176 Thread 0x000002074193d9f0 5750       4       jdk.nio.zipfs.ZipFileSystem$Entry::<init> (68 bytes)

GC Heap History (12 events):
Event: 0.549 GC heap before
{Heap before GC invocations=0 (full 0):
 garbage-first heap   total reserved 2043904K, committed 129024K, used 14336K [0x0000000083400000, 0x0000000100000000)
  region size 1024K, 14 young (14336K), 0 survivors (0K)
 Metaspace       used 4125K, committed 4352K, reserved 1114112K
  class space    used 446K, committed 576K, reserved 1048576K
}
Event: 0.558 GC heap after
{Heap after GC invocations=1 (full 0):
 garbage-first heap   total reserved 2043904K, committed 129024K, used 3263K [0x0000000083400000, 0x0000000100000000)
  region size 1024K, 2 young (2048K), 2 survivors (2048K)
 Metaspace       used 4125K, committed 4352K, reserved 1114112K
  class space    used 446K, committed 576K, reserved 1048576K
}
Event: 1.102 GC heap before
{Heap before GC invocations=1 (full 0):
 garbage-first heap   total reserved 2043904K, committed 129024K, used 16575K [0x0000000083400000, 0x0000000100000000)
  region size 1024K, 15 young (15360K), 2 survivors (2048K)
 Metaspace       used 6242K, committed 6464K, reserved 1114112K
  class space    used 765K, committed 896K, reserved 1048576K
}
Event: 1.105 GC heap after
{Heap after GC invocations=2 (full 0):
 garbage-first heap   total reserved 2043904K, committed 129024K, used 4171K [0x0000000083400000, 0x0000000100000000)
  region size 1024K, 1 young (1024K), 1 survivors (1024K)
 Metaspace       used 6242K, committed 6464K, reserved 1114112K
  class space    used 765K, committed 896K, reserved 1048576K
}
Event: 2.167 GC heap before
{Heap before GC invocations=2 (full 0):
 garbage-first heap   total reserved 2043904K, committed 129024K, used 38987K [0x0000000083400000, 0x0000000100000000)
  region size 1024K, 35 young (35840K), 1 survivors (1024K)
 Metaspace       used 11780K, committed 12032K, reserved 1114112K
  class space    used 1470K, committed 1600K, reserved 1048576K
}
Event: 2.172 GC heap after
{Heap after GC invocations=3 (full 0):
 garbage-first heap   total reserved 2043904K, committed 129024K, used 6400K [0x0000000083400000, 0x0000000100000000)
  region size 1024K, 3 young (3072K), 3 survivors (3072K)
 Metaspace       used 11780K, committed 12032K, reserved 1114112K
  class space    used 1470K, committed 1600K, reserved 1048576K
}
Event: 3.472 GC heap before
{Heap before GC invocations=3 (full 0):
 garbage-first heap   total reserved 2043904K, committed 129024K, used 46336K [0x0000000083400000, 0x0000000100000000)
  region size 1024K, 42 young (43008K), 3 survivors (3072K)
 Metaspace       used 15826K, committed 16064K, reserved 1114112K
  class space    used 1932K, committed 2048K, reserved 1048576K
}
Event: 3.483 GC heap after
{Heap after GC invocations=4 (full 0):
 garbage-first heap   total reserved 2043904K, committed 129024K, used 11204K [0x0000000083400000, 0x0000000100000000)
  region size 1024K, 6 young (6144K), 6 survivors (6144K)
 Metaspace       used 15826K, committed 16064K, reserved 1114112K
  class space    used 1932K, committed 2048K, reserved 1048576K
}
Event: 4.439 GC heap before
{Heap before GC invocations=4 (full 0):
 garbage-first heap   total reserved 2043904K, committed 129024K, used 56260K [0x0000000083400000, 0x0000000100000000)
  region size 1024K, 50 young (51200K), 6 survivors (6144K)
 Metaspace       used 16383K, committed 16640K, reserved 1114112K
  class space    used 1956K, committed 2048K, reserved 1048576K
}
Event: 4.450 GC heap after
{Heap after GC invocations=5 (full 0):
 garbage-first heap   total reserved 2043904K, committed 129024K, used 15018K [0x0000000083400000, 0x0000000100000000)
  region size 1024K, 4 young (4096K), 4 survivors (4096K)
 Metaspace       used 16383K, committed 16640K, reserved 1114112K
  class space    used 1956K, committed 2048K, reserved 1048576K
}
Event: 6.226 GC heap before
{Heap before GC invocations=5 (full 0):
 garbage-first heap   total reserved 2043904K, committed 129024K, used 103082K [0x0000000083400000, 0x0000000100000000)
  region size 1024K, 55 young (56320K), 4 survivors (4096K)
 Metaspace       used 21269K, committed 21504K, reserved 1114112K
  class space    used 2558K, committed 2688K, reserved 1048576K
}
Event: 6.236 GC heap after
{Heap after GC invocations=6 (full 0):
 garbage-first heap   total reserved 2043904K, committed 129024K, used 24804K [0x0000000083400000, 0x0000000100000000)
  region size 1024K, 9 young (9216K), 9 survivors (9216K)
 Metaspace       used 21269K, committed 21504K, reserved 1114112K
  class space    used 2558K, committed 2688K, reserved 1048576K
}

Dll operation events (8 events):
Event: 0.009 Loaded shared library C:\Program Files\Java\jdk-23\bin\java.dll
Event: 0.040 Loaded shared library C:\Program Files\Java\jdk-23\bin\jsvml.dll
Event: 0.063 Loaded shared library C:\Program Files\Java\jdk-23\bin\net.dll
Event: 0.065 Loaded shared library C:\Program Files\Java\jdk-23\bin\nio.dll
Event: 0.069 Loaded shared library C:\Program Files\Java\jdk-23\bin\zip.dll
Event: 0.200 Loaded shared library C:\workspace\apache-maven-3.9.9-bin\apache-maven-3.9.9\lib\jansi-native\Windows\x86_64\jansi.dll
Event: 0.202 Loaded shared library C:\Program Files\Java\jdk-23\bin\jimage.dll
Event: 0.219 Loaded shared library C:\Program Files\Java\jdk-23\bin\verify.dll

Deoptimization events (20 events):
Event: 6.891 Thread 0x00000207232621a0 Uncommon trap: trap_request=0xffffffbe fr.pc=0x0000020735a59c58 relative=0x0000000000000058
Event: 6.891 Thread 0x00000207232621a0 Uncommon trap: reason=profile_predicate action=maybe_recompile pc=0x0000020735a59c58 method=jdk.nio.zipfs.ZipPath.getResolved()[B @ 8 c2
Event: 6.891 Thread 0x00000207232621a0 DEOPT PACKING pc=0x0000020735a59c58 sp=0x000000a5bdbfce00
Event: 6.891 Thread 0x00000207232621a0 DEOPT UNPACKING pc=0x00000207352d7982 sp=0x000000a5bdbfcd88 mode 2
Event: 6.893 Thread 0x00000207232621a0 Uncommon trap: trap_request=0xffffffbe fr.pc=0x0000020735a59c58 relative=0x0000000000000058
Event: 6.893 Thread 0x00000207232621a0 Uncommon trap: reason=profile_predicate action=maybe_recompile pc=0x0000020735a59c58 method=jdk.nio.zipfs.ZipPath.getResolved()[B @ 8 c2
Event: 6.893 Thread 0x00000207232621a0 DEOPT PACKING pc=0x0000020735a59c58 sp=0x000000a5bdbfce00
Event: 6.893 Thread 0x00000207232621a0 DEOPT UNPACKING pc=0x00000207352d7982 sp=0x000000a5bdbfcd88 mode 2
Event: 6.893 Thread 0x00000207232621a0 Uncommon trap: trap_request=0xffffffbe fr.pc=0x0000020735a59c58 relative=0x0000000000000058
Event: 6.893 Thread 0x00000207232621a0 Uncommon trap: reason=profile_predicate action=maybe_recompile pc=0x0000020735a59c58 method=jdk.nio.zipfs.ZipPath.getResolved()[B @ 8 c2
Event: 6.893 Thread 0x00000207232621a0 DEOPT PACKING pc=0x0000020735a59c58 sp=0x000000a5bdbfce00
Event: 6.893 Thread 0x00000207232621a0 DEOPT UNPACKING pc=0x00000207352d7982 sp=0x000000a5bdbfcd88 mode 2
Event: 6.905 Thread 0x00000207232621a0 Uncommon trap: trap_request=0xffffffbe fr.pc=0x0000020735a5971c relative=0x000000000000027c
Event: 6.905 Thread 0x00000207232621a0 Uncommon trap: reason=profile_predicate action=maybe_recompile pc=0x0000020735a5971c method=java.util.LinkedHashMap.valuesToArray([Ljava/lang/Object;Z)[Ljava/lang/Object; @ 51 c2
Event: 6.905 Thread 0x00000207232621a0 DEOPT PACKING pc=0x0000020735a5971c sp=0x000000a5bdbfcea0
Event: 6.905 Thread 0x00000207232621a0 DEOPT UNPACKING pc=0x00000207352d7982 sp=0x000000a5bdbfce58 mode 2
Event: 6.924 Thread 0x00000207232621a0 Uncommon trap: trap_request=0xffffffbe fr.pc=0x0000020735a5971c relative=0x000000000000027c
Event: 6.924 Thread 0x00000207232621a0 Uncommon trap: reason=profile_predicate action=maybe_recompile pc=0x0000020735a5971c method=java.util.LinkedHashMap.valuesToArray([Ljava/lang/Object;Z)[Ljava/lang/Object; @ 51 c2
Event: 6.924 Thread 0x00000207232621a0 DEOPT PACKING pc=0x0000020735a5971c sp=0x000000a5bdbfcea0
Event: 6.924 Thread 0x00000207232621a0 DEOPT UNPACKING pc=0x00000207352d7982 sp=0x000000a5bdbfce58 mode 2

Classes loaded (20 events):
Event: 6.685 Loading class java/util/ImmutableCollections$Access
Event: 6.685 Loading class java/util/ImmutableCollections$Access done
Event: 6.685 Loading class java/util/ImmutableCollections$Access$1
Event: 6.685 Loading class jdk/internal/access/JavaUtilCollectionAccess
Event: 6.685 Loading class jdk/internal/access/JavaUtilCollectionAccess done
Event: 6.685 Loading class java/util/ImmutableCollections$Access$1 done
Event: 6.763 Loading class java/util/regex/Pattern$Bound
Event: 6.763 Loading class java/util/regex/Pattern$Bound done
Event: 6.843 Loading class java/util/RegularEnumSet$EnumSetIterator
Event: 6.843 Loading class java/util/RegularEnumSet$EnumSetIterator done
Event: 6.844 Loading class java/nio/file/FileVisitor
Event: 6.844 Loading class java/nio/file/FileVisitor done
Event: 6.845 Loading class sun/nio/fs/WindowsFileStore
Event: 6.845 Loading class sun/nio/fs/WindowsFileStore done
Event: 6.848 Loading class java/nio/file/SimpleFileVisitor
Event: 6.849 Loading class java/nio/file/SimpleFileVisitor done
Event: 6.849 Loading class java/nio/file/Files$3
Event: 6.849 Loading class java/nio/file/Files$3 done
Event: 6.849 Loading class java/nio/file/FileVisitResult
Event: 6.849 Loading class java/nio/file/FileVisitResult done

Classes unloaded (0 events):
No events

Classes redefined (0 events):
No events

Internal exceptions (20 events):
Event: 5.754 Thread 0x00000207232621a0 Exception <a 'java/lang/NoSuchMethodError'{0x00000000891740e8}: 'void java.lang.invoke.DirectMethodHandle$Holder.invokeInterface(java.lang.Object, java.lang.Object, java.lang.Object)'> (0x00000000891740e8) 
thrown [s\open\src\hotspot\share\interpreter\linkResolver.cpp, line 796]
Event: 5.885 Thread 0x00000207232621a0 Exception <a 'java/lang/NoSuchMethodError'{0x0000000088f06858}: 'int java.lang.invoke.DirectMethodHandle$Holder.invokeInterface(java.lang.Object, java.lang.Object)'> (0x0000000088f06858) 
thrown [s\open\src\hotspot\share\interpreter\linkResolver.cpp, line 796]
Event: 6.052 Thread 0x00000207232621a0 Exception <a 'java/lang/NoSuchMethodError'{0x0000000088833498}: 'int java.lang.invoke.DirectMethodHandle$Holder.invokeVirtual(java.lang.Object, java.lang.Object, java.lang.Object)'> (0x0000000088833498) 
thrown [s\open\src\hotspot\share\interpreter\linkResolver.cpp, line 796]
Event: 6.055 Thread 0x00000207232621a0 Exception <a 'java/lang/NoSuchMethodError'{0x0000000088840300}: 'int java.lang.invoke.DirectMethodHandle$Holder.invokeStaticInit(java.lang.Object, java.lang.Object, java.lang.Object)'> (0x0000000088840300) 
thrown [s\open\src\hotspot\share\interpreter\linkResolver.cpp, line 796]
Event: 6.180 Thread 0x00000207232621a0 Exception <a 'java/lang/NoSuchMethodError'{0x0000000087b5b920}: 'java.lang.Object java.lang.invoke.DirectMethodHandle$Holder.invokeStatic(java.lang.Object, int, java.lang.Object)'> (0x0000000087b5b920) 
thrown [s\open\src\hotspot\share\interpreter\linkResolver.cpp, line 796]
Event: 6.200 Thread 0x00000207232621a0 Exception <a 'sun/nio/fs/WindowsException'{0x0000000087b8bdc0}> (0x0000000087b8bdc0) 
thrown [s\open\src\hotspot\share\prims\jni.cpp, line 520]
Event: 6.496 Thread 0x00000207232621a0 Exception <a 'java/lang/NoSuchMethodError'{0x000000008865dca8}: 'java.lang.Object java.lang.invoke.DirectMethodHandle$Holder.newInvokeSpecial(java.lang.Object, java.lang.Object, java.lang.Object, java.lang.Object, java.lang.Object, java.lang.Object)'> (0x000000008865dca8) 
thrown [s\open\src\hotspot\share\interpreter\linkResolver.cpp, line 796]
Event: 6.507 Thread 0x00000207232621a0 Exception <a 'java/lang/NoSuchMethodError'{0x000000008866eff0}: 'java.lang.Object java.lang.invoke.DirectMethodHandle$Holder.invokeStaticInit(java.lang.Object, java.lang.Object, java.lang.Object, java.lang.Object, java.lang.Object, java.lang.Object, java.lang.Object)'> (0x000000008866eff0) 
thrown [s\open\src\hotspot\share\interpreter\linkResolver.cpp, line 796]
Event: 6.510 Thread 0x00000207232621a0 Exception <a 'java/lang/NoSuchMethodError'{0x0000000088678308}: 'int java.lang.invoke.DirectMethodHandle$Holder.invokeStaticInit(java.lang.Object, int, int)'> (0x0000000088678308) 
thrown [s\open\src\hotspot\share\interpreter\linkResolver.cpp, line 796]
Event: 6.514 Thread 0x00000207232621a0 Exception <a 'java/lang/NoSuchMethodError'{0x000000008867fca0}: 'int java.lang.invoke.DirectMethodHandle$Holder.invokeStaticInit(java.lang.Object, long, long)'> (0x000000008867fca0) 
thrown [s\open\src\hotspot\share\interpreter\linkResolver.cpp, line 796]
Event: 6.516 Thread 0x00000207232621a0 Exception <a 'java/lang/NoSuchMethodError'{0x00000000886868f8}: 'int java.lang.invoke.DirectMethodHandle$Holder.invokeStaticInit(java.lang.Object, float, float)'> (0x00000000886868f8) 
thrown [s\open\src\hotspot\share\interpreter\linkResolver.cpp, line 796]
Event: 6.522 Thread 0x00000207232621a0 Exception <a 'java/lang/NoSuchMethodError'{0x000000008868d548}: 'int java.lang.invoke.DirectMethodHandle$Holder.invokeStaticInit(java.lang.Object, double, double)'> (0x000000008868d548) 
thrown [s\open\src\hotspot\share\interpreter\linkResolver.cpp, line 796]
Event: 6.523 Thread 0x00000207232621a0 Exception <a 'java/lang/NoSuchMethodError'{0x0000000088691c30}: 'int java.lang.invoke.DirectMethodHandle$Holder.invokeStatic(java.lang.Object, long)'> (0x0000000088691c30) 
thrown [s\open\src\hotspot\share\interpreter\linkResolver.cpp, line 796]
Event: 6.528 Thread 0x00000207232621a0 Exception <a 'java/lang/NoSuchMethodError'{0x00000000886c0b50}: 'int java.lang.invoke.Invokers$Holder.linkToTargetMethod(java.lang.Object, java.lang.Object)'> (0x00000000886c0b50) 
thrown [s\open\src\hotspot\share\interpreter\linkResolver.cpp, line 796]
Event: 6.562 Thread 0x00000207232621a0 Exception <a 'sun/nio/fs/WindowsException'{0x000000008850ca40}> (0x000000008850ca40) 
thrown [s\open\src\hotspot\share\prims\jni.cpp, line 520]
Event: 6.762 Thread 0x00000207232621a0 Exception <a 'sun/nio/fs/WindowsException'{0x00000000880f4d88}> (0x00000000880f4d88) 
thrown [s\open\src\hotspot\share\prims\jni.cpp, line 520]
Event: 6.763 Thread 0x00000207232621a0 Exception <a 'sun/nio/fs/WindowsException'{0x00000000880f59d8}> (0x00000000880f59d8) 
thrown [s\open\src\hotspot\share\prims\jni.cpp, line 520]
Event: 6.763 Thread 0x00000207232621a0 Exception <a 'sun/nio/fs/WindowsException'{0x00000000880f66c0}> (0x00000000880f66c0) 
thrown [s\open\src\hotspot\share\prims\jni.cpp, line 520]
Event: 6.795 Thread 0x00000207232621a0 Exception <a 'java/lang/NoSuchMethodError'{0x0000000087f42eb0}: 'java.lang.Object java.lang.invoke.DirectMethodHandle$Holder.invokeSpecial(java.lang.Object, java.lang.Object, java.lang.Object, int, int)'> (0x0000000087f42eb0) 
thrown [s\open\src\hotspot\share\interpreter\linkResolver.cpp, line 796]
Event: 6.796 Thread 0x00000207232621a0 Exception <a 'java/lang/NoSuchMethodError'{0x0000000087f493f0}: 'java.lang.Object java.lang.invoke.DirectMethodHandle$Holder.invokeVirtual(java.lang.Object, java.lang.Object, int)'> (0x0000000087f493f0) 
thrown [s\open\src\hotspot\share\interpreter\linkResolver.cpp, line 796]

VM Operations (20 events):
Event: 5.700 Executing VM operation: HandshakeAllThreads (Deoptimize)
Event: 5.700 Executing VM operation: HandshakeAllThreads (Deoptimize) done
Event: 5.814 Executing VM operation: HandshakeAllThreads (Deoptimize)
Event: 5.814 Executing VM operation: HandshakeAllThreads (Deoptimize) done
Event: 5.882 Executing VM operation: HandshakeAllThreads (Deoptimize)
Event: 5.882 Executing VM operation: HandshakeAllThreads (Deoptimize) done
Event: 5.894 Executing VM operation: HandshakeAllThreads (Deoptimize)
Event: 5.894 Executing VM operation: HandshakeAllThreads (Deoptimize) done
Event: 6.058 Executing VM operation: HandshakeAllThreads (Deoptimize)
Event: 6.058 Executing VM operation: HandshakeAllThreads (Deoptimize) done
Event: 6.060 Executing VM operation: HandshakeAllThreads (Deoptimize)
Event: 6.060 Executing VM operation: HandshakeAllThreads (Deoptimize) done
Event: 6.065 Executing VM operation: HandshakeAllThreads (Deoptimize)
Event: 6.065 Executing VM operation: HandshakeAllThreads (Deoptimize) done
Event: 6.226 Executing VM operation: CollectForMetadataAllocation (Metadata GC Threshold)
Event: 6.236 Executing VM operation: CollectForMetadataAllocation (Metadata GC Threshold) done
Event: 6.265 Executing VM operation: G1PauseRemark
Event: 6.270 Executing VM operation: G1PauseRemark done
Event: 6.278 Executing VM operation: G1PauseCleanup
Event: 6.278 Executing VM operation: G1PauseCleanup done

Memory protections (0 events):
No events

Nmethod flushes (0 events):
No events

Events (19 events):
Event: 0.022 Thread 0x00000207232621a0 Thread added: 0x00000207232621a0
Event: 0.037 Thread 0x00000207232621a0 Thread added: 0x0000020741931380
Event: 0.037 Thread 0x00000207232621a0 Thread added: 0x00000207419347b0
Event: 0.037 Thread 0x00000207232621a0 Thread added: 0x00000207419370f0
Event: 0.037 Thread 0x00000207232621a0 Thread added: 0x0000020741937c40
Event: 0.037 Thread 0x00000207232621a0 Thread added: 0x0000020741938790
Event: 0.037 Thread 0x00000207232621a0 Thread added: 0x000002074193ca40
Event: 0.037 Thread 0x00000207232621a0 Thread added: 0x000002074193d9f0
Event: 0.037 Thread 0x00000207232621a0 Thread added: 0x00000207419406d0
Event: 0.058 Thread 0x00000207232621a0 Thread added: 0x0000020741a8ac90
Event: 0.060 Thread 0x00000207232621a0 Thread added: 0x0000020741a91350
Event: 0.197 Thread 0x00000207232621a0 Thread added: 0x0000020741d166d0
Event: 0.209 Thread 0x0000020741d166d0 Thread exited: 0x0000020741d166d0
Event: 0.825 Thread 0x00000207419406d0 Thread added: 0x0000020787ad0fd0
Event: 1.096 Thread 0x0000020787ad0fd0 Thread exited: 0x0000020787ad0fd0
Event: 2.517 Thread 0x00000207232621a0 Thread added: 0x0000020787d163a0
Event: 2.658 Thread 0x00000207419406d0 Thread added: 0x0000020787faa210
Event: 6.620 Thread 0x0000020787faa210 Thread exited: 0x0000020787faa210
Event: 6.725 Thread 0x00000207419406d0 Thread added: 0x0000020788dc59c0


Dynamic libraries:
0x00007ff743340000 - 0x00007ff743350000 	C:\Program Files\Java\jdk-23\bin\java.exe
0x00007ffaf1330000 - 0x00007ffaf1547000 	C:\WINDOWS\SYSTEM32\ntdll.dll
0x00007ffaf0350000 - 0x00007ffaf0414000 	C:\WINDOWS\System32\KERNEL32.DLL
0x00007ffaee6c0000 - 0x00007ffaeea77000 	C:\WINDOWS\System32\KERNELBASE.dll
0x00007ffaeeab0000 - 0x00007ffaeebc1000 	C:\WINDOWS\System32\ucrtbase.dll
0x00007ffac0260000 - 0x00007ffac0277000 	C:\Program Files\Java\jdk-23\bin\jli.dll
0x00007ffac0280000 - 0x00007ffac029b000 	C:\Program Files\Java\jdk-23\bin\VCRUNTIME140.dll
0x00007ffaf0cf0000 - 0x00007ffaf0e9f000 	C:\WINDOWS\System32\USER32.dll
0x00007ffad5f60000 - 0x00007ffad61f3000 	C:\WINDOWS\WinSxS\amd64_microsoft.windows.common-controls_6595b64144ccf1df_6.0.22621.3672_none_2713b9d173822955\COMCTL32.dll
0x00007ffaeee50000 - 0x00007ffaeee76000 	C:\WINDOWS\System32\win32u.dll
0x00007ffaf0220000 - 0x00007ffaf02c7000 	C:\WINDOWS\System32\msvcrt.dll
0x00007ffaf01e0000 - 0x00007ffaf0209000 	C:\WINDOWS\System32\GDI32.dll
0x00007ffaeee80000 - 0x00007ffaeef98000 	C:\WINDOWS\System32\gdi32full.dll
0x00007ffaeebd0000 - 0x00007ffaeec6a000 	C:\WINDOWS\System32\msvcp_win.dll
0x00007ffaf00d0000 - 0x00007ffaf0101000 	C:\WINDOWS\System32\IMM32.DLL
0x00007ffadb6d0000 - 0x00007ffadb6dc000 	C:\Program Files\Java\jdk-23\bin\vcruntime140_1.dll
0x00007ffa85610000 - 0x00007ffa8569e000 	C:\Program Files\Java\jdk-23\bin\msvcp140.dll
0x00007ffa23df0000 - 0x00007ffa24b3f000 	C:\Program Files\Java\jdk-23\bin\server\jvm.dll
0x00007ffaf1230000 - 0x00007ffaf12e2000 	C:\WINDOWS\System32\ADVAPI32.dll
0x00007ffaf0c20000 - 0x00007ffaf0cc8000 	C:\WINDOWS\System32\sechost.dll
0x00007ffaeea80000 - 0x00007ffaeeaa8000 	C:\WINDOWS\System32\bcrypt.dll
0x00007ffaefb90000 - 0x00007ffaefca4000 	C:\WINDOWS\System32\RPCRT4.dll
0x00007ffaefe70000 - 0x00007ffaefee1000 	C:\WINDOWS\System32\WS2_32.dll
0x00007ffaee510000 - 0x00007ffaee55d000 	C:\WINDOWS\SYSTEM32\POWRPROF.dll
0x00007ffae6960000 - 0x00007ffae6994000 	C:\WINDOWS\SYSTEM32\WINMM.dll
0x00007ffae6640000 - 0x00007ffae664a000 	C:\WINDOWS\SYSTEM32\VERSION.dll
0x00007ffaee4f0000 - 0x00007ffaee503000 	C:\WINDOWS\SYSTEM32\UMPDC.dll
0x00007ffaed690000 - 0x00007ffaed6a8000 	C:\WINDOWS\SYSTEM32\kernel.appcore.dll
0x00007ffaceee0000 - 0x00007ffaceeea000 	C:\Program Files\Java\jdk-23\bin\jimage.dll
0x00007ffadbc30000 - 0x00007ffadbe62000 	C:\WINDOWS\SYSTEM32\DBGHELP.DLL
0x00007ffaf0ea0000 - 0x00007ffaf122e000 	C:\WINDOWS\System32\combase.dll
0x00007ffaf04b0000 - 0x00007ffaf0587000 	C:\WINDOWS\System32\OLEAUT32.dll
0x00007ffaccda0000 - 0x00007ffaccdd2000 	C:\WINDOWS\SYSTEM32\dbgcore.DLL
0x00007ffaee640000 - 0x00007ffaee6bb000 	C:\WINDOWS\System32\bcryptPrimitives.dll
0x00007ffabf270000 - 0x00007ffabf28e000 	C:\Program Files\Java\jdk-23\bin\java.dll
0x00007ffaefcc0000 - 0x00007ffaefe65000 	C:\WINDOWS\System32\ole32.dll
0x00007ffaef160000 - 0x00007ffaef9c9000 	C:\WINDOWS\System32\SHELL32.dll
0x00007ffaec5b0000 - 0x00007ffaeceaf000 	C:\WINDOWS\SYSTEM32\windows.storage.dll
0x00007ffaec470000 - 0x00007ffaec5af000 	C:\WINDOWS\SYSTEM32\wintypes.dll
0x00007ffaf0b20000 - 0x00007ffaf0c19000 	C:\WINDOWS\System32\SHCORE.dll
0x00007ffaf0640000 - 0x00007ffaf069e000 	C:\WINDOWS\System32\shlwapi.dll
0x00007ffaee570000 - 0x00007ffaee597000 	C:\WINDOWS\SYSTEM32\profapi.dll
0x00007ffa5b460000 - 0x00007ffa5b537000 	C:\Program Files\Java\jdk-23\bin\jsvml.dll
0x00007ffacee80000 - 0x00007ffacee90000 	C:\Program Files\Java\jdk-23\bin\net.dll
0x00007ffaedb00000 - 0x00007ffaedb69000 	C:\WINDOWS\system32\mswsock.dll
0x00007ffabf160000 - 0x00007ffabf176000 	C:\Program Files\Java\jdk-23\bin\nio.dll
0x00007ffabf140000 - 0x00007ffabf157000 	C:\Program Files\Java\jdk-23\bin\zip.dll
0x00007ffa6d000000 - 0x00007ffa6d024000 	C:\workspace\apache-maven-3.9.9-bin\apache-maven-3.9.9\lib\jansi-native\Windows\x86_64\jansi.dll
0x00007ffacbf00000 - 0x00007ffacbf10000 	C:\Program Files\Java\jdk-23\bin\verify.dll

dbghelp: loaded successfully - version: 4.0.5 - missing functions: none
symbol engine: initialized successfully - sym options: 0x614 - pdb path: .;C:\Program Files\Java\jdk-23\bin;C:\WINDOWS\SYSTEM32;C:\WINDOWS\WinSxS\amd64_microsoft.windows.common-controls_6595b64144ccf1df_6.0.22621.3672_none_2713b9d173822955;C:\Program Files\Java\jdk-23\bin\server;C:\workspace\apache-maven-3.9.9-bin\apache-maven-3.9.9\lib\jansi-native\Windows\x86_64

VM Arguments:
jvm_args: -Dclassworlds.conf=C:\workspace\apache-maven-3.9.9-bin\apache-maven-3.9.9\bin\m2.conf -Dmaven.home=C:\workspace\apache-maven-3.9.9-bin\apache-maven-3.9.9 -Dlibrary.jansi.path=C:\workspace\apache-maven-3.9.9-bin\apache-maven-3.9.9\lib\jansi-native -Dmaven.multiModuleProjectDirectory=C:\Users\acer\OneDrive\Documentos\GitHub\Proyect\Proyecto-main\proyecto\demo 
java_command: org.codehaus.plexus.classworlds.launcher.Launcher test
java_class_path (initial): C:\workspace\apache-maven-3.9.9-bin\apache-maven-3.9.9\boot\plexus-classworlds-2.8.0.jar
Launcher Type: SUN_STANDARD

[Global flags]
     intx CICompilerCount                          = 3                                         {product} {ergonomic}
     uint ConcGCThreads                            = 1                                         {product} {ergonomic}
     uint G1ConcRefinementThreads                  = 4                                         {product} {ergonomic}
   size_t G1HeapRegionSize                         = 1048576                                   {product} {ergonomic}
   size_t InitialHeapSize                          = 132120576                                 {product} {ergonomic}
   size_t MarkStackSize                            = 4194304                                   {product} {ergonomic}
   size_t MarkStackSizeMax                         = 536870912                                 {product} {ergonomic}
   size_t MaxHeapSize                              = 2092957696                                {product} {ergonomic}
   size_t MaxNewSize                               = 1255145472                                {product} {ergonomic}
   size_t MinHeapDeltaBytes                        = 1048576                                   {product} {ergonomic}
   size_t MinHeapSize                              = 8388608                                   {product} {ergonomic}
    uintx NonNMethodCodeHeapSize                   = 5832704                                {pd product} {ergonomic}
    uintx NonProfiledCodeHeapSize                  = 122945536                              {pd product} {ergonomic}
    uintx ProfiledCodeHeapSize                     = 122880000                              {pd product} {ergonomic}
    uintx ReservedCodeCacheSize                    = 251658240                              {pd product} {ergonomic}
     bool SegmentedCodeCache                       = true                                      {product} {ergonomic}
   size_t SoftMaxHeapSize                          = 2092957696                             {manageable} {ergonomic}
     bool UseCompressedOops                        = true                           {product lp64_product} {ergonomic}
     bool UseG1GC                                  = true                                      {product} {ergonomic}
     bool UseLargePagesIndividualAllocation        = false                                  {pd product} {ergonomic}

Logging:
Log output configuration:
 #0: stdout all=warning uptime,level,tags foldmultilines=false
 #1: stderr all=off uptime,level,tags foldmultilines=false

Environment Variables:
CLASSPATH=.;.;C:\PROGRA~2\JMF21~1.1E\lib\sound.jar;C:\PROGRA~2\JMF21~1.1E\lib\jmf.jar;C:\PROGRA~2\JMF21~1.1E\lib;
PATH=C:\Program Files\Common Files\Oracle\Java\javapath;C:\WINDOWS\system32;C:\WINDOWS;C:\WINDOWS\System32\Wbem;C:\WINDOWS\System32\WindowsPowerShell\v1.0\;C:\WINDOWS\System32\OpenSSH\;C:\Program Files\Git\cmd;C:\Users\acer\OneDrive\Escritorio\sablecc-3.7\sablecc-3.7\bin;C:\Program Files (x86)\Microsoft SQL Server\160\Tools\Binn\;C:\Program Files\Microsoft SQL Server\160\Tools\Binn\;C:\Program Files\Microsoft SQL Server\Client SDK\ODBC\170\Tools\Binn\;C:\Program Files\Microsoft SQL Server\160\DTS\Binn\;C:\Program Files (x86)\Microsoft SQL Server\160\DTS\Binn\;C:\workspace\apache-maven-3.9.9-bin\apache-maven-3.9.9\bin;C:\Users\acer\AppData\Local\Programs\Python\Python312\Scripts\;C:\Users\acer\AppData\Local\Programs\Python\Python312\;C:\Users\acer\AppData\Local\Microsoft\WindowsApps;C:\Program Files\JetBrains\IntelliJ IDEA 2021.2.1\bin;;C:\Users\acer\AppData\Local\Programs\Microsoft VS Code\bin;C:\Program Files\MySQL\MySQL Server 8.0\bin;C:\Users\acer\AppData\Local\GitHubDesktop\bin
USERNAME=acer
LANG=en_US.UTF-8
OS=Windows_NT
PROCESSOR_IDENTIFIER=Intel64 Family 6 Model 126 Stepping 5, GenuineIntel
TMP=C:\Users\acer\AppData\Local\Temp
TEMP=C:\Users\acer\AppData\Local\Temp




Periodic native trim disabled

---------------  S Y S T E M  ---------------

OS:
 Windows 11 , 64 bit Build 22621 (10.0.22621.3958)
OS uptime: 0 days 1:26 hours

CPU: total 4 (initial active 4) (2 cores per cpu, 2 threads per core) family 6 model 126 stepping 5 microcode 0x86, cx8, cmov, fxsr, ht, mmx, 3dnowpref, sse, sse2, sse3, ssse3, sse4.1, sse4.2, popcnt, lzcnt, tsc, tscinvbit, avx, avx2, aes, erms, clmul, bmi1, bmi2, adx, avx512f, avx512dq, avx512cd, avx512bw, avx512vl, sha, fma, vzeroupper, avx512_vpopcntdq, avx512_vpclmulqdq, avx512_vaes, avx512_vnni, clflush, clflushopt, avx512_vbmi2, avx512_vbmi, rdtscp, rdpid, fsrm, gfni, avx512_bitalg, f16c, pku, avx512_ifma
Processor Information for the first 4 processors :
  Max Mhz: 1190, Current Mhz: 1190, Mhz Limit: 1190

Memory: 4k page, system-wide physical 7981M (732M free)
TotalPageFile size 12516M (AvailPageFile size 0M)
current process WorkingSet (physical memory assigned to process): 199M, peak: 214M
current process commit charge ("private bytes"): 233M, peak: 270M

vm_info: Java HotSpot(TM) 64-Bit Server VM (23.0.1+11-39) for windows-amd64 JRE (23.0.1+11-39), built on 2024-09-30T07:20:43Z with MS VC++ 17.6 (VS2022)

END.
